-- The C compiler identification is GNU 11.4.0
-- The CXX compiler identification is GNU 11.4.0
-- Detecting C compiler ABI info
-- Detecting C compiler ABI info - done
-- Check for working C compiler: /usr/bin/cc - skipped
-- Detecting C compile features
-- Detecting C compile features - done
-- Detecting CXX compiler ABI info
-- Detecting CXX compiler ABI info - done
-- Check for working CXX compiler: /usr/bin/c++ - skipped
-- Detecting CXX compile features
-- Detecting CXX compile features - done
-- Found ament_cmake: 1.3.12 (/opt/ros/humble/share/ament_cmake/cmake)
-- Found Python3: /usr/bin/python3 (found version "3.10.12") found components: Interpreter 
-- Found geometry_msgs: 4.9.0 (/opt/ros/humble/share/geometry_msgs/cmake)
-- Found rosidl_generator_c: 3.1.7 (/opt/ros/humble/share/rosidl_generator_c/cmake)
-- Found rosidl_adapter: 3.1.7 (/opt/ros/humble/share/rosidl_adapter/cmake)
-- Found rosidl_generator_cpp: 3.1.7 (/opt/ros/humble/share/rosidl_generator_cpp/cmake)
-- Using all available rosidl_typesupport_c: rosidl_typesupport_fastrtps_c;rosidl_typesupport_introspection_c
-- Using all available rosidl_typesupport_cpp: rosidl_typesupport_fastrtps_cpp;rosidl_typesupport_introspection_cpp
-- Found rosidl_default_generators: 1.2.0 (/opt/ros/humble/share/rosidl_default_generators/cmake)
-- Found ament_cmake_ros: 0.10.0 (/opt/ros/humble/share/ament_cmake_ros/cmake)
-- Using all available rosidl_typesupport_c: rosidl_typesupport_fastrtps_c;rosidl_typesupport_introspection_c
-- Using all available rosidl_typesupport_cpp: rosidl_typesupport_fastrtps_cpp;rosidl_typesupport_introspection_cpp
-- Found PythonInterp: /usr/bin/python3 (found suitable version "3.10.12", minimum required is "3.6") 
-- Found python_cmake_module: 0.10.0 (/opt/ros/humble/share/python_cmake_module/cmake)
-- Found PythonLibs: /usr/lib/x86_64-linux-gnu/libpython3.10.so (found suitable version "3.10.12", minimum required is "3.5") 
-- Using PYTHON_EXECUTABLE: /usr/bin/python3
-- Using PYTHON_INCLUDE_DIRS: /usr/include/python3.10
-- Using PYTHON_LIBRARIES: /usr/lib/x86_64-linux-gnu/libpython3.10.so
-- Found PythonExtra: .so  
-- Found ament_lint_auto: 0.12.14 (/opt/ros/humble/share/ament_lint_auto/cmake)
-- Added test 'cppcheck' to perform static code analysis on C / C++ code
-- Configured cppcheck include dirs: 
-- Configured cppcheck exclude dirs and/or files: 
-- Added test 'flake8' to check Python code syntax and style conventions
-- Added test 'lint_cmake' to check CMake code style
-- Added test 'pep257' to check Python code against some of the docstring style conventions in PEP 257
-- Added test 'uncrustify' to check C / C++ code style
-- Configured uncrustify additional arguments: 
-- Added test 'xmllint' to check XML markup files
-- Configuring done
-- Generating done
-- Build files have been written to: /home/student/Documents/formation_ros2/ros2_ws/src/build/srv
[  2%] [34m[1mGenerating C code for ROS interfaces[0m
[  4%] [34m[1mGenerating C++ code for ROS interfaces[0m
[  4%] Built target ament_cmake_python_copy_srv
[  4%] Built target srv__cpp
running egg_info
[  6%] [34m[1mGenerating C++ introspection for ROS interfaces[0m
creating srv.egg-info
writing srv.egg-info/PKG-INFO
[  8%] [34m[1mGenerating C++ type support dispatch for ROS interfaces[0m
writing dependency_links to srv.egg-info/dependency_links.txt
[ 10%] [34m[1mGenerating C++ type support for eProsima Fast-RTPS[0m
writing top-level names to srv.egg-info/top_level.txt
writing manifest file 'srv.egg-info/SOURCES.txt'
reading manifest file 'srv.egg-info/SOURCES.txt'
writing manifest file 'srv.egg-info/SOURCES.txt'
[ 10%] Built target ament_cmake_python_build_srv_egg
[ 12%] [32mBuilding C object CMakeFiles/srv__rosidl_generator_c.dir/rosidl_generator_c/srv/msg/detail/num__functions.c.o[0m
[ 17%] [32mBuilding C object CMakeFiles/srv__rosidl_generator_c.dir/rosidl_generator_c/srv/msg/detail/sphere__functions.c.o[0m
[ 17%] [32mBuilding C object CMakeFiles/srv__rosidl_generator_c.dir/rosidl_generator_c/srv/srv/detail/add_three_ints__functions.c.o[0m
[ 19%] [32m[1mLinking C shared library libsrv__rosidl_generator_c.so[0m
[ 19%] Built target srv__rosidl_generator_c
[ 21%] [34m[1mGenerating C introspection for ROS interfaces[0m
[ 23%] [34m[1mGenerating C type support dispatch for ROS interfaces[0m
[ 25%] [34m[1mGenerating C type support for eProsima Fast-RTPS[0m
[ 27%] [32mBuilding CXX object CMakeFiles/srv__rosidl_typesupport_cpp.dir/rosidl_typesupport_cpp/srv/msg/num__type_support.cpp.o[0m
[ 29%] [32mBuilding CXX object CMakeFiles/srv__rosidl_typesupport_cpp.dir/rosidl_typesupport_cpp/srv/msg/sphere__type_support.cpp.o[0m
[ 31%] [32mBuilding CXX object CMakeFiles/srv__rosidl_typesupport_cpp.dir/rosidl_typesupport_cpp/srv/srv/add_three_ints__type_support.cpp.o[0m
[ 34%] [32mBuilding CXX object CMakeFiles/srv__rosidl_typesupport_introspection_cpp.dir/rosidl_typesupport_introspection_cpp/srv/msg/detail/num__type_support.cpp.o[0m
[ 36%] [32mBuilding CXX object CMakeFiles/srv__rosidl_typesupport_fastrtps_cpp.dir/rosidl_typesupport_fastrtps_cpp/srv/msg/detail/dds_fastrtps/num__type_support.cpp.o[0m
[ 38%] [32mBuilding CXX object CMakeFiles/srv__rosidl_typesupport_fastrtps_cpp.dir/rosidl_typesupport_fastrtps_cpp/srv/msg/detail/dds_fastrtps/sphere__type_support.cpp.o[0m
[ 40%] [32mBuilding CXX object CMakeFiles/srv__rosidl_typesupport_fastrtps_cpp.dir/rosidl_typesupport_fastrtps_cpp/srv/srv/detail/dds_fastrtps/add_three_ints__type_support.cpp.o[0m
[ 42%] [32mBuilding CXX object CMakeFiles/srv__rosidl_typesupport_c.dir/rosidl_typesupport_c/srv/msg/num__type_support.cpp.o[0m
[ 44%] [32mBuilding CXX object CMakeFiles/srv__rosidl_typesupport_c.dir/rosidl_typesupport_c/srv/srv/add_three_ints__type_support.cpp.o[0m
[ 46%] [32mBuilding CXX object CMakeFiles/srv__rosidl_typesupport_c.dir/rosidl_typesupport_c/srv/msg/sphere__type_support.cpp.o[0m
[ 48%] [32mBuilding CXX object CMakeFiles/srv__rosidl_typesupport_introspection_cpp.dir/rosidl_typesupport_introspection_cpp/srv/msg/detail/sphere__type_support.cpp.o[0m
[ 51%] [32m[1mLinking CXX shared library libsrv__rosidl_typesupport_c.so[0m
[ 51%] Built target srv__rosidl_typesupport_c
[ 53%] [32mBuilding CXX object CMakeFiles/srv__rosidl_typesupport_introspection_cpp.dir/rosidl_typesupport_introspection_cpp/srv/srv/detail/add_three_ints__type_support.cpp.o[0m
[ 55%] [32mBuilding C object CMakeFiles/srv__rosidl_typesupport_introspection_c.dir/rosidl_typesupport_introspection_c/srv/msg/detail/num__type_support.c.o[0m
[ 57%] [32mBuilding C object CMakeFiles/srv__rosidl_typesupport_introspection_c.dir/rosidl_typesupport_introspection_c/srv/msg/detail/sphere__type_support.c.o[0m
[ 59%] [32mBuilding CXX object CMakeFiles/srv__rosidl_typesupport_fastrtps_c.dir/rosidl_typesupport_fastrtps_c/srv/msg/detail/num__type_support_c.cpp.o[0m
[ 63%] [32mBuilding C object CMakeFiles/srv__rosidl_typesupport_introspection_c.dir/rosidl_typesupport_introspection_c/srv/srv/detail/add_three_ints__type_support.c.o[0m
[ 63%] [32mBuilding CXX object CMakeFiles/srv__rosidl_typesupport_fastrtps_c.dir/rosidl_typesupport_fastrtps_c/srv/msg/detail/sphere__type_support_c.cpp.o[0m
[ 65%] [32m[1mLinking C shared library libsrv__rosidl_typesupport_introspection_c.so[0m
[ 65%] Built target srv__rosidl_typesupport_introspection_c
[ 68%] [32mBuilding CXX object CMakeFiles/srv__rosidl_typesupport_fastrtps_c.dir/rosidl_typesupport_fastrtps_c/srv/srv/detail/add_three_ints__type_support_c.cpp.o[0m
[ 70%] [32m[1mLinking CXX shared library libsrv__rosidl_typesupport_fastrtps_c.so[0m
[ 70%] Built target srv__rosidl_typesupport_fastrtps_c
