[0.018s] Invoking command in '/home/student/Documents/formation_ros2/ros2_ws/src/build/srv': CMAKE_PREFIX_PATH=${CMAKE_PREFIX_PATH}:/home/student/Documents/formation_ros2/ros2_ws/src/install/ex1:/home/student/turtlebot3_ws/install/turtlebot3_teleop:/home/student/turtlebot3_ws/install/turtlebot3_example:/opt/ros/humble /usr/bin/cmake --build /home/student/Documents/formation_ros2/ros2_ws/src/build/srv -- -j8 -l8
[0.056s] Invoked command in '/home/student/Documents/formation_ros2/ros2_ws/src/build/srv' returned '0': CMAKE_PREFIX_PATH=${CMAKE_PREFIX_PATH}:/home/student/Documents/formation_ros2/ros2_ws/src/install/ex1:/home/student/turtlebot3_ws/install/turtlebot3_teleop:/home/student/turtlebot3_ws/install/turtlebot3_example:/opt/ros/humble /usr/bin/cmake --build /home/student/Documents/formation_ros2/ros2_ws/src/build/srv -- -j8 -l8
[0.070s] Invoking command in '/home/student/Documents/formation_ros2/ros2_ws/src/build/srv': CMAKE_PREFIX_PATH=${CMAKE_PREFIX_PATH}:/home/student/Documents/formation_ros2/ros2_ws/src/install/ex1:/home/student/turtlebot3_ws/install/turtlebot3_teleop:/home/student/turtlebot3_ws/install/turtlebot3_example:/opt/ros/humble /usr/bin/cmake --install /home/student/Documents/formation_ros2/ros2_ws/src/build/srv
[0.079s] -- Install configuration: ""
[0.079s] -- Up-to-date: /home/student/Documents/formation_ros2/ros2_ws/src/install/srv/share/ament_index/resource_index/package_run_dependencies/srv
[0.079s] -- Up-to-date: /home/student/Documents/formation_ros2/ros2_ws/src/install/srv/share/ament_index/resource_index/parent_prefix_path/srv
[0.079s] -- Up-to-date: /home/student/Documents/formation_ros2/ros2_ws/src/install/srv/share/srv/environment/ament_prefix_path.sh
[0.079s] -- Up-to-date: /home/student/Documents/formation_ros2/ros2_ws/src/install/srv/share/srv/environment/ament_prefix_path.dsv
[0.079s] -- Up-to-date: /home/student/Documents/formation_ros2/ros2_ws/src/install/srv/share/srv/environment/path.sh
[0.080s] -- Up-to-date: /home/student/Documents/formation_ros2/ros2_ws/src/install/srv/share/srv/environment/path.dsv
[0.080s] -- Up-to-date: /home/student/Documents/formation_ros2/ros2_ws/src/install/srv/share/srv/local_setup.bash
[0.080s] -- Up-to-date: /home/student/Documents/formation_ros2/ros2_ws/src/install/srv/share/srv/local_setup.sh
[0.080s] -- Up-to-date: /home/student/Documents/formation_ros2/ros2_ws/src/install/srv/share/srv/local_setup.zsh
[0.080s] -- Up-to-date: /home/student/Documents/formation_ros2/ros2_ws/src/install/srv/share/srv/local_setup.dsv
[0.080s] -- Installing: /home/student/Documents/formation_ros2/ros2_ws/src/install/srv/share/srv/package.dsv
[0.081s] -- Up-to-date: /home/student/Documents/formation_ros2/ros2_ws/src/install/srv/share/ament_index/resource_index/packages/srv
[0.081s] -- Up-to-date: /home/student/Documents/formation_ros2/ros2_ws/src/install/srv/share/srv/cmake/srvConfig.cmake
[0.081s] -- Up-to-date: /home/student/Documents/formation_ros2/ros2_ws/src/install/srv/share/srv/cmake/srvConfig-version.cmake
[0.081s] -- Up-to-date: /home/student/Documents/formation_ros2/ros2_ws/src/install/srv/share/srv/package.xml
[0.090s] Invoked command in '/home/student/Documents/formation_ros2/ros2_ws/src/build/srv' returned '0': CMAKE_PREFIX_PATH=${CMAKE_PREFIX_PATH}:/home/student/Documents/formation_ros2/ros2_ws/src/install/ex1:/home/student/turtlebot3_ws/install/turtlebot3_teleop:/home/student/turtlebot3_ws/install/turtlebot3_example:/opt/ros/humble /usr/bin/cmake --install /home/student/Documents/formation_ros2/ros2_ws/src/build/srv
