[0.573s] Invoking command in '/home/student/Documents/formation_ros2/ros2_ws/src/ex1': PYTHONPATH=/home/student/Documents/formation_ros2/ros2_ws/build/ex1/prefix_override:/usr/lib/python3/dist-packages/colcon_core/task/python/colcon_distutils_commands:/home/student/Documents/formation_ros2/ros2_ws/install/ex1/lib/python3.10/site-packages:${PYTHONPATH} /usr/bin/python3 -W ignore:setup.py install is deprecated -W ignore:easy_install command is deprecated setup.py egg_info --egg-base ../../build/ex1 build --build-base /home/student/Documents/formation_ros2/ros2_ws/build/ex1/build install --record /home/student/Documents/formation_ros2/ros2_ws/build/ex1/install.log --single-version-externally-managed install_data
[0.799s] running egg_info
[0.800s] writing ../../build/ex1/ex1.egg-info/PKG-INFO
[0.800s] writing dependency_links to ../../build/ex1/ex1.egg-info/dependency_links.txt
[0.801s] writing entry points to ../../build/ex1/ex1.egg-info/entry_points.txt
[0.801s] writing requirements to ../../build/ex1/ex1.egg-info/requires.txt
[0.801s] writing top-level names to ../../build/ex1/ex1.egg-info/top_level.txt
[0.803s] reading manifest file '../../build/ex1/ex1.egg-info/SOURCES.txt'
[0.803s] adding license file 'LICENSE'
[0.803s] writing manifest file '../../build/ex1/ex1.egg-info/SOURCES.txt'
[0.804s] running build
[0.804s] running build_py
[0.804s] running install
[0.804s] running install_lib
[0.805s] running install_data
[0.805s] running install_egg_info
[0.807s] removing '/home/student/Documents/formation_ros2/ros2_ws/install/ex1/lib/python3.10/site-packages/ex1-0.0.0-py3.10.egg-info' (and everything under it)
[0.807s] Copying ../../build/ex1/ex1.egg-info to /home/student/Documents/formation_ros2/ros2_ws/install/ex1/lib/python3.10/site-packages/ex1-0.0.0-py3.10.egg-info
[0.808s] running install_scripts
[0.826s] Installing listener script to /home/student/Documents/formation_ros2/ros2_ws/install/ex1/lib/ex1
[0.826s] Installing talker script to /home/student/Documents/formation_ros2/ros2_ws/install/ex1/lib/ex1
[0.826s] writing list of installed files to '/home/student/Documents/formation_ros2/ros2_ws/build/ex1/install.log'
[0.845s] Invoked command in '/home/student/Documents/formation_ros2/ros2_ws/src/ex1' returned '0': PYTHONPATH=/home/student/Documents/formation_ros2/ros2_ws/build/ex1/prefix_override:/usr/lib/python3/dist-packages/colcon_core/task/python/colcon_distutils_commands:/home/student/Documents/formation_ros2/ros2_ws/install/ex1/lib/python3.10/site-packages:${PYTHONPATH} /usr/bin/python3 -W ignore:setup.py install is deprecated -W ignore:easy_install command is deprecated setup.py egg_info --egg-base ../../build/ex1 build --build-base /home/student/Documents/formation_ros2/ros2_ws/build/ex1/build install --record /home/student/Documents/formation_ros2/ros2_ws/build/ex1/install.log --single-version-externally-managed install_data
