[0.108s] DEBUG:colcon:Command line arguments: ['/usr/bin/colcon', 'build']
[0.108s] DEBUG:colcon:Parsed command line arguments: Namespace(log_base=None, log_level=None, verb_name='build', build_base='build', install_base='install', merge_install=False, symlink_install=False, test_result_base=None, continue_on_error=False, executor='parallel', parallel_workers=8, event_handlers=None, ignore_user_meta=False, metas=['./colcon.meta'], base_paths=['.'], packages_ignore=None, packages_ignore_regex=None, paths=None, packages_up_to=None, packages_up_to_regex=None, packages_above=None, packages_above_and_dependencies=None, packages_above_depth=None, packages_select_by_dep=None, packages_skip_by_dep=None, packages_skip_up_to=None, packages_select_build_failed=False, packages_skip_build_finished=False, packages_select_test_failures=False, packages_skip_test_passed=False, packages_select=None, packages_skip=None, packages_select_regex=None, packages_skip_regex=None, packages_start=None, packages_end=None, allow_overriding=[], cmake_args=None, cmake_target=None, cmake_target_skip_unavailable=False, cmake_clean_cache=False, cmake_clean_first=False, cmake_force_configure=False, ament_cmake_args=None, catkin_cmake_args=None, catkin_skip_building_tests=False, mixin_files=None, mixin=None, verb_parser=<colcon_mixin.mixin.mixin_argument.MixinArgumentDecorator object at 0x7d122eea0040>, verb_extension=<colcon_core.verb.build.BuildVerb object at 0x7d122ee5f940>, main=<bound method BuildVerb.main of <colcon_core.verb.build.BuildVerb object at 0x7d122ee5f940>>, mixin_verb=('build',))
[0.277s] Level 1:colcon.colcon_core.package_discovery:discover_packages(colcon_meta) check parameters
[0.277s] Level 1:colcon.colcon_core.package_discovery:discover_packages(recursive) check parameters
[0.277s] Level 1:colcon.colcon_core.package_discovery:discover_packages(ignore) check parameters
[0.277s] Level 1:colcon.colcon_core.package_discovery:discover_packages(path) check parameters
[0.277s] Level 1:colcon.colcon_core.package_discovery:discover_packages(colcon_meta) discover
[0.277s] Level 1:colcon.colcon_core.package_discovery:discover_packages(recursive) discover
[0.278s] INFO:colcon.colcon_core.package_discovery:Crawling recursively for packages in '/home/student/Documents/formation_ros2/ros2_ws/src'
[0.278s] Level 1:colcon.colcon_core.package_identification:_identify(.) by extensions ['ignore', 'ignore_ament_install']
[0.278s] Level 1:colcon.colcon_core.package_identification:_identify(.) by extension 'ignore'
[0.278s] Level 1:colcon.colcon_core.package_identification:_identify(.) by extension 'ignore_ament_install'
[0.278s] Level 1:colcon.colcon_core.package_identification:_identify(.) by extensions ['colcon_pkg']
[0.278s] Level 1:colcon.colcon_core.package_identification:_identify(.) by extension 'colcon_pkg'
[0.278s] Level 1:colcon.colcon_core.package_identification:_identify(.) by extensions ['colcon_meta']
[0.278s] Level 1:colcon.colcon_core.package_identification:_identify(.) by extension 'colcon_meta'
[0.278s] Level 1:colcon.colcon_core.package_identification:_identify(.) by extensions ['ros']
[0.278s] Level 1:colcon.colcon_core.package_identification:_identify(.) by extension 'ros'
[0.287s] Level 1:colcon.colcon_core.package_identification:_identify(.) by extensions ['cmake', 'python']
[0.288s] Level 1:colcon.colcon_core.package_identification:_identify(.) by extension 'cmake'
[0.288s] Level 1:colcon.colcon_core.package_identification:_identify(.) by extension 'python'
[0.288s] Level 1:colcon.colcon_core.package_identification:_identify(.) by extensions ['python_setup_py']
[0.288s] Level 1:colcon.colcon_core.package_identification:_identify(.) by extension 'python_setup_py'
[0.288s] Level 1:colcon.colcon_core.package_identification:_identify(build) by extensions ['ignore', 'ignore_ament_install']
[0.288s] Level 1:colcon.colcon_core.package_identification:_identify(build) by extension 'ignore'
[0.288s] Level 1:colcon.colcon_core.package_identification:_identify(build) ignored
[0.288s] Level 1:colcon.colcon_core.package_identification:_identify(ex1) by extensions ['ignore', 'ignore_ament_install']
[0.288s] Level 1:colcon.colcon_core.package_identification:_identify(ex1) by extension 'ignore'
[0.288s] Level 1:colcon.colcon_core.package_identification:_identify(ex1) by extension 'ignore_ament_install'
[0.288s] Level 1:colcon.colcon_core.package_identification:_identify(ex1) by extensions ['colcon_pkg']
[0.288s] Level 1:colcon.colcon_core.package_identification:_identify(ex1) by extension 'colcon_pkg'
[0.288s] Level 1:colcon.colcon_core.package_identification:_identify(ex1) by extensions ['colcon_meta']
[0.288s] Level 1:colcon.colcon_core.package_identification:_identify(ex1) by extension 'colcon_meta'
[0.288s] Level 1:colcon.colcon_core.package_identification:_identify(ex1) by extensions ['ros']
[0.288s] Level 1:colcon.colcon_core.package_identification:_identify(ex1) by extension 'ros'
[0.290s] DEBUG:colcon.colcon_core.package_identification:Package 'ex1' with type 'ros.ament_python' and name 'ex1'
[0.291s] Level 1:colcon.colcon_core.package_identification:_identify(ex4) by extensions ['ignore', 'ignore_ament_install']
[0.291s] Level 1:colcon.colcon_core.package_identification:_identify(ex4) by extension 'ignore'
[0.291s] Level 1:colcon.colcon_core.package_identification:_identify(ex4) by extension 'ignore_ament_install'
[0.291s] Level 1:colcon.colcon_core.package_identification:_identify(ex4) by extensions ['colcon_pkg']
[0.291s] Level 1:colcon.colcon_core.package_identification:_identify(ex4) by extension 'colcon_pkg'
[0.291s] Level 1:colcon.colcon_core.package_identification:_identify(ex4) by extensions ['colcon_meta']
[0.291s] Level 1:colcon.colcon_core.package_identification:_identify(ex4) by extension 'colcon_meta'
[0.291s] Level 1:colcon.colcon_core.package_identification:_identify(ex4) by extensions ['ros']
[0.291s] Level 1:colcon.colcon_core.package_identification:_identify(ex4) by extension 'ros'
[0.292s] DEBUG:colcon.colcon_core.package_identification:Package 'ex4' with type 'ros.ament_cmake' and name 'ex4'
[0.292s] Level 1:colcon.colcon_core.package_identification:_identify(install) by extensions ['ignore', 'ignore_ament_install']
[0.292s] Level 1:colcon.colcon_core.package_identification:_identify(install) by extension 'ignore'
[0.292s] Level 1:colcon.colcon_core.package_identification:_identify(install) ignored
[0.292s] Level 1:colcon.colcon_core.package_identification:_identify(log) by extensions ['ignore', 'ignore_ament_install']
[0.292s] Level 1:colcon.colcon_core.package_identification:_identify(log) by extension 'ignore'
[0.292s] Level 1:colcon.colcon_core.package_identification:_identify(log) ignored
[0.292s] Level 1:colcon.colcon_core.package_identification:_identify(srv) by extensions ['ignore', 'ignore_ament_install']
[0.292s] Level 1:colcon.colcon_core.package_identification:_identify(srv) by extension 'ignore'
[0.292s] Level 1:colcon.colcon_core.package_identification:_identify(srv) by extension 'ignore_ament_install'
[0.292s] Level 1:colcon.colcon_core.package_identification:_identify(srv) by extensions ['colcon_pkg']
[0.292s] Level 1:colcon.colcon_core.package_identification:_identify(srv) by extension 'colcon_pkg'
[0.292s] Level 1:colcon.colcon_core.package_identification:_identify(srv) by extensions ['colcon_meta']
[0.292s] Level 1:colcon.colcon_core.package_identification:_identify(srv) by extension 'colcon_meta'
[0.292s] Level 1:colcon.colcon_core.package_identification:_identify(srv) by extensions ['ros']
[0.292s] Level 1:colcon.colcon_core.package_identification:_identify(srv) by extension 'ros'
[0.293s] DEBUG:colcon.colcon_core.package_identification:Package 'srv' with type 'ros.ament_cmake' and name 'srv'
[0.293s] Level 1:colcon.colcon_core.package_discovery:discover_packages(recursive) using defaults
[0.293s] Level 1:colcon.colcon_core.package_discovery:discover_packages(ignore) discover
[0.293s] Level 1:colcon.colcon_core.package_discovery:discover_packages(ignore) using defaults
[0.293s] Level 1:colcon.colcon_core.package_discovery:discover_packages(path) discover
[0.293s] Level 1:colcon.colcon_core.package_discovery:discover_packages(path) using defaults
[0.319s] Level 1:colcon.colcon_core.package_discovery:discover_packages(prefix_path) check parameters
[0.319s] Level 1:colcon.colcon_core.package_discovery:discover_packages(prefix_path) discover
[0.322s] DEBUG:colcon.colcon_installed_package_information.package_discovery:Found 3 installed packages in /home/student/Documents/formation_ros2/ros2_ws/src/install
[0.322s] DEBUG:colcon.colcon_installed_package_information.package_discovery:Found 12 installed packages in /home/student/turtlebot3_ws/install
[0.324s] DEBUG:colcon.colcon_installed_package_information.package_discovery:Found 431 installed packages in /opt/ros/humble
[0.326s] Level 1:colcon.colcon_core.package_discovery:discover_packages(prefix_path) using defaults
[0.377s] Level 5:colcon.colcon_core.verb:set package 'ex1' build argument 'cmake_args' from command line to 'None'
[0.377s] Level 5:colcon.colcon_core.verb:set package 'ex1' build argument 'cmake_target' from command line to 'None'
[0.377s] Level 5:colcon.colcon_core.verb:set package 'ex1' build argument 'cmake_target_skip_unavailable' from command line to 'False'
[0.377s] Level 5:colcon.colcon_core.verb:set package 'ex1' build argument 'cmake_clean_cache' from command line to 'False'
[0.377s] Level 5:colcon.colcon_core.verb:set package 'ex1' build argument 'cmake_clean_first' from command line to 'False'
[0.377s] Level 5:colcon.colcon_core.verb:set package 'ex1' build argument 'cmake_force_configure' from command line to 'False'
[0.377s] Level 5:colcon.colcon_core.verb:set package 'ex1' build argument 'ament_cmake_args' from command line to 'None'
[0.377s] Level 5:colcon.colcon_core.verb:set package 'ex1' build argument 'catkin_cmake_args' from command line to 'None'
[0.377s] Level 5:colcon.colcon_core.verb:set package 'ex1' build argument 'catkin_skip_building_tests' from command line to 'False'
[0.377s] DEBUG:colcon.colcon_core.verb:Building package 'ex1' with the following arguments: {'ament_cmake_args': None, 'build_base': '/home/student/Documents/formation_ros2/ros2_ws/src/build/ex1', 'catkin_cmake_args': None, 'catkin_skip_building_tests': False, 'cmake_args': None, 'cmake_clean_cache': False, 'cmake_clean_first': False, 'cmake_force_configure': False, 'cmake_target': None, 'cmake_target_skip_unavailable': False, 'install_base': '/home/student/Documents/formation_ros2/ros2_ws/src/install/ex1', 'merge_install': False, 'path': '/home/student/Documents/formation_ros2/ros2_ws/src/ex1', 'symlink_install': False, 'test_result_base': None}
[0.377s] Level 5:colcon.colcon_core.verb:set package 'ex4' build argument 'cmake_args' from command line to 'None'
[0.377s] Level 5:colcon.colcon_core.verb:set package 'ex4' build argument 'cmake_target' from command line to 'None'
[0.377s] Level 5:colcon.colcon_core.verb:set package 'ex4' build argument 'cmake_target_skip_unavailable' from command line to 'False'
[0.377s] Level 5:colcon.colcon_core.verb:set package 'ex4' build argument 'cmake_clean_cache' from command line to 'False'
[0.377s] Level 5:colcon.colcon_core.verb:set package 'ex4' build argument 'cmake_clean_first' from command line to 'False'
[0.377s] Level 5:colcon.colcon_core.verb:set package 'ex4' build argument 'cmake_force_configure' from command line to 'False'
[0.377s] Level 5:colcon.colcon_core.verb:set package 'ex4' build argument 'ament_cmake_args' from command line to 'None'
[0.377s] Level 5:colcon.colcon_core.verb:set package 'ex4' build argument 'catkin_cmake_args' from command line to 'None'
[0.377s] Level 5:colcon.colcon_core.verb:set package 'ex4' build argument 'catkin_skip_building_tests' from command line to 'False'
[0.378s] DEBUG:colcon.colcon_core.verb:Building package 'ex4' with the following arguments: {'ament_cmake_args': None, 'build_base': '/home/student/Documents/formation_ros2/ros2_ws/src/build/ex4', 'catkin_cmake_args': None, 'catkin_skip_building_tests': False, 'cmake_args': None, 'cmake_clean_cache': False, 'cmake_clean_first': False, 'cmake_force_configure': False, 'cmake_target': None, 'cmake_target_skip_unavailable': False, 'install_base': '/home/student/Documents/formation_ros2/ros2_ws/src/install/ex4', 'merge_install': False, 'path': '/home/student/Documents/formation_ros2/ros2_ws/src/ex4', 'symlink_install': False, 'test_result_base': None}
[0.378s] Level 5:colcon.colcon_core.verb:set package 'srv' build argument 'cmake_args' from command line to 'None'
[0.378s] Level 5:colcon.colcon_core.verb:set package 'srv' build argument 'cmake_target' from command line to 'None'
[0.378s] Level 5:colcon.colcon_core.verb:set package 'srv' build argument 'cmake_target_skip_unavailable' from command line to 'False'
[0.378s] Level 5:colcon.colcon_core.verb:set package 'srv' build argument 'cmake_clean_cache' from command line to 'False'
[0.378s] Level 5:colcon.colcon_core.verb:set package 'srv' build argument 'cmake_clean_first' from command line to 'False'
[0.378s] Level 5:colcon.colcon_core.verb:set package 'srv' build argument 'cmake_force_configure' from command line to 'False'
[0.378s] Level 5:colcon.colcon_core.verb:set package 'srv' build argument 'ament_cmake_args' from command line to 'None'
[0.378s] Level 5:colcon.colcon_core.verb:set package 'srv' build argument 'catkin_cmake_args' from command line to 'None'
[0.378s] Level 5:colcon.colcon_core.verb:set package 'srv' build argument 'catkin_skip_building_tests' from command line to 'False'
[0.378s] DEBUG:colcon.colcon_core.verb:Building package 'srv' with the following arguments: {'ament_cmake_args': None, 'build_base': '/home/student/Documents/formation_ros2/ros2_ws/src/build/srv', 'catkin_cmake_args': None, 'catkin_skip_building_tests': False, 'cmake_args': None, 'cmake_clean_cache': False, 'cmake_clean_first': False, 'cmake_force_configure': False, 'cmake_target': None, 'cmake_target_skip_unavailable': False, 'install_base': '/home/student/Documents/formation_ros2/ros2_ws/src/install/srv', 'merge_install': False, 'path': '/home/student/Documents/formation_ros2/ros2_ws/src/srv', 'symlink_install': False, 'test_result_base': None}
[0.378s] INFO:colcon.colcon_core.executor:Executing jobs using 'parallel' executor
[0.379s] DEBUG:colcon.colcon_parallel_executor.executor.parallel:run_until_complete
[0.379s] INFO:colcon.colcon_ros.task.ament_python.build:Building ROS package in '/home/student/Documents/formation_ros2/ros2_ws/src/ex1' with build type 'ament_python'
[0.379s] Level 1:colcon.colcon_core.shell:create_environment_hook('ex1', 'ament_prefix_path')
[0.381s] INFO:colcon.colcon_core.plugin_system:Skipping extension 'colcon_core.shell.bat': Not used on non-Windows systems
[0.382s] INFO:colcon.colcon_core.shell:Creating environment hook '/home/student/Documents/formation_ros2/ros2_ws/src/install/ex1/share/ex1/hook/ament_prefix_path.ps1'
[0.382s] INFO:colcon.colcon_core.shell:Creating environment descriptor '/home/student/Documents/formation_ros2/ros2_ws/src/install/ex1/share/ex1/hook/ament_prefix_path.dsv'
[0.383s] INFO:colcon.colcon_core.shell:Creating environment hook '/home/student/Documents/formation_ros2/ros2_ws/src/install/ex1/share/ex1/hook/ament_prefix_path.sh'
[0.383s] INFO:colcon.colcon_core.shell:Skip shell extension 'powershell' for command environment: Not usable outside of PowerShell
[0.383s] DEBUG:colcon.colcon_core.shell:Skip shell extension 'dsv' for command environment
[0.389s] INFO:colcon.colcon_ros.task.ament_cmake.build:Building ROS package in '/home/student/Documents/formation_ros2/ros2_ws/src/ex4' with build type 'ament_cmake'
[0.389s] INFO:colcon.colcon_cmake.task.cmake.build:Building CMake package in '/home/student/Documents/formation_ros2/ros2_ws/src/ex4'
[0.389s] INFO:colcon.colcon_core.shell:Skip shell extension 'powershell' for command environment: Not usable outside of PowerShell
[0.389s] DEBUG:colcon.colcon_core.shell:Skip shell extension 'dsv' for command environment
[0.395s] INFO:colcon.colcon_ros.task.ament_cmake.build:Building ROS package in '/home/student/Documents/formation_ros2/ros2_ws/src/srv' with build type 'ament_cmake'
[0.396s] INFO:colcon.colcon_cmake.task.cmake.build:Building CMake package in '/home/student/Documents/formation_ros2/ros2_ws/src/srv'
[0.396s] INFO:colcon.colcon_core.shell:Skip shell extension 'powershell' for command environment: Not usable outside of PowerShell
[0.396s] DEBUG:colcon.colcon_core.shell:Skip shell extension 'dsv' for command environment
[0.666s] INFO:colcon.colcon_core.task.python.build:Building Python package in '/home/student/Documents/formation_ros2/ros2_ws/src/ex1'
[0.666s] INFO:colcon.colcon_core.shell:Skip shell extension 'powershell' for command environment: Not usable outside of PowerShell
[0.666s] DEBUG:colcon.colcon_core.shell:Skip shell extension 'dsv' for command environment
[0.674s] DEBUG:colcon.colcon_core.event_handler.log_command:Invoking command in '/home/student/Documents/formation_ros2/ros2_ws/src/build/ex4': CMAKE_PREFIX_PATH=${CMAKE_PREFIX_PATH}:/home/student/Documents/formation_ros2/ros2_ws/src/install/ex1:/home/student/turtlebot3_ws/install/turtlebot3_teleop:/home/student/turtlebot3_ws/install/turtlebot3_example:/opt/ros/humble /usr/bin/cmake --build /home/student/Documents/formation_ros2/ros2_ws/src/build/ex4 -- -j8 -l8
[0.680s] DEBUG:colcon.colcon_core.event_handler.log_command:Invoking command in '/home/student/Documents/formation_ros2/ros2_ws/src/build/srv': CMAKE_PREFIX_PATH=${CMAKE_PREFIX_PATH}:/home/student/Documents/formation_ros2/ros2_ws/src/install/ex1:/home/student/turtlebot3_ws/install/turtlebot3_teleop:/home/student/turtlebot3_ws/install/turtlebot3_example:/opt/ros/humble /usr/bin/cmake --build /home/student/Documents/formation_ros2/ros2_ws/src/build/srv -- -j8 -l8
[0.723s] DEBUG:colcon.colcon_core.event_handler.log_command:Invoked command in '/home/student/Documents/formation_ros2/ros2_ws/src/build/srv' returned '0': CMAKE_PREFIX_PATH=${CMAKE_PREFIX_PATH}:/home/student/Documents/formation_ros2/ros2_ws/src/install/ex1:/home/student/turtlebot3_ws/install/turtlebot3_teleop:/home/student/turtlebot3_ws/install/turtlebot3_example:/opt/ros/humble /usr/bin/cmake --build /home/student/Documents/formation_ros2/ros2_ws/src/build/srv -- -j8 -l8
[0.734s] DEBUG:colcon.colcon_core.event_handler.log_command:Invoking command in '/home/student/Documents/formation_ros2/ros2_ws/src/build/srv': CMAKE_PREFIX_PATH=${CMAKE_PREFIX_PATH}:/home/student/Documents/formation_ros2/ros2_ws/src/install/ex1:/home/student/turtlebot3_ws/install/turtlebot3_teleop:/home/student/turtlebot3_ws/install/turtlebot3_example:/opt/ros/humble /usr/bin/cmake --install /home/student/Documents/formation_ros2/ros2_ws/src/build/srv
[0.749s] Level 1:colcon.colcon_core.environment:create_environment_scripts_only(srv)
[0.752s] DEBUG:colcon.colcon_core.event_handler.log_command:Invoked command in '/home/student/Documents/formation_ros2/ros2_ws/src/build/srv' returned '0': CMAKE_PREFIX_PATH=${CMAKE_PREFIX_PATH}:/home/student/Documents/formation_ros2/ros2_ws/src/install/ex1:/home/student/turtlebot3_ws/install/turtlebot3_teleop:/home/student/turtlebot3_ws/install/turtlebot3_example:/opt/ros/humble /usr/bin/cmake --install /home/student/Documents/formation_ros2/ros2_ws/src/build/srv
[0.753s] Level 1:colcon.colcon_core.environment:checking '/home/student/Documents/formation_ros2/ros2_ws/src/install/srv' for CMake module files
[0.754s] Level 1:colcon.colcon_core.environment:checking '/home/student/Documents/formation_ros2/ros2_ws/src/install/srv' for CMake config files
[0.755s] Level 1:colcon.colcon_core.shell:create_environment_hook('srv', 'cmake_prefix_path')
[0.755s] INFO:colcon.colcon_core.shell:Creating environment hook '/home/student/Documents/formation_ros2/ros2_ws/src/install/srv/share/srv/hook/cmake_prefix_path.ps1'
[0.756s] INFO:colcon.colcon_core.shell:Creating environment descriptor '/home/student/Documents/formation_ros2/ros2_ws/src/install/srv/share/srv/hook/cmake_prefix_path.dsv'
[0.756s] INFO:colcon.colcon_core.shell:Creating environment hook '/home/student/Documents/formation_ros2/ros2_ws/src/install/srv/share/srv/hook/cmake_prefix_path.sh'
[0.757s] Level 1:colcon.colcon_core.environment:checking '/home/student/Documents/formation_ros2/ros2_ws/src/install/srv/bin'
[0.757s] Level 1:colcon.colcon_core.environment:checking '/home/student/Documents/formation_ros2/ros2_ws/src/install/srv/lib/pkgconfig/srv.pc'
[0.757s] Level 1:colcon.colcon_core.environment:checking '/home/student/Documents/formation_ros2/ros2_ws/src/install/srv/lib/python3.10/site-packages'
[0.758s] Level 1:colcon.colcon_core.environment:checking '/home/student/Documents/formation_ros2/ros2_ws/src/install/srv/bin'
[0.759s] INFO:colcon.colcon_core.shell:Creating package script '/home/student/Documents/formation_ros2/ros2_ws/src/install/srv/share/srv/package.ps1'
[0.760s] INFO:colcon.colcon_core.shell:Creating package descriptor '/home/student/Documents/formation_ros2/ros2_ws/src/install/srv/share/srv/package.dsv'
[0.761s] INFO:colcon.colcon_core.shell:Creating package script '/home/student/Documents/formation_ros2/ros2_ws/src/install/srv/share/srv/package.sh'
[0.762s] INFO:colcon.colcon_core.shell:Creating package script '/home/student/Documents/formation_ros2/ros2_ws/src/install/srv/share/srv/package.bash'
[0.763s] INFO:colcon.colcon_core.shell:Creating package script '/home/student/Documents/formation_ros2/ros2_ws/src/install/srv/share/srv/package.zsh'
[0.764s] Level 1:colcon.colcon_core.environment:create_file_with_runtime_dependencies(/home/student/Documents/formation_ros2/ros2_ws/src/install/srv/share/colcon-core/packages/srv)
[0.765s] Level 1:colcon.colcon_core.environment:create_environment_scripts_only(srv)
[0.765s] Level 1:colcon.colcon_core.environment:checking '/home/student/Documents/formation_ros2/ros2_ws/src/install/srv' for CMake module files
[0.766s] Level 1:colcon.colcon_core.environment:checking '/home/student/Documents/formation_ros2/ros2_ws/src/install/srv' for CMake config files
[0.766s] Level 1:colcon.colcon_core.shell:create_environment_hook('srv', 'cmake_prefix_path')
[0.767s] INFO:colcon.colcon_core.shell:Creating environment hook '/home/student/Documents/formation_ros2/ros2_ws/src/install/srv/share/srv/hook/cmake_prefix_path.ps1'
[0.768s] INFO:colcon.colcon_core.shell:Creating environment descriptor '/home/student/Documents/formation_ros2/ros2_ws/src/install/srv/share/srv/hook/cmake_prefix_path.dsv'
[0.768s] INFO:colcon.colcon_core.shell:Creating environment hook '/home/student/Documents/formation_ros2/ros2_ws/src/install/srv/share/srv/hook/cmake_prefix_path.sh'
[0.769s] Level 1:colcon.colcon_core.environment:checking '/home/student/Documents/formation_ros2/ros2_ws/src/install/srv/bin'
[0.769s] Level 1:colcon.colcon_core.environment:checking '/home/student/Documents/formation_ros2/ros2_ws/src/install/srv/lib/pkgconfig/srv.pc'
[0.769s] Level 1:colcon.colcon_core.environment:checking '/home/student/Documents/formation_ros2/ros2_ws/src/install/srv/lib/python3.10/site-packages'
[0.770s] Level 1:colcon.colcon_core.environment:checking '/home/student/Documents/formation_ros2/ros2_ws/src/install/srv/bin'
[0.770s] INFO:colcon.colcon_core.shell:Creating package script '/home/student/Documents/formation_ros2/ros2_ws/src/install/srv/share/srv/package.ps1'
[0.771s] INFO:colcon.colcon_core.shell:Creating package descriptor '/home/student/Documents/formation_ros2/ros2_ws/src/install/srv/share/srv/package.dsv'
[0.772s] INFO:colcon.colcon_core.shell:Creating package script '/home/student/Documents/formation_ros2/ros2_ws/src/install/srv/share/srv/package.sh'
[0.772s] INFO:colcon.colcon_core.shell:Creating package script '/home/student/Documents/formation_ros2/ros2_ws/src/install/srv/share/srv/package.bash'
[0.773s] INFO:colcon.colcon_core.shell:Creating package script '/home/student/Documents/formation_ros2/ros2_ws/src/install/srv/share/srv/package.zsh'
[0.774s] Level 1:colcon.colcon_core.environment:create_file_with_runtime_dependencies(/home/student/Documents/formation_ros2/ros2_ws/src/install/srv/share/colcon-core/packages/srv)
[1.090s] DEBUG:colcon.colcon_core.event_handler.log_command:Invoking command in '/home/student/Documents/formation_ros2/ros2_ws/src/ex1': PYTHONPATH=/home/student/Documents/formation_ros2/ros2_ws/src/build/ex1/prefix_override:/usr/lib/python3/dist-packages/colcon_core/task/python/colcon_distutils_commands:/home/student/Documents/formation_ros2/ros2_ws/src/install/ex1/lib/python3.10/site-packages:${PYTHONPATH} /usr/bin/python3 -W ignore:setup.py install is deprecated -W ignore:easy_install command is deprecated setup.py egg_info --egg-base ../build/ex1 build --build-base /home/student/Documents/formation_ros2/ros2_ws/src/build/ex1/build install --record /home/student/Documents/formation_ros2/ros2_ws/src/build/ex1/install.log --single-version-externally-managed install_data
[1.090s] DEBUG:colcon.colcon_core.event_handler.log_command:Invoked command in '/home/student/Documents/formation_ros2/ros2_ws/src/build/ex4' returned '0': CMAKE_PREFIX_PATH=${CMAKE_PREFIX_PATH}:/home/student/Documents/formation_ros2/ros2_ws/src/install/ex1:/home/student/turtlebot3_ws/install/turtlebot3_teleop:/home/student/turtlebot3_ws/install/turtlebot3_example:/opt/ros/humble /usr/bin/cmake --build /home/student/Documents/formation_ros2/ros2_ws/src/build/ex4 -- -j8 -l8
[1.092s] DEBUG:colcon.colcon_core.event_handler.log_command:Invoking command in '/home/student/Documents/formation_ros2/ros2_ws/src/build/ex4': CMAKE_PREFIX_PATH=${CMAKE_PREFIX_PATH}:/home/student/Documents/formation_ros2/ros2_ws/src/install/ex1:/home/student/turtlebot3_ws/install/turtlebot3_teleop:/home/student/turtlebot3_ws/install/turtlebot3_example:/opt/ros/humble /usr/bin/cmake --install /home/student/Documents/formation_ros2/ros2_ws/src/build/ex4
[1.158s] Level 1:colcon.colcon_core.environment:create_environment_scripts_only(ex4)
[1.159s] Level 1:colcon.colcon_core.environment:checking '/home/student/Documents/formation_ros2/ros2_ws/src/install/ex4' for CMake module files
[1.159s] DEBUG:colcon.colcon_core.event_handler.log_command:Invoked command in '/home/student/Documents/formation_ros2/ros2_ws/src/build/ex4' returned '0': CMAKE_PREFIX_PATH=${CMAKE_PREFIX_PATH}:/home/student/Documents/formation_ros2/ros2_ws/src/install/ex1:/home/student/turtlebot3_ws/install/turtlebot3_teleop:/home/student/turtlebot3_ws/install/turtlebot3_example:/opt/ros/humble /usr/bin/cmake --install /home/student/Documents/formation_ros2/ros2_ws/src/build/ex4
[1.160s] Level 1:colcon.colcon_core.environment:checking '/home/student/Documents/formation_ros2/ros2_ws/src/install/ex4' for CMake config files
[1.161s] Level 1:colcon.colcon_core.shell:create_environment_hook('ex4', 'cmake_prefix_path')
[1.161s] INFO:colcon.colcon_core.shell:Creating environment hook '/home/student/Documents/formation_ros2/ros2_ws/src/install/ex4/share/ex4/hook/cmake_prefix_path.ps1'
[1.161s] INFO:colcon.colcon_core.shell:Creating environment descriptor '/home/student/Documents/formation_ros2/ros2_ws/src/install/ex4/share/ex4/hook/cmake_prefix_path.dsv'
[1.162s] INFO:colcon.colcon_core.shell:Creating environment hook '/home/student/Documents/formation_ros2/ros2_ws/src/install/ex4/share/ex4/hook/cmake_prefix_path.sh'
[1.162s] Level 1:colcon.colcon_core.environment:checking '/home/student/Documents/formation_ros2/ros2_ws/src/install/ex4/lib'
[1.162s] Level 1:colcon.colcon_core.shell:create_environment_hook('ex4', 'ld_library_path_lib')
[1.162s] INFO:colcon.colcon_core.shell:Creating environment hook '/home/student/Documents/formation_ros2/ros2_ws/src/install/ex4/share/ex4/hook/ld_library_path_lib.ps1'
[1.163s] INFO:colcon.colcon_core.shell:Creating environment descriptor '/home/student/Documents/formation_ros2/ros2_ws/src/install/ex4/share/ex4/hook/ld_library_path_lib.dsv'
[1.163s] INFO:colcon.colcon_core.shell:Creating environment hook '/home/student/Documents/formation_ros2/ros2_ws/src/install/ex4/share/ex4/hook/ld_library_path_lib.sh'
[1.164s] Level 1:colcon.colcon_core.environment:checking '/home/student/Documents/formation_ros2/ros2_ws/src/install/ex4/bin'
[1.164s] Level 1:colcon.colcon_core.environment:checking '/home/student/Documents/formation_ros2/ros2_ws/src/install/ex4/lib/pkgconfig/ex4.pc'
[1.164s] Level 1:colcon.colcon_core.environment:checking '/home/student/Documents/formation_ros2/ros2_ws/src/install/ex4/lib/python3.10/site-packages'
[1.164s] Level 1:colcon.colcon_core.environment:checking '/home/student/Documents/formation_ros2/ros2_ws/src/install/ex4/bin'
[1.164s] INFO:colcon.colcon_core.shell:Creating package script '/home/student/Documents/formation_ros2/ros2_ws/src/install/ex4/share/ex4/package.ps1'
[1.165s] INFO:colcon.colcon_core.shell:Creating package descriptor '/home/student/Documents/formation_ros2/ros2_ws/src/install/ex4/share/ex4/package.dsv'
[1.165s] INFO:colcon.colcon_core.shell:Creating package script '/home/student/Documents/formation_ros2/ros2_ws/src/install/ex4/share/ex4/package.sh'
[1.166s] INFO:colcon.colcon_core.shell:Creating package script '/home/student/Documents/formation_ros2/ros2_ws/src/install/ex4/share/ex4/package.bash'
[1.166s] INFO:colcon.colcon_core.shell:Creating package script '/home/student/Documents/formation_ros2/ros2_ws/src/install/ex4/share/ex4/package.zsh'
[1.166s] Level 1:colcon.colcon_core.environment:create_file_with_runtime_dependencies(/home/student/Documents/formation_ros2/ros2_ws/src/install/ex4/share/colcon-core/packages/ex4)
[1.167s] Level 1:colcon.colcon_core.environment:create_environment_scripts_only(ex4)
[1.167s] Level 1:colcon.colcon_core.environment:checking '/home/student/Documents/formation_ros2/ros2_ws/src/install/ex4' for CMake module files
[1.168s] Level 1:colcon.colcon_core.environment:checking '/home/student/Documents/formation_ros2/ros2_ws/src/install/ex4' for CMake config files
[1.168s] Level 1:colcon.colcon_core.shell:create_environment_hook('ex4', 'cmake_prefix_path')
[1.169s] INFO:colcon.colcon_core.shell:Creating environment hook '/home/student/Documents/formation_ros2/ros2_ws/src/install/ex4/share/ex4/hook/cmake_prefix_path.ps1'
[1.169s] INFO:colcon.colcon_core.shell:Creating environment descriptor '/home/student/Documents/formation_ros2/ros2_ws/src/install/ex4/share/ex4/hook/cmake_prefix_path.dsv'
[1.169s] INFO:colcon.colcon_core.shell:Creating environment hook '/home/student/Documents/formation_ros2/ros2_ws/src/install/ex4/share/ex4/hook/cmake_prefix_path.sh'
[1.170s] Level 1:colcon.colcon_core.environment:checking '/home/student/Documents/formation_ros2/ros2_ws/src/install/ex4/lib'
[1.170s] Level 1:colcon.colcon_core.shell:create_environment_hook('ex4', 'ld_library_path_lib')
[1.170s] INFO:colcon.colcon_core.shell:Creating environment hook '/home/student/Documents/formation_ros2/ros2_ws/src/install/ex4/share/ex4/hook/ld_library_path_lib.ps1'
[1.170s] INFO:colcon.colcon_core.shell:Creating environment descriptor '/home/student/Documents/formation_ros2/ros2_ws/src/install/ex4/share/ex4/hook/ld_library_path_lib.dsv'
[1.171s] INFO:colcon.colcon_core.shell:Creating environment hook '/home/student/Documents/formation_ros2/ros2_ws/src/install/ex4/share/ex4/hook/ld_library_path_lib.sh'
[1.171s] Level 1:colcon.colcon_core.environment:checking '/home/student/Documents/formation_ros2/ros2_ws/src/install/ex4/bin'
[1.171s] Level 1:colcon.colcon_core.environment:checking '/home/student/Documents/formation_ros2/ros2_ws/src/install/ex4/lib/pkgconfig/ex4.pc'
[1.171s] Level 1:colcon.colcon_core.environment:checking '/home/student/Documents/formation_ros2/ros2_ws/src/install/ex4/lib/python3.10/site-packages'
[1.172s] Level 1:colcon.colcon_core.environment:checking '/home/student/Documents/formation_ros2/ros2_ws/src/install/ex4/bin'
[1.172s] INFO:colcon.colcon_core.shell:Creating package script '/home/student/Documents/formation_ros2/ros2_ws/src/install/ex4/share/ex4/package.ps1'
[1.173s] INFO:colcon.colcon_core.shell:Creating package descriptor '/home/student/Documents/formation_ros2/ros2_ws/src/install/ex4/share/ex4/package.dsv'
[1.173s] INFO:colcon.colcon_core.shell:Creating package script '/home/student/Documents/formation_ros2/ros2_ws/src/install/ex4/share/ex4/package.sh'
[1.173s] INFO:colcon.colcon_core.shell:Creating package script '/home/student/Documents/formation_ros2/ros2_ws/src/install/ex4/share/ex4/package.bash'
[1.174s] INFO:colcon.colcon_core.shell:Creating package script '/home/student/Documents/formation_ros2/ros2_ws/src/install/ex4/share/ex4/package.zsh'
[1.174s] Level 1:colcon.colcon_core.environment:create_file_with_runtime_dependencies(/home/student/Documents/formation_ros2/ros2_ws/src/install/ex4/share/colcon-core/packages/ex4)
[1.400s] Level 1:colcon.colcon_core.environment:checking '/home/student/Documents/formation_ros2/ros2_ws/src/install/ex1' for CMake module files
[1.400s] DEBUG:colcon.colcon_core.event_handler.log_command:Invoked command in '/home/student/Documents/formation_ros2/ros2_ws/src/ex1' returned '0': PYTHONPATH=/home/student/Documents/formation_ros2/ros2_ws/src/build/ex1/prefix_override:/usr/lib/python3/dist-packages/colcon_core/task/python/colcon_distutils_commands:/home/student/Documents/formation_ros2/ros2_ws/src/install/ex1/lib/python3.10/site-packages:${PYTHONPATH} /usr/bin/python3 -W ignore:setup.py install is deprecated -W ignore:easy_install command is deprecated setup.py egg_info --egg-base ../build/ex1 build --build-base /home/student/Documents/formation_ros2/ros2_ws/src/build/ex1/build install --record /home/student/Documents/formation_ros2/ros2_ws/src/build/ex1/install.log --single-version-externally-managed install_data
[1.401s] Level 1:colcon.colcon_core.environment:checking '/home/student/Documents/formation_ros2/ros2_ws/src/install/ex1' for CMake config files
[1.401s] Level 1:colcon.colcon_core.environment:checking '/home/student/Documents/formation_ros2/ros2_ws/src/install/ex1/lib'
[1.401s] Level 1:colcon.colcon_core.environment:checking '/home/student/Documents/formation_ros2/ros2_ws/src/install/ex1/bin'
[1.402s] Level 1:colcon.colcon_core.environment:checking '/home/student/Documents/formation_ros2/ros2_ws/src/install/ex1/lib/pkgconfig/ex1.pc'
[1.402s] Level 1:colcon.colcon_core.environment:checking '/home/student/Documents/formation_ros2/ros2_ws/src/install/ex1/lib/python3.10/site-packages'
[1.402s] Level 1:colcon.colcon_core.shell:create_environment_hook('ex1', 'pythonpath')
[1.402s] INFO:colcon.colcon_core.shell:Creating environment hook '/home/student/Documents/formation_ros2/ros2_ws/src/install/ex1/share/ex1/hook/pythonpath.ps1'
[1.403s] INFO:colcon.colcon_core.shell:Creating environment descriptor '/home/student/Documents/formation_ros2/ros2_ws/src/install/ex1/share/ex1/hook/pythonpath.dsv'
[1.403s] INFO:colcon.colcon_core.shell:Creating environment hook '/home/student/Documents/formation_ros2/ros2_ws/src/install/ex1/share/ex1/hook/pythonpath.sh'
[1.404s] Level 1:colcon.colcon_core.environment:checking '/home/student/Documents/formation_ros2/ros2_ws/src/install/ex1/bin'
[1.404s] Level 1:colcon.colcon_core.environment:create_environment_scripts_only(ex1)
[1.404s] INFO:colcon.colcon_core.shell:Creating package script '/home/student/Documents/formation_ros2/ros2_ws/src/install/ex1/share/ex1/package.ps1'
[1.404s] INFO:colcon.colcon_core.shell:Creating package descriptor '/home/student/Documents/formation_ros2/ros2_ws/src/install/ex1/share/ex1/package.dsv'
[1.405s] INFO:colcon.colcon_core.shell:Creating package script '/home/student/Documents/formation_ros2/ros2_ws/src/install/ex1/share/ex1/package.sh'
[1.405s] INFO:colcon.colcon_core.shell:Creating package script '/home/student/Documents/formation_ros2/ros2_ws/src/install/ex1/share/ex1/package.bash'
[1.405s] INFO:colcon.colcon_core.shell:Creating package script '/home/student/Documents/formation_ros2/ros2_ws/src/install/ex1/share/ex1/package.zsh'
[1.406s] Level 1:colcon.colcon_core.environment:create_file_with_runtime_dependencies(/home/student/Documents/formation_ros2/ros2_ws/src/install/ex1/share/colcon-core/packages/ex1)
[1.406s] DEBUG:colcon.colcon_parallel_executor.executor.parallel:closing loop
[1.406s] DEBUG:colcon.colcon_parallel_executor.executor.parallel:loop closed
[1.406s] DEBUG:colcon.colcon_parallel_executor.executor.parallel:run_until_complete finished with '0'
[1.406s] DEBUG:colcon.colcon_core.event_reactor:joining thread
[1.412s] INFO:colcon.colcon_core.plugin_system:Skipping extension 'colcon_notification.desktop_notification.terminal_notifier': Not used on non-Darwin systems
[1.413s] INFO:colcon.colcon_core.plugin_system:Skipping extension 'colcon_notification.desktop_notification.win32': Not used on non-Windows systems
[1.413s] INFO:colcon.colcon_notification.desktop_notification:Sending desktop notification using 'notify2'
[1.423s] DEBUG:colcon.colcon_core.event_reactor:joined thread
[1.424s] INFO:colcon.colcon_core.shell:Creating prefix script '/home/student/Documents/formation_ros2/ros2_ws/src/install/local_setup.ps1'
[1.425s] INFO:colcon.colcon_core.shell:Creating prefix util module '/home/student/Documents/formation_ros2/ros2_ws/src/install/_local_setup_util_ps1.py'
[1.426s] INFO:colcon.colcon_core.shell:Creating prefix chain script '/home/student/Documents/formation_ros2/ros2_ws/src/install/setup.ps1'
[1.429s] INFO:colcon.colcon_core.shell:Creating prefix script '/home/student/Documents/formation_ros2/ros2_ws/src/install/local_setup.sh'
[1.429s] INFO:colcon.colcon_core.shell:Creating prefix util module '/home/student/Documents/formation_ros2/ros2_ws/src/install/_local_setup_util_sh.py'
[1.430s] INFO:colcon.colcon_core.shell:Creating prefix chain script '/home/student/Documents/formation_ros2/ros2_ws/src/install/setup.sh'
[1.431s] INFO:colcon.colcon_core.shell:Creating prefix script '/home/student/Documents/formation_ros2/ros2_ws/src/install/local_setup.bash'
[1.432s] INFO:colcon.colcon_core.shell:Creating prefix chain script '/home/student/Documents/formation_ros2/ros2_ws/src/install/setup.bash'
[1.433s] INFO:colcon.colcon_core.shell:Creating prefix script '/home/student/Documents/formation_ros2/ros2_ws/src/install/local_setup.zsh'
[1.434s] INFO:colcon.colcon_core.shell:Creating prefix chain script '/home/student/Documents/formation_ros2/ros2_ws/src/install/setup.zsh'
