[0.643s] Invoking command in '/home/student/Documents/formation_ros2/ros2_ws/src/ex1': PYTHONPATH=/home/student/Documents/formation_ros2/ros2_ws/src/build/ex1/prefix_override:/usr/lib/python3/dist-packages/colcon_core/task/python/colcon_distutils_commands:/home/student/Documents/formation_ros2/ros2_ws/src/install/ex1/lib/python3.10/site-packages:${PYTHONPATH} /usr/bin/python3 -W ignore:setup.py install is deprecated -W ignore:easy_install command is deprecated setup.py egg_info --egg-base ../build/ex1 build --build-base /home/student/Documents/formation_ros2/ros2_ws/src/build/ex1/build install --record /home/student/Documents/formation_ros2/ros2_ws/src/build/ex1/install.log --single-version-externally-managed install_data
[0.890s] running egg_info
[0.891s] writing ../build/ex1/ex1.egg-info/PKG-INFO
[0.891s] writing dependency_links to ../build/ex1/ex1.egg-info/dependency_links.txt
[0.891s] writing entry points to ../build/ex1/ex1.egg-info/entry_points.txt
[0.891s] writing requirements to ../build/ex1/ex1.egg-info/requires.txt
[0.892s] writing top-level names to ../build/ex1/ex1.egg-info/top_level.txt
[0.894s] reading manifest file '../build/ex1/ex1.egg-info/SOURCES.txt'
[0.894s] adding license file 'LICENSE'
[0.895s] writing manifest file '../build/ex1/ex1.egg-info/SOURCES.txt'
[0.895s] running build
[0.895s] running build_py
[0.895s] running install
[0.895s] running install_lib
[0.896s] running install_data
[0.897s] running install_egg_info
[0.898s] removing '/home/student/Documents/formation_ros2/ros2_ws/src/install/ex1/lib/python3.10/site-packages/ex1-0.0.0-py3.10.egg-info' (and everything under it)
[0.899s] Copying ../build/ex1/ex1.egg-info to /home/student/Documents/formation_ros2/ros2_ws/src/install/ex1/lib/python3.10/site-packages/ex1-0.0.0-py3.10.egg-info
[0.899s] running install_scripts
[0.919s] Installing listener script to /home/student/Documents/formation_ros2/ros2_ws/src/install/ex1/lib/ex1
[0.920s] Installing talker script to /home/student/Documents/formation_ros2/ros2_ws/src/install/ex1/lib/ex1
[0.920s] writing list of installed files to '/home/student/Documents/formation_ros2/ros2_ws/src/build/ex1/install.log'
[0.940s] Invoked command in '/home/student/Documents/formation_ros2/ros2_ws/src/ex1' returned '0': PYTHONPATH=/home/student/Documents/formation_ros2/ros2_ws/src/build/ex1/prefix_override:/usr/lib/python3/dist-packages/colcon_core/task/python/colcon_distutils_commands:/home/student/Documents/formation_ros2/ros2_ws/src/install/ex1/lib/python3.10/site-packages:${PYTHONPATH} /usr/bin/python3 -W ignore:setup.py install is deprecated -W ignore:easy_install command is deprecated setup.py egg_info --egg-base ../build/ex1 build --build-base /home/student/Documents/formation_ros2/ros2_ws/src/build/ex1/build install --record /home/student/Documents/formation_ros2/ros2_ws/src/build/ex1/install.log --single-version-externally-managed install_data
