[0.109s] DEBUG:colcon:Command line arguments: ['/usr/bin/colcon', 'build']
[0.109s] DEBUG:colcon:Parsed command line arguments: Namespace(log_base=None, log_level=None, verb_name='build', build_base='build', install_base='install', merge_install=False, symlink_install=False, test_result_base=None, continue_on_error=False, executor='parallel', parallel_workers=8, event_handlers=None, ignore_user_meta=False, metas=['./colcon.meta'], base_paths=['.'], packages_ignore=None, packages_ignore_regex=None, paths=None, packages_up_to=None, packages_up_to_regex=None, packages_above=None, packages_above_and_dependencies=None, packages_above_depth=None, packages_select_by_dep=None, packages_skip_by_dep=None, packages_skip_up_to=None, packages_select_build_failed=False, packages_skip_build_finished=False, packages_select_test_failures=False, packages_skip_test_passed=False, packages_select=None, packages_skip=None, packages_select_regex=None, packages_skip_regex=None, packages_start=None, packages_end=None, allow_overriding=[], cmake_args=None, cmake_target=None, cmake_target_skip_unavailable=False, cmake_clean_cache=False, cmake_clean_first=False, cmake_force_configure=False, ament_cmake_args=None, catkin_cmake_args=None, catkin_skip_building_tests=False, mixin_files=None, mixin=None, verb_parser=<colcon_mixin.mixin.mixin_argument.MixinArgumentDecorator object at 0x7dbf03963a00>, verb_extension=<colcon_core.verb.build.BuildVerb object at 0x7dbf03963370>, main=<bound method BuildVerb.main of <colcon_core.verb.build.BuildVerb object at 0x7dbf03963370>>, mixin_verb=('build',))
[0.276s] Level 1:colcon.colcon_core.package_discovery:discover_packages(colcon_meta) check parameters
[0.276s] Level 1:colcon.colcon_core.package_discovery:discover_packages(recursive) check parameters
[0.276s] Level 1:colcon.colcon_core.package_discovery:discover_packages(ignore) check parameters
[0.276s] Level 1:colcon.colcon_core.package_discovery:discover_packages(path) check parameters
[0.276s] Level 1:colcon.colcon_core.package_discovery:discover_packages(colcon_meta) discover
[0.276s] Level 1:colcon.colcon_core.package_discovery:discover_packages(recursive) discover
[0.276s] INFO:colcon.colcon_core.package_discovery:Crawling recursively for packages in '/home/student/Documents/formation_ros2/ros2_ws/src'
[0.276s] Level 1:colcon.colcon_core.package_identification:_identify(.) by extensions ['ignore', 'ignore_ament_install']
[0.276s] Level 1:colcon.colcon_core.package_identification:_identify(.) by extension 'ignore'
[0.276s] Level 1:colcon.colcon_core.package_identification:_identify(.) by extension 'ignore_ament_install'
[0.276s] Level 1:colcon.colcon_core.package_identification:_identify(.) by extensions ['colcon_pkg']
[0.276s] Level 1:colcon.colcon_core.package_identification:_identify(.) by extension 'colcon_pkg'
[0.276s] Level 1:colcon.colcon_core.package_identification:_identify(.) by extensions ['colcon_meta']
[0.277s] Level 1:colcon.colcon_core.package_identification:_identify(.) by extension 'colcon_meta'
[0.277s] Level 1:colcon.colcon_core.package_identification:_identify(.) by extensions ['ros']
[0.277s] Level 1:colcon.colcon_core.package_identification:_identify(.) by extension 'ros'
[0.286s] Level 1:colcon.colcon_core.package_identification:_identify(.) by extensions ['cmake', 'python']
[0.286s] Level 1:colcon.colcon_core.package_identification:_identify(.) by extension 'cmake'
[0.286s] Level 1:colcon.colcon_core.package_identification:_identify(.) by extension 'python'
[0.286s] Level 1:colcon.colcon_core.package_identification:_identify(.) by extensions ['python_setup_py']
[0.286s] Level 1:colcon.colcon_core.package_identification:_identify(.) by extension 'python_setup_py'
[0.286s] Level 1:colcon.colcon_core.package_identification:_identify(build) by extensions ['ignore', 'ignore_ament_install']
[0.286s] Level 1:colcon.colcon_core.package_identification:_identify(build) by extension 'ignore'
[0.287s] Level 1:colcon.colcon_core.package_identification:_identify(build) ignored
[0.287s] Level 1:colcon.colcon_core.package_identification:_identify(ex1) by extensions ['ignore', 'ignore_ament_install']
[0.287s] Level 1:colcon.colcon_core.package_identification:_identify(ex1) by extension 'ignore'
[0.287s] Level 1:colcon.colcon_core.package_identification:_identify(ex1) by extension 'ignore_ament_install'
[0.287s] Level 1:colcon.colcon_core.package_identification:_identify(ex1) by extensions ['colcon_pkg']
[0.287s] Level 1:colcon.colcon_core.package_identification:_identify(ex1) by extension 'colcon_pkg'
[0.287s] Level 1:colcon.colcon_core.package_identification:_identify(ex1) by extensions ['colcon_meta']
[0.287s] Level 1:colcon.colcon_core.package_identification:_identify(ex1) by extension 'colcon_meta'
[0.287s] Level 1:colcon.colcon_core.package_identification:_identify(ex1) by extensions ['ros']
[0.287s] Level 1:colcon.colcon_core.package_identification:_identify(ex1) by extension 'ros'
[0.289s] DEBUG:colcon.colcon_core.package_identification:Package 'ex1' with type 'ros.ament_python' and name 'ex1'
[0.289s] Level 1:colcon.colcon_core.package_identification:_identify(ex4) by extensions ['ignore', 'ignore_ament_install']
[0.289s] Level 1:colcon.colcon_core.package_identification:_identify(ex4) by extension 'ignore'
[0.289s] Level 1:colcon.colcon_core.package_identification:_identify(ex4) by extension 'ignore_ament_install'
[0.289s] Level 1:colcon.colcon_core.package_identification:_identify(ex4) by extensions ['colcon_pkg']
[0.289s] Level 1:colcon.colcon_core.package_identification:_identify(ex4) by extension 'colcon_pkg'
[0.289s] Level 1:colcon.colcon_core.package_identification:_identify(ex4) by extensions ['colcon_meta']
[0.289s] Level 1:colcon.colcon_core.package_identification:_identify(ex4) by extension 'colcon_meta'
[0.290s] Level 1:colcon.colcon_core.package_identification:_identify(ex4) by extensions ['ros']
[0.290s] Level 1:colcon.colcon_core.package_identification:_identify(ex4) by extension 'ros'
[0.290s] DEBUG:colcon.colcon_core.package_identification:Package 'ex4' with type 'ros.ament_cmake' and name 'ex4'
[0.290s] Level 1:colcon.colcon_core.package_identification:_identify(install) by extensions ['ignore', 'ignore_ament_install']
[0.290s] Level 1:colcon.colcon_core.package_identification:_identify(install) by extension 'ignore'
[0.290s] Level 1:colcon.colcon_core.package_identification:_identify(install) ignored
[0.290s] Level 1:colcon.colcon_core.package_identification:_identify(log) by extensions ['ignore', 'ignore_ament_install']
[0.291s] Level 1:colcon.colcon_core.package_identification:_identify(log) by extension 'ignore'
[0.291s] Level 1:colcon.colcon_core.package_identification:_identify(log) ignored
[0.291s] Level 1:colcon.colcon_core.package_discovery:discover_packages(recursive) using defaults
[0.291s] Level 1:colcon.colcon_core.package_discovery:discover_packages(ignore) discover
[0.291s] Level 1:colcon.colcon_core.package_discovery:discover_packages(ignore) using defaults
[0.291s] Level 1:colcon.colcon_core.package_discovery:discover_packages(path) discover
[0.291s] Level 1:colcon.colcon_core.package_discovery:discover_packages(path) using defaults
[0.316s] Level 1:colcon.colcon_core.package_discovery:discover_packages(prefix_path) check parameters
[0.316s] Level 1:colcon.colcon_core.package_discovery:discover_packages(prefix_path) discover
[0.319s] DEBUG:colcon.colcon_installed_package_information.package_discovery:Found 12 installed packages in /home/student/turtlebot3_ws/install
[0.321s] DEBUG:colcon.colcon_installed_package_information.package_discovery:Found 431 installed packages in /opt/ros/humble
[0.323s] Level 1:colcon.colcon_core.package_discovery:discover_packages(prefix_path) using defaults
[0.372s] Level 5:colcon.colcon_core.verb:set package 'ex1' build argument 'cmake_args' from command line to 'None'
[0.372s] Level 5:colcon.colcon_core.verb:set package 'ex1' build argument 'cmake_target' from command line to 'None'
[0.372s] Level 5:colcon.colcon_core.verb:set package 'ex1' build argument 'cmake_target_skip_unavailable' from command line to 'False'
[0.372s] Level 5:colcon.colcon_core.verb:set package 'ex1' build argument 'cmake_clean_cache' from command line to 'False'
[0.372s] Level 5:colcon.colcon_core.verb:set package 'ex1' build argument 'cmake_clean_first' from command line to 'False'
[0.372s] Level 5:colcon.colcon_core.verb:set package 'ex1' build argument 'cmake_force_configure' from command line to 'False'
[0.372s] Level 5:colcon.colcon_core.verb:set package 'ex1' build argument 'ament_cmake_args' from command line to 'None'
[0.372s] Level 5:colcon.colcon_core.verb:set package 'ex1' build argument 'catkin_cmake_args' from command line to 'None'
[0.372s] Level 5:colcon.colcon_core.verb:set package 'ex1' build argument 'catkin_skip_building_tests' from command line to 'False'
[0.372s] DEBUG:colcon.colcon_core.verb:Building package 'ex1' with the following arguments: {'ament_cmake_args': None, 'build_base': '/home/student/Documents/formation_ros2/ros2_ws/src/build/ex1', 'catkin_cmake_args': None, 'catkin_skip_building_tests': False, 'cmake_args': None, 'cmake_clean_cache': False, 'cmake_clean_first': False, 'cmake_force_configure': False, 'cmake_target': None, 'cmake_target_skip_unavailable': False, 'install_base': '/home/student/Documents/formation_ros2/ros2_ws/src/install/ex1', 'merge_install': False, 'path': '/home/student/Documents/formation_ros2/ros2_ws/src/ex1', 'symlink_install': False, 'test_result_base': None}
[0.373s] Level 5:colcon.colcon_core.verb:set package 'ex4' build argument 'cmake_args' from command line to 'None'
[0.373s] Level 5:colcon.colcon_core.verb:set package 'ex4' build argument 'cmake_target' from command line to 'None'
[0.373s] Level 5:colcon.colcon_core.verb:set package 'ex4' build argument 'cmake_target_skip_unavailable' from command line to 'False'
[0.373s] Level 5:colcon.colcon_core.verb:set package 'ex4' build argument 'cmake_clean_cache' from command line to 'False'
[0.373s] Level 5:colcon.colcon_core.verb:set package 'ex4' build argument 'cmake_clean_first' from command line to 'False'
[0.373s] Level 5:colcon.colcon_core.verb:set package 'ex4' build argument 'cmake_force_configure' from command line to 'False'
[0.373s] Level 5:colcon.colcon_core.verb:set package 'ex4' build argument 'ament_cmake_args' from command line to 'None'
[0.373s] Level 5:colcon.colcon_core.verb:set package 'ex4' build argument 'catkin_cmake_args' from command line to 'None'
[0.373s] Level 5:colcon.colcon_core.verb:set package 'ex4' build argument 'catkin_skip_building_tests' from command line to 'False'
[0.373s] DEBUG:colcon.colcon_core.verb:Building package 'ex4' with the following arguments: {'ament_cmake_args': None, 'build_base': '/home/student/Documents/formation_ros2/ros2_ws/src/build/ex4', 'catkin_cmake_args': None, 'catkin_skip_building_tests': False, 'cmake_args': None, 'cmake_clean_cache': False, 'cmake_clean_first': False, 'cmake_force_configure': False, 'cmake_target': None, 'cmake_target_skip_unavailable': False, 'install_base': '/home/student/Documents/formation_ros2/ros2_ws/src/install/ex4', 'merge_install': False, 'path': '/home/student/Documents/formation_ros2/ros2_ws/src/ex4', 'symlink_install': False, 'test_result_base': None}
[0.373s] INFO:colcon.colcon_core.executor:Executing jobs using 'parallel' executor
[0.374s] DEBUG:colcon.colcon_parallel_executor.executor.parallel:run_until_complete
[0.374s] INFO:colcon.colcon_ros.task.ament_python.build:Building ROS package in '/home/student/Documents/formation_ros2/ros2_ws/src/ex1' with build type 'ament_python'
[0.374s] Level 1:colcon.colcon_core.shell:create_environment_hook('ex1', 'ament_prefix_path')
[0.376s] INFO:colcon.colcon_core.plugin_system:Skipping extension 'colcon_core.shell.bat': Not used on non-Windows systems
[0.377s] INFO:colcon.colcon_core.shell:Creating environment hook '/home/student/Documents/formation_ros2/ros2_ws/src/install/ex1/share/ex1/hook/ament_prefix_path.ps1'
[0.377s] INFO:colcon.colcon_core.shell:Creating environment descriptor '/home/student/Documents/formation_ros2/ros2_ws/src/install/ex1/share/ex1/hook/ament_prefix_path.dsv'
[0.378s] INFO:colcon.colcon_core.shell:Creating environment hook '/home/student/Documents/formation_ros2/ros2_ws/src/install/ex1/share/ex1/hook/ament_prefix_path.sh'
[0.378s] INFO:colcon.colcon_core.shell:Skip shell extension 'powershell' for command environment: Not usable outside of PowerShell
[0.378s] DEBUG:colcon.colcon_core.shell:Skip shell extension 'dsv' for command environment
[0.383s] INFO:colcon.colcon_ros.task.ament_cmake.build:Building ROS package in '/home/student/Documents/formation_ros2/ros2_ws/src/ex4' with build type 'ament_cmake'
[0.383s] INFO:colcon.colcon_cmake.task.cmake.build:Building CMake package in '/home/student/Documents/formation_ros2/ros2_ws/src/ex4'
[0.383s] INFO:colcon.colcon_core.shell:Skip shell extension 'powershell' for command environment: Not usable outside of PowerShell
[0.383s] DEBUG:colcon.colcon_core.shell:Skip shell extension 'dsv' for command environment
[0.650s] INFO:colcon.colcon_core.task.python.build:Building Python package in '/home/student/Documents/formation_ros2/ros2_ws/src/ex1'
[0.650s] INFO:colcon.colcon_core.shell:Skip shell extension 'powershell' for command environment: Not usable outside of PowerShell
[0.650s] DEBUG:colcon.colcon_core.shell:Skip shell extension 'dsv' for command environment
[0.658s] DEBUG:colcon.colcon_core.event_handler.log_command:Invoking command in '/home/student/Documents/formation_ros2/ros2_ws/src/build/ex4': CMAKE_PREFIX_PATH=${CMAKE_PREFIX_PATH}:/home/student/turtlebot3_ws/install/turtlebot3_teleop:/home/student/turtlebot3_ws/install/turtlebot3_example:/opt/ros/humble /usr/bin/cmake --build /home/student/Documents/formation_ros2/ros2_ws/src/build/ex4 -- -j8 -l8
[1.057s] DEBUG:colcon.colcon_core.event_handler.log_command:Invoked command in '/home/student/Documents/formation_ros2/ros2_ws/src/build/ex4' returned '0': CMAKE_PREFIX_PATH=${CMAKE_PREFIX_PATH}:/home/student/turtlebot3_ws/install/turtlebot3_teleop:/home/student/turtlebot3_ws/install/turtlebot3_example:/opt/ros/humble /usr/bin/cmake --build /home/student/Documents/formation_ros2/ros2_ws/src/build/ex4 -- -j8 -l8
[1.067s] DEBUG:colcon.colcon_core.event_handler.log_command:Invoking command in '/home/student/Documents/formation_ros2/ros2_ws/src/build/ex4': CMAKE_PREFIX_PATH=${CMAKE_PREFIX_PATH}:/home/student/turtlebot3_ws/install/turtlebot3_teleop:/home/student/turtlebot3_ws/install/turtlebot3_example:/opt/ros/humble /usr/bin/cmake --install /home/student/Documents/formation_ros2/ros2_ws/src/build/ex4
[1.070s] DEBUG:colcon.colcon_core.event_handler.log_command:Invoking command in '/home/student/Documents/formation_ros2/ros2_ws/src/ex1': PYTHONPATH=/home/student/Documents/formation_ros2/ros2_ws/src/build/ex1/prefix_override:/usr/lib/python3/dist-packages/colcon_core/task/python/colcon_distutils_commands:/home/student/Documents/formation_ros2/ros2_ws/src/install/ex1/lib/python3.10/site-packages:${PYTHONPATH} /usr/bin/python3 -W ignore:setup.py install is deprecated -W ignore:easy_install command is deprecated setup.py egg_info --egg-base ../build/ex1 build --build-base /home/student/Documents/formation_ros2/ros2_ws/src/build/ex1/build install --record /home/student/Documents/formation_ros2/ros2_ws/src/build/ex1/install.log --single-version-externally-managed install_data
[1.131s] Level 1:colcon.colcon_core.environment:create_environment_scripts_only(ex4)
[1.132s] DEBUG:colcon.colcon_core.event_handler.log_command:Invoked command in '/home/student/Documents/formation_ros2/ros2_ws/src/build/ex4' returned '0': CMAKE_PREFIX_PATH=${CMAKE_PREFIX_PATH}:/home/student/turtlebot3_ws/install/turtlebot3_teleop:/home/student/turtlebot3_ws/install/turtlebot3_example:/opt/ros/humble /usr/bin/cmake --install /home/student/Documents/formation_ros2/ros2_ws/src/build/ex4
[1.135s] Level 1:colcon.colcon_core.environment:checking '/home/student/Documents/formation_ros2/ros2_ws/src/install/ex4' for CMake module files
[1.135s] Level 1:colcon.colcon_core.environment:checking '/home/student/Documents/formation_ros2/ros2_ws/src/install/ex4' for CMake config files
[1.136s] Level 1:colcon.colcon_core.shell:create_environment_hook('ex4', 'cmake_prefix_path')
[1.137s] INFO:colcon.colcon_core.shell:Creating environment hook '/home/student/Documents/formation_ros2/ros2_ws/src/install/ex4/share/ex4/hook/cmake_prefix_path.ps1'
[1.137s] INFO:colcon.colcon_core.shell:Creating environment descriptor '/home/student/Documents/formation_ros2/ros2_ws/src/install/ex4/share/ex4/hook/cmake_prefix_path.dsv'
[1.138s] INFO:colcon.colcon_core.shell:Creating environment hook '/home/student/Documents/formation_ros2/ros2_ws/src/install/ex4/share/ex4/hook/cmake_prefix_path.sh'
[1.139s] Level 1:colcon.colcon_core.environment:checking '/home/student/Documents/formation_ros2/ros2_ws/src/install/ex4/lib'
[1.139s] Level 1:colcon.colcon_core.shell:create_environment_hook('ex4', 'ld_library_path_lib')
[1.139s] INFO:colcon.colcon_core.shell:Creating environment hook '/home/student/Documents/formation_ros2/ros2_ws/src/install/ex4/share/ex4/hook/ld_library_path_lib.ps1'
[1.140s] INFO:colcon.colcon_core.shell:Creating environment descriptor '/home/student/Documents/formation_ros2/ros2_ws/src/install/ex4/share/ex4/hook/ld_library_path_lib.dsv'
[1.140s] INFO:colcon.colcon_core.shell:Creating environment hook '/home/student/Documents/formation_ros2/ros2_ws/src/install/ex4/share/ex4/hook/ld_library_path_lib.sh'
[1.140s] Level 1:colcon.colcon_core.environment:checking '/home/student/Documents/formation_ros2/ros2_ws/src/install/ex4/bin'
[1.141s] Level 1:colcon.colcon_core.environment:checking '/home/student/Documents/formation_ros2/ros2_ws/src/install/ex4/lib/pkgconfig/ex4.pc'
[1.141s] Level 1:colcon.colcon_core.environment:checking '/home/student/Documents/formation_ros2/ros2_ws/src/install/ex4/lib/python3.10/site-packages'
[1.141s] Level 1:colcon.colcon_core.environment:checking '/home/student/Documents/formation_ros2/ros2_ws/src/install/ex4/bin'
[1.142s] INFO:colcon.colcon_core.shell:Creating package script '/home/student/Documents/formation_ros2/ros2_ws/src/install/ex4/share/ex4/package.ps1'
[1.143s] INFO:colcon.colcon_core.shell:Creating package descriptor '/home/student/Documents/formation_ros2/ros2_ws/src/install/ex4/share/ex4/package.dsv'
[1.144s] INFO:colcon.colcon_core.shell:Creating package script '/home/student/Documents/formation_ros2/ros2_ws/src/install/ex4/share/ex4/package.sh'
[1.145s] INFO:colcon.colcon_core.shell:Creating package script '/home/student/Documents/formation_ros2/ros2_ws/src/install/ex4/share/ex4/package.bash'
[1.146s] INFO:colcon.colcon_core.shell:Creating package script '/home/student/Documents/formation_ros2/ros2_ws/src/install/ex4/share/ex4/package.zsh'
[1.146s] Level 1:colcon.colcon_core.environment:create_file_with_runtime_dependencies(/home/student/Documents/formation_ros2/ros2_ws/src/install/ex4/share/colcon-core/packages/ex4)
[1.147s] Level 1:colcon.colcon_core.environment:create_environment_scripts_only(ex4)
[1.147s] Level 1:colcon.colcon_core.environment:checking '/home/student/Documents/formation_ros2/ros2_ws/src/install/ex4' for CMake module files
[1.148s] Level 1:colcon.colcon_core.environment:checking '/home/student/Documents/formation_ros2/ros2_ws/src/install/ex4' for CMake config files
[1.148s] Level 1:colcon.colcon_core.shell:create_environment_hook('ex4', 'cmake_prefix_path')
[1.149s] INFO:colcon.colcon_core.shell:Creating environment hook '/home/student/Documents/formation_ros2/ros2_ws/src/install/ex4/share/ex4/hook/cmake_prefix_path.ps1'
[1.149s] INFO:colcon.colcon_core.shell:Creating environment descriptor '/home/student/Documents/formation_ros2/ros2_ws/src/install/ex4/share/ex4/hook/cmake_prefix_path.dsv'
[1.149s] INFO:colcon.colcon_core.shell:Creating environment hook '/home/student/Documents/formation_ros2/ros2_ws/src/install/ex4/share/ex4/hook/cmake_prefix_path.sh'
[1.150s] Level 1:colcon.colcon_core.environment:checking '/home/student/Documents/formation_ros2/ros2_ws/src/install/ex4/lib'
[1.150s] Level 1:colcon.colcon_core.shell:create_environment_hook('ex4', 'ld_library_path_lib')
[1.150s] INFO:colcon.colcon_core.shell:Creating environment hook '/home/student/Documents/formation_ros2/ros2_ws/src/install/ex4/share/ex4/hook/ld_library_path_lib.ps1'
[1.151s] INFO:colcon.colcon_core.shell:Creating environment descriptor '/home/student/Documents/formation_ros2/ros2_ws/src/install/ex4/share/ex4/hook/ld_library_path_lib.dsv'
[1.151s] INFO:colcon.colcon_core.shell:Creating environment hook '/home/student/Documents/formation_ros2/ros2_ws/src/install/ex4/share/ex4/hook/ld_library_path_lib.sh'
[1.151s] Level 1:colcon.colcon_core.environment:checking '/home/student/Documents/formation_ros2/ros2_ws/src/install/ex4/bin'
[1.151s] Level 1:colcon.colcon_core.environment:checking '/home/student/Documents/formation_ros2/ros2_ws/src/install/ex4/lib/pkgconfig/ex4.pc'
[1.152s] Level 1:colcon.colcon_core.environment:checking '/home/student/Documents/formation_ros2/ros2_ws/src/install/ex4/lib/python3.10/site-packages'
[1.152s] Level 1:colcon.colcon_core.environment:checking '/home/student/Documents/formation_ros2/ros2_ws/src/install/ex4/bin'
[1.153s] INFO:colcon.colcon_core.shell:Creating package script '/home/student/Documents/formation_ros2/ros2_ws/src/install/ex4/share/ex4/package.ps1'
[1.153s] INFO:colcon.colcon_core.shell:Creating package descriptor '/home/student/Documents/formation_ros2/ros2_ws/src/install/ex4/share/ex4/package.dsv'
[1.153s] INFO:colcon.colcon_core.shell:Creating package script '/home/student/Documents/formation_ros2/ros2_ws/src/install/ex4/share/ex4/package.sh'
[1.154s] INFO:colcon.colcon_core.shell:Creating package script '/home/student/Documents/formation_ros2/ros2_ws/src/install/ex4/share/ex4/package.bash'
[1.154s] INFO:colcon.colcon_core.shell:Creating package script '/home/student/Documents/formation_ros2/ros2_ws/src/install/ex4/share/ex4/package.zsh'
[1.155s] Level 1:colcon.colcon_core.environment:create_file_with_runtime_dependencies(/home/student/Documents/formation_ros2/ros2_ws/src/install/ex4/share/colcon-core/packages/ex4)
[1.379s] Level 1:colcon.colcon_core.environment:checking '/home/student/Documents/formation_ros2/ros2_ws/src/install/ex1' for CMake module files
[1.380s] DEBUG:colcon.colcon_core.event_handler.log_command:Invoked command in '/home/student/Documents/formation_ros2/ros2_ws/src/ex1' returned '0': PYTHONPATH=/home/student/Documents/formation_ros2/ros2_ws/src/build/ex1/prefix_override:/usr/lib/python3/dist-packages/colcon_core/task/python/colcon_distutils_commands:/home/student/Documents/formation_ros2/ros2_ws/src/install/ex1/lib/python3.10/site-packages:${PYTHONPATH} /usr/bin/python3 -W ignore:setup.py install is deprecated -W ignore:easy_install command is deprecated setup.py egg_info --egg-base ../build/ex1 build --build-base /home/student/Documents/formation_ros2/ros2_ws/src/build/ex1/build install --record /home/student/Documents/formation_ros2/ros2_ws/src/build/ex1/install.log --single-version-externally-managed install_data
[1.380s] Level 1:colcon.colcon_core.environment:checking '/home/student/Documents/formation_ros2/ros2_ws/src/install/ex1' for CMake config files
[1.381s] Level 1:colcon.colcon_core.environment:checking '/home/student/Documents/formation_ros2/ros2_ws/src/install/ex1/lib'
[1.381s] Level 1:colcon.colcon_core.environment:checking '/home/student/Documents/formation_ros2/ros2_ws/src/install/ex1/bin'
[1.381s] Level 1:colcon.colcon_core.environment:checking '/home/student/Documents/formation_ros2/ros2_ws/src/install/ex1/lib/pkgconfig/ex1.pc'
[1.381s] Level 1:colcon.colcon_core.environment:checking '/home/student/Documents/formation_ros2/ros2_ws/src/install/ex1/lib/python3.10/site-packages'
[1.382s] Level 1:colcon.colcon_core.shell:create_environment_hook('ex1', 'pythonpath')
[1.382s] INFO:colcon.colcon_core.shell:Creating environment hook '/home/student/Documents/formation_ros2/ros2_ws/src/install/ex1/share/ex1/hook/pythonpath.ps1'
[1.382s] INFO:colcon.colcon_core.shell:Creating environment descriptor '/home/student/Documents/formation_ros2/ros2_ws/src/install/ex1/share/ex1/hook/pythonpath.dsv'
[1.383s] INFO:colcon.colcon_core.shell:Creating environment hook '/home/student/Documents/formation_ros2/ros2_ws/src/install/ex1/share/ex1/hook/pythonpath.sh'
[1.384s] Level 1:colcon.colcon_core.environment:checking '/home/student/Documents/formation_ros2/ros2_ws/src/install/ex1/bin'
[1.384s] Level 1:colcon.colcon_core.environment:create_environment_scripts_only(ex1)
[1.384s] INFO:colcon.colcon_core.shell:Creating package script '/home/student/Documents/formation_ros2/ros2_ws/src/install/ex1/share/ex1/package.ps1'
[1.385s] INFO:colcon.colcon_core.shell:Creating package descriptor '/home/student/Documents/formation_ros2/ros2_ws/src/install/ex1/share/ex1/package.dsv'
[1.385s] INFO:colcon.colcon_core.shell:Creating package script '/home/student/Documents/formation_ros2/ros2_ws/src/install/ex1/share/ex1/package.sh'
[1.386s] INFO:colcon.colcon_core.shell:Creating package script '/home/student/Documents/formation_ros2/ros2_ws/src/install/ex1/share/ex1/package.bash'
[1.386s] INFO:colcon.colcon_core.shell:Creating package script '/home/student/Documents/formation_ros2/ros2_ws/src/install/ex1/share/ex1/package.zsh'
[1.386s] Level 1:colcon.colcon_core.environment:create_file_with_runtime_dependencies(/home/student/Documents/formation_ros2/ros2_ws/src/install/ex1/share/colcon-core/packages/ex1)
[1.387s] DEBUG:colcon.colcon_parallel_executor.executor.parallel:closing loop
[1.387s] DEBUG:colcon.colcon_parallel_executor.executor.parallel:loop closed
[1.387s] DEBUG:colcon.colcon_parallel_executor.executor.parallel:run_until_complete finished with '0'
[1.388s] DEBUG:colcon.colcon_core.event_reactor:joining thread
[1.393s] INFO:colcon.colcon_core.plugin_system:Skipping extension 'colcon_notification.desktop_notification.terminal_notifier': Not used on non-Darwin systems
[1.393s] INFO:colcon.colcon_core.plugin_system:Skipping extension 'colcon_notification.desktop_notification.win32': Not used on non-Windows systems
[1.393s] INFO:colcon.colcon_notification.desktop_notification:Sending desktop notification using 'notify2'
[1.403s] DEBUG:colcon.colcon_core.event_reactor:joined thread
[1.403s] INFO:colcon.colcon_core.shell:Creating prefix script '/home/student/Documents/formation_ros2/ros2_ws/src/install/local_setup.ps1'
[1.405s] INFO:colcon.colcon_core.shell:Creating prefix util module '/home/student/Documents/formation_ros2/ros2_ws/src/install/_local_setup_util_ps1.py'
[1.406s] INFO:colcon.colcon_core.shell:Creating prefix chain script '/home/student/Documents/formation_ros2/ros2_ws/src/install/setup.ps1'
[1.408s] INFO:colcon.colcon_core.shell:Creating prefix script '/home/student/Documents/formation_ros2/ros2_ws/src/install/local_setup.sh'
[1.408s] INFO:colcon.colcon_core.shell:Creating prefix util module '/home/student/Documents/formation_ros2/ros2_ws/src/install/_local_setup_util_sh.py'
[1.409s] INFO:colcon.colcon_core.shell:Creating prefix chain script '/home/student/Documents/formation_ros2/ros2_ws/src/install/setup.sh'
[1.410s] INFO:colcon.colcon_core.shell:Creating prefix script '/home/student/Documents/formation_ros2/ros2_ws/src/install/local_setup.bash'
[1.411s] INFO:colcon.colcon_core.shell:Creating prefix chain script '/home/student/Documents/formation_ros2/ros2_ws/src/install/setup.bash'
[1.412s] INFO:colcon.colcon_core.shell:Creating prefix script '/home/student/Documents/formation_ros2/ros2_ws/src/install/local_setup.zsh'
[1.413s] INFO:colcon.colcon_core.shell:Creating prefix chain script '/home/student/Documents/formation_ros2/ros2_ws/src/install/setup.zsh'
