running egg_info
writing ../build/ex1/ex1.egg-info/PKG-INFO
writing dependency_links to ../build/ex1/ex1.egg-info/dependency_links.txt
writing entry points to ../build/ex1/ex1.egg-info/entry_points.txt
writing requirements to ../build/ex1/ex1.egg-info/requires.txt
writing top-level names to ../build/ex1/ex1.egg-info/top_level.txt
reading manifest file '../build/ex1/ex1.egg-info/SOURCES.txt'
adding license file 'LICENSE'
writing manifest file '../build/ex1/ex1.egg-info/SOURCES.txt'
running build
running build_py
running install
running install_lib
running install_data
copying package.xml -> /home/student/Documents/formation_ros2/ros2_ws/src/install/ex1/share/ex1
running install_egg_info
removing '/home/student/Documents/formation_ros2/ros2_ws/src/install/ex1/lib/python3.10/site-packages/ex1-0.0.0-py3.10.egg-info' (and everything under it)
Copying ../build/ex1/ex1.egg-info to /home/student/Documents/formation_ros2/ros2_ws/src/install/ex1/lib/python3.10/site-packages/ex1-0.0.0-py3.10.egg-info
running install_scripts
Installing listener script to /home/student/Documents/formation_ros2/ros2_ws/src/install/ex1/lib/ex1
Installing talker script to /home/student/Documents/formation_ros2/ros2_ws/src/install/ex1/lib/ex1
writing list of installed files to '/home/student/Documents/formation_ros2/ros2_ws/src/build/ex1/install.log'
