[0.109s] DEBUG:colcon:Command line arguments: ['/usr/bin/colcon', 'build']
[0.109s] DEBUG:colcon:Parsed command line arguments: Namespace(log_base=None, log_level=None, verb_name='build', build_base='build', install_base='install', merge_install=False, symlink_install=False, test_result_base=None, continue_on_error=False, executor='parallel', parallel_workers=8, event_handlers=None, ignore_user_meta=False, metas=['./colcon.meta'], base_paths=['.'], packages_ignore=None, packages_ignore_regex=None, paths=None, packages_up_to=None, packages_up_to_regex=None, packages_above=None, packages_above_and_dependencies=None, packages_above_depth=None, packages_select_by_dep=None, packages_skip_by_dep=None, packages_skip_up_to=None, packages_select_build_failed=False, packages_skip_build_finished=False, packages_select_test_failures=False, packages_skip_test_passed=False, packages_select=None, packages_skip=None, packages_select_regex=None, packages_skip_regex=None, packages_start=None, packages_end=None, allow_overriding=[], cmake_args=None, cmake_target=None, cmake_target_skip_unavailable=False, cmake_clean_cache=False, cmake_clean_first=False, cmake_force_configure=False, ament_cmake_args=None, catkin_cmake_args=None, catkin_skip_building_tests=False, mixin_files=None, mixin=None, verb_parser=<colcon_mixin.mixin.mixin_argument.MixinArgumentDecorator object at 0x7aee8e55fa00>, verb_extension=<colcon_core.verb.build.BuildVerb object at 0x7aee8e55f370>, main=<bound method BuildVerb.main of <colcon_core.verb.build.BuildVerb object at 0x7aee8e55f370>>, mixin_verb=('build',))
[0.277s] Level 1:colcon.colcon_core.package_discovery:discover_packages(colcon_meta) check parameters
[0.277s] Level 1:colcon.colcon_core.package_discovery:discover_packages(recursive) check parameters
[0.277s] Level 1:colcon.colcon_core.package_discovery:discover_packages(ignore) check parameters
[0.277s] Level 1:colcon.colcon_core.package_discovery:discover_packages(path) check parameters
[0.277s] Level 1:colcon.colcon_core.package_discovery:discover_packages(colcon_meta) discover
[0.277s] Level 1:colcon.colcon_core.package_discovery:discover_packages(recursive) discover
[0.277s] INFO:colcon.colcon_core.package_discovery:Crawling recursively for packages in '/home/student/Documents/formation_ros2/ros2_ws/src'
[0.277s] Level 1:colcon.colcon_core.package_identification:_identify(.) by extensions ['ignore', 'ignore_ament_install']
[0.277s] Level 1:colcon.colcon_core.package_identification:_identify(.) by extension 'ignore'
[0.277s] Level 1:colcon.colcon_core.package_identification:_identify(.) by extension 'ignore_ament_install'
[0.277s] Level 1:colcon.colcon_core.package_identification:_identify(.) by extensions ['colcon_pkg']
[0.277s] Level 1:colcon.colcon_core.package_identification:_identify(.) by extension 'colcon_pkg'
[0.277s] Level 1:colcon.colcon_core.package_identification:_identify(.) by extensions ['colcon_meta']
[0.278s] Level 1:colcon.colcon_core.package_identification:_identify(.) by extension 'colcon_meta'
[0.278s] Level 1:colcon.colcon_core.package_identification:_identify(.) by extensions ['ros']
[0.278s] Level 1:colcon.colcon_core.package_identification:_identify(.) by extension 'ros'
[0.287s] Level 1:colcon.colcon_core.package_identification:_identify(.) by extensions ['cmake', 'python']
[0.287s] Level 1:colcon.colcon_core.package_identification:_identify(.) by extension 'cmake'
[0.287s] Level 1:colcon.colcon_core.package_identification:_identify(.) by extension 'python'
[0.287s] Level 1:colcon.colcon_core.package_identification:_identify(.) by extensions ['python_setup_py']
[0.287s] Level 1:colcon.colcon_core.package_identification:_identify(.) by extension 'python_setup_py'
[0.287s] Level 1:colcon.colcon_core.package_identification:_identify(build) by extensions ['ignore', 'ignore_ament_install']
[0.287s] Level 1:colcon.colcon_core.package_identification:_identify(build) by extension 'ignore'
[0.287s] Level 1:colcon.colcon_core.package_identification:_identify(build) ignored
[0.287s] Level 1:colcon.colcon_core.package_identification:_identify(ex1) by extensions ['ignore', 'ignore_ament_install']
[0.287s] Level 1:colcon.colcon_core.package_identification:_identify(ex1) by extension 'ignore'
[0.288s] Level 1:colcon.colcon_core.package_identification:_identify(ex1) by extension 'ignore_ament_install'
[0.288s] Level 1:colcon.colcon_core.package_identification:_identify(ex1) by extensions ['colcon_pkg']
[0.288s] Level 1:colcon.colcon_core.package_identification:_identify(ex1) by extension 'colcon_pkg'
[0.288s] Level 1:colcon.colcon_core.package_identification:_identify(ex1) by extensions ['colcon_meta']
[0.288s] Level 1:colcon.colcon_core.package_identification:_identify(ex1) by extension 'colcon_meta'
[0.288s] Level 1:colcon.colcon_core.package_identification:_identify(ex1) by extensions ['ros']
[0.288s] Level 1:colcon.colcon_core.package_identification:_identify(ex1) by extension 'ros'
[0.290s] DEBUG:colcon.colcon_core.package_identification:Package 'ex1' with type 'ros.ament_python' and name 'ex1'
[0.290s] Level 1:colcon.colcon_core.package_identification:_identify(ex4) by extensions ['ignore', 'ignore_ament_install']
[0.290s] Level 1:colcon.colcon_core.package_identification:_identify(ex4) by extension 'ignore'
[0.290s] Level 1:colcon.colcon_core.package_identification:_identify(ex4) by extension 'ignore_ament_install'
[0.290s] Level 1:colcon.colcon_core.package_identification:_identify(ex4) by extensions ['colcon_pkg']
[0.290s] Level 1:colcon.colcon_core.package_identification:_identify(ex4) by extension 'colcon_pkg'
[0.290s] Level 1:colcon.colcon_core.package_identification:_identify(ex4) by extensions ['colcon_meta']
[0.290s] Level 1:colcon.colcon_core.package_identification:_identify(ex4) by extension 'colcon_meta'
[0.290s] Level 1:colcon.colcon_core.package_identification:_identify(ex4) by extensions ['ros']
[0.290s] Level 1:colcon.colcon_core.package_identification:_identify(ex4) by extension 'ros'
[0.291s] DEBUG:colcon.colcon_core.package_identification:Package 'ex4' with type 'ros.ament_cmake' and name 'ex4'
[0.291s] Level 1:colcon.colcon_core.package_identification:_identify(install) by extensions ['ignore', 'ignore_ament_install']
[0.291s] Level 1:colcon.colcon_core.package_identification:_identify(install) by extension 'ignore'
[0.291s] Level 1:colcon.colcon_core.package_identification:_identify(install) ignored
[0.291s] Level 1:colcon.colcon_core.package_identification:_identify(log) by extensions ['ignore', 'ignore_ament_install']
[0.291s] Level 1:colcon.colcon_core.package_identification:_identify(log) by extension 'ignore'
[0.291s] Level 1:colcon.colcon_core.package_identification:_identify(log) ignored
[0.291s] Level 1:colcon.colcon_core.package_identification:_identify(srv) by extensions ['ignore', 'ignore_ament_install']
[0.291s] Level 1:colcon.colcon_core.package_identification:_identify(srv) by extension 'ignore'
[0.291s] Level 1:colcon.colcon_core.package_identification:_identify(srv) by extension 'ignore_ament_install'
[0.291s] Level 1:colcon.colcon_core.package_identification:_identify(srv) by extensions ['colcon_pkg']
[0.291s] Level 1:colcon.colcon_core.package_identification:_identify(srv) by extension 'colcon_pkg'
[0.292s] Level 1:colcon.colcon_core.package_identification:_identify(srv) by extensions ['colcon_meta']
[0.292s] Level 1:colcon.colcon_core.package_identification:_identify(srv) by extension 'colcon_meta'
[0.292s] Level 1:colcon.colcon_core.package_identification:_identify(srv) by extensions ['ros']
[0.292s] Level 1:colcon.colcon_core.package_identification:_identify(srv) by extension 'ros'
[0.292s] DEBUG:colcon.colcon_core.package_identification:Package 'srv' with type 'ros.ament_cmake' and name 'srv'
[0.292s] Level 1:colcon.colcon_core.package_discovery:discover_packages(recursive) using defaults
[0.292s] Level 1:colcon.colcon_core.package_discovery:discover_packages(ignore) discover
[0.292s] Level 1:colcon.colcon_core.package_discovery:discover_packages(ignore) using defaults
[0.292s] Level 1:colcon.colcon_core.package_discovery:discover_packages(path) discover
[0.292s] Level 1:colcon.colcon_core.package_discovery:discover_packages(path) using defaults
[0.318s] Level 1:colcon.colcon_core.package_discovery:discover_packages(prefix_path) check parameters
[0.319s] Level 1:colcon.colcon_core.package_discovery:discover_packages(prefix_path) discover
[0.321s] DEBUG:colcon.colcon_installed_package_information.package_discovery:Found 12 installed packages in /home/student/turtlebot3_ws/install
[0.323s] DEBUG:colcon.colcon_installed_package_information.package_discovery:Found 431 installed packages in /opt/ros/humble
[0.325s] Level 1:colcon.colcon_core.package_discovery:discover_packages(prefix_path) using defaults
[0.374s] Level 5:colcon.colcon_core.verb:set package 'ex1' build argument 'cmake_args' from command line to 'None'
[0.374s] Level 5:colcon.colcon_core.verb:set package 'ex1' build argument 'cmake_target' from command line to 'None'
[0.374s] Level 5:colcon.colcon_core.verb:set package 'ex1' build argument 'cmake_target_skip_unavailable' from command line to 'False'
[0.374s] Level 5:colcon.colcon_core.verb:set package 'ex1' build argument 'cmake_clean_cache' from command line to 'False'
[0.374s] Level 5:colcon.colcon_core.verb:set package 'ex1' build argument 'cmake_clean_first' from command line to 'False'
[0.374s] Level 5:colcon.colcon_core.verb:set package 'ex1' build argument 'cmake_force_configure' from command line to 'False'
[0.374s] Level 5:colcon.colcon_core.verb:set package 'ex1' build argument 'ament_cmake_args' from command line to 'None'
[0.374s] Level 5:colcon.colcon_core.verb:set package 'ex1' build argument 'catkin_cmake_args' from command line to 'None'
[0.374s] Level 5:colcon.colcon_core.verb:set package 'ex1' build argument 'catkin_skip_building_tests' from command line to 'False'
[0.374s] DEBUG:colcon.colcon_core.verb:Building package 'ex1' with the following arguments: {'ament_cmake_args': None, 'build_base': '/home/student/Documents/formation_ros2/ros2_ws/src/build/ex1', 'catkin_cmake_args': None, 'catkin_skip_building_tests': False, 'cmake_args': None, 'cmake_clean_cache': False, 'cmake_clean_first': False, 'cmake_force_configure': False, 'cmake_target': None, 'cmake_target_skip_unavailable': False, 'install_base': '/home/student/Documents/formation_ros2/ros2_ws/src/install/ex1', 'merge_install': False, 'path': '/home/student/Documents/formation_ros2/ros2_ws/src/ex1', 'symlink_install': False, 'test_result_base': None}
[0.374s] Level 5:colcon.colcon_core.verb:set package 'ex4' build argument 'cmake_args' from command line to 'None'
[0.374s] Level 5:colcon.colcon_core.verb:set package 'ex4' build argument 'cmake_target' from command line to 'None'
[0.374s] Level 5:colcon.colcon_core.verb:set package 'ex4' build argument 'cmake_target_skip_unavailable' from command line to 'False'
[0.374s] Level 5:colcon.colcon_core.verb:set package 'ex4' build argument 'cmake_clean_cache' from command line to 'False'
[0.374s] Level 5:colcon.colcon_core.verb:set package 'ex4' build argument 'cmake_clean_first' from command line to 'False'
[0.374s] Level 5:colcon.colcon_core.verb:set package 'ex4' build argument 'cmake_force_configure' from command line to 'False'
[0.375s] Level 5:colcon.colcon_core.verb:set package 'ex4' build argument 'ament_cmake_args' from command line to 'None'
[0.375s] Level 5:colcon.colcon_core.verb:set package 'ex4' build argument 'catkin_cmake_args' from command line to 'None'
[0.375s] Level 5:colcon.colcon_core.verb:set package 'ex4' build argument 'catkin_skip_building_tests' from command line to 'False'
[0.375s] DEBUG:colcon.colcon_core.verb:Building package 'ex4' with the following arguments: {'ament_cmake_args': None, 'build_base': '/home/student/Documents/formation_ros2/ros2_ws/src/build/ex4', 'catkin_cmake_args': None, 'catkin_skip_building_tests': False, 'cmake_args': None, 'cmake_clean_cache': False, 'cmake_clean_first': False, 'cmake_force_configure': False, 'cmake_target': None, 'cmake_target_skip_unavailable': False, 'install_base': '/home/student/Documents/formation_ros2/ros2_ws/src/install/ex4', 'merge_install': False, 'path': '/home/student/Documents/formation_ros2/ros2_ws/src/ex4', 'symlink_install': False, 'test_result_base': None}
[0.375s] Level 5:colcon.colcon_core.verb:set package 'srv' build argument 'cmake_args' from command line to 'None'
[0.375s] Level 5:colcon.colcon_core.verb:set package 'srv' build argument 'cmake_target' from command line to 'None'
[0.375s] Level 5:colcon.colcon_core.verb:set package 'srv' build argument 'cmake_target_skip_unavailable' from command line to 'False'
[0.375s] Level 5:colcon.colcon_core.verb:set package 'srv' build argument 'cmake_clean_cache' from command line to 'False'
[0.375s] Level 5:colcon.colcon_core.verb:set package 'srv' build argument 'cmake_clean_first' from command line to 'False'
[0.375s] Level 5:colcon.colcon_core.verb:set package 'srv' build argument 'cmake_force_configure' from command line to 'False'
[0.375s] Level 5:colcon.colcon_core.verb:set package 'srv' build argument 'ament_cmake_args' from command line to 'None'
[0.375s] Level 5:colcon.colcon_core.verb:set package 'srv' build argument 'catkin_cmake_args' from command line to 'None'
[0.375s] Level 5:colcon.colcon_core.verb:set package 'srv' build argument 'catkin_skip_building_tests' from command line to 'False'
[0.375s] DEBUG:colcon.colcon_core.verb:Building package 'srv' with the following arguments: {'ament_cmake_args': None, 'build_base': '/home/student/Documents/formation_ros2/ros2_ws/src/build/srv', 'catkin_cmake_args': None, 'catkin_skip_building_tests': False, 'cmake_args': None, 'cmake_clean_cache': False, 'cmake_clean_first': False, 'cmake_force_configure': False, 'cmake_target': None, 'cmake_target_skip_unavailable': False, 'install_base': '/home/student/Documents/formation_ros2/ros2_ws/src/install/srv', 'merge_install': False, 'path': '/home/student/Documents/formation_ros2/ros2_ws/src/srv', 'symlink_install': False, 'test_result_base': None}
[0.375s] INFO:colcon.colcon_core.executor:Executing jobs using 'parallel' executor
[0.376s] DEBUG:colcon.colcon_parallel_executor.executor.parallel:run_until_complete
[0.376s] INFO:colcon.colcon_ros.task.ament_python.build:Building ROS package in '/home/student/Documents/formation_ros2/ros2_ws/src/ex1' with build type 'ament_python'
[0.377s] Level 1:colcon.colcon_core.shell:create_environment_hook('ex1', 'ament_prefix_path')
[0.378s] INFO:colcon.colcon_core.plugin_system:Skipping extension 'colcon_core.shell.bat': Not used on non-Windows systems
[0.379s] INFO:colcon.colcon_core.shell:Creating environment hook '/home/student/Documents/formation_ros2/ros2_ws/src/install/ex1/share/ex1/hook/ament_prefix_path.ps1'
[0.379s] INFO:colcon.colcon_core.shell:Creating environment descriptor '/home/student/Documents/formation_ros2/ros2_ws/src/install/ex1/share/ex1/hook/ament_prefix_path.dsv'
[0.380s] INFO:colcon.colcon_core.shell:Creating environment hook '/home/student/Documents/formation_ros2/ros2_ws/src/install/ex1/share/ex1/hook/ament_prefix_path.sh'
[0.380s] INFO:colcon.colcon_core.shell:Skip shell extension 'powershell' for command environment: Not usable outside of PowerShell
[0.380s] DEBUG:colcon.colcon_core.shell:Skip shell extension 'dsv' for command environment
[0.385s] INFO:colcon.colcon_ros.task.ament_cmake.build:Building ROS package in '/home/student/Documents/formation_ros2/ros2_ws/src/ex4' with build type 'ament_cmake'
[0.385s] INFO:colcon.colcon_cmake.task.cmake.build:Building CMake package in '/home/student/Documents/formation_ros2/ros2_ws/src/ex4'
[0.386s] INFO:colcon.colcon_core.shell:Skip shell extension 'powershell' for command environment: Not usable outside of PowerShell
[0.386s] DEBUG:colcon.colcon_core.shell:Skip shell extension 'dsv' for command environment
[0.391s] INFO:colcon.colcon_ros.task.ament_cmake.build:Building ROS package in '/home/student/Documents/formation_ros2/ros2_ws/src/srv' with build type 'ament_cmake'
[0.391s] INFO:colcon.colcon_cmake.task.cmake.build:Building CMake package in '/home/student/Documents/formation_ros2/ros2_ws/src/srv'
[0.391s] INFO:colcon.colcon_core.shell:Skip shell extension 'powershell' for command environment: Not usable outside of PowerShell
[0.391s] DEBUG:colcon.colcon_core.shell:Skip shell extension 'dsv' for command environment
[0.659s] INFO:colcon.colcon_core.task.python.build:Building Python package in '/home/student/Documents/formation_ros2/ros2_ws/src/ex1'
[0.659s] INFO:colcon.colcon_core.shell:Skip shell extension 'powershell' for command environment: Not usable outside of PowerShell
[0.659s] DEBUG:colcon.colcon_core.shell:Skip shell extension 'dsv' for command environment
[0.666s] DEBUG:colcon.colcon_core.event_handler.log_command:Invoking command in '/home/student/Documents/formation_ros2/ros2_ws/src/build/ex4': CMAKE_PREFIX_PATH=${CMAKE_PREFIX_PATH}:/home/student/turtlebot3_ws/install/turtlebot3_teleop:/home/student/turtlebot3_ws/install/turtlebot3_example:/opt/ros/humble /usr/bin/cmake /home/student/Documents/formation_ros2/ros2_ws/src/ex4 -DCMAKE_INSTALL_PREFIX=/home/student/Documents/formation_ros2/ros2_ws/src/install/ex4
[0.671s] DEBUG:colcon.colcon_core.event_handler.log_command:Invoking command in '/home/student/Documents/formation_ros2/ros2_ws/src/build/srv': CMAKE_PREFIX_PATH=${CMAKE_PREFIX_PATH}:/home/student/turtlebot3_ws/install/turtlebot3_teleop:/home/student/turtlebot3_ws/install/turtlebot3_example:/opt/ros/humble /usr/bin/cmake /home/student/Documents/formation_ros2/ros2_ws/src/srv -DCMAKE_INSTALL_PREFIX=/home/student/Documents/formation_ros2/ros2_ws/src/install/srv
[1.106s] DEBUG:colcon.colcon_core.event_handler.log_command:Invoking command in '/home/student/Documents/formation_ros2/ros2_ws/src/ex1': PYTHONPATH=/home/student/Documents/formation_ros2/ros2_ws/src/build/ex1/prefix_override:/usr/lib/python3/dist-packages/colcon_core/task/python/colcon_distutils_commands:/home/student/Documents/formation_ros2/ros2_ws/src/install/ex1/lib/python3.10/site-packages:${PYTHONPATH} /usr/bin/python3 -W ignore:setup.py install is deprecated -W ignore:easy_install command is deprecated setup.py egg_info --egg-base ../build/ex1 build --build-base /home/student/Documents/formation_ros2/ros2_ws/src/build/ex1/build install --record /home/student/Documents/formation_ros2/ros2_ws/src/build/ex1/install.log --single-version-externally-managed install_data
[1.428s] DEBUG:colcon.colcon_core.event_handler.log_command:Invoked command in '/home/student/Documents/formation_ros2/ros2_ws/src/ex1' returned '0': PYTHONPATH=/home/student/Documents/formation_ros2/ros2_ws/src/build/ex1/prefix_override:/usr/lib/python3/dist-packages/colcon_core/task/python/colcon_distutils_commands:/home/student/Documents/formation_ros2/ros2_ws/src/install/ex1/lib/python3.10/site-packages:${PYTHONPATH} /usr/bin/python3 -W ignore:setup.py install is deprecated -W ignore:easy_install command is deprecated setup.py egg_info --egg-base ../build/ex1 build --build-base /home/student/Documents/formation_ros2/ros2_ws/src/build/ex1/build install --record /home/student/Documents/formation_ros2/ros2_ws/src/build/ex1/install.log --single-version-externally-managed install_data
[1.431s] Level 1:colcon.colcon_core.environment:checking '/home/student/Documents/formation_ros2/ros2_ws/src/install/ex1' for CMake module files
[1.431s] Level 1:colcon.colcon_core.environment:checking '/home/student/Documents/formation_ros2/ros2_ws/src/install/ex1' for CMake config files
[1.432s] Level 1:colcon.colcon_core.environment:checking '/home/student/Documents/formation_ros2/ros2_ws/src/install/ex1/lib'
[1.432s] Level 1:colcon.colcon_core.environment:checking '/home/student/Documents/formation_ros2/ros2_ws/src/install/ex1/bin'
[1.432s] Level 1:colcon.colcon_core.environment:checking '/home/student/Documents/formation_ros2/ros2_ws/src/install/ex1/lib/pkgconfig/ex1.pc'
[1.432s] Level 1:colcon.colcon_core.environment:checking '/home/student/Documents/formation_ros2/ros2_ws/src/install/ex1/lib/python3.10/site-packages'
[1.432s] Level 1:colcon.colcon_core.shell:create_environment_hook('ex1', 'pythonpath')
[1.432s] INFO:colcon.colcon_core.shell:Creating environment hook '/home/student/Documents/formation_ros2/ros2_ws/src/install/ex1/share/ex1/hook/pythonpath.ps1'
[1.433s] INFO:colcon.colcon_core.shell:Creating environment descriptor '/home/student/Documents/formation_ros2/ros2_ws/src/install/ex1/share/ex1/hook/pythonpath.dsv'
[1.433s] INFO:colcon.colcon_core.shell:Creating environment hook '/home/student/Documents/formation_ros2/ros2_ws/src/install/ex1/share/ex1/hook/pythonpath.sh'
[1.434s] Level 1:colcon.colcon_core.environment:checking '/home/student/Documents/formation_ros2/ros2_ws/src/install/ex1/bin'
[1.434s] Level 1:colcon.colcon_core.environment:create_environment_scripts_only(ex1)
[1.435s] INFO:colcon.colcon_core.shell:Creating package script '/home/student/Documents/formation_ros2/ros2_ws/src/install/ex1/share/ex1/package.ps1'
[1.436s] INFO:colcon.colcon_core.shell:Creating package descriptor '/home/student/Documents/formation_ros2/ros2_ws/src/install/ex1/share/ex1/package.dsv'
[1.436s] INFO:colcon.colcon_core.shell:Creating package script '/home/student/Documents/formation_ros2/ros2_ws/src/install/ex1/share/ex1/package.sh'
[1.437s] INFO:colcon.colcon_core.shell:Creating package script '/home/student/Documents/formation_ros2/ros2_ws/src/install/ex1/share/ex1/package.bash'
[1.437s] INFO:colcon.colcon_core.shell:Creating package script '/home/student/Documents/formation_ros2/ros2_ws/src/install/ex1/share/ex1/package.zsh'
[1.438s] Level 1:colcon.colcon_core.environment:create_file_with_runtime_dependencies(/home/student/Documents/formation_ros2/ros2_ws/src/install/ex1/share/colcon-core/packages/ex1)
[2.789s] DEBUG:colcon.colcon_core.event_handler.log_command:Invoked command in '/home/student/Documents/formation_ros2/ros2_ws/src/build/srv' returned '0': CMAKE_PREFIX_PATH=${CMAKE_PREFIX_PATH}:/home/student/turtlebot3_ws/install/turtlebot3_teleop:/home/student/turtlebot3_ws/install/turtlebot3_example:/opt/ros/humble /usr/bin/cmake /home/student/Documents/formation_ros2/ros2_ws/src/srv -DCMAKE_INSTALL_PREFIX=/home/student/Documents/formation_ros2/ros2_ws/src/install/srv
[2.791s] DEBUG:colcon.colcon_core.event_handler.log_command:Invoking command in '/home/student/Documents/formation_ros2/ros2_ws/src/build/srv': CMAKE_PREFIX_PATH=${CMAKE_PREFIX_PATH}:/home/student/turtlebot3_ws/install/turtlebot3_teleop:/home/student/turtlebot3_ws/install/turtlebot3_example:/opt/ros/humble /usr/bin/cmake --build /home/student/Documents/formation_ros2/ros2_ws/src/build/srv -- -j8 -l8
[2.810s] DEBUG:colcon.colcon_core.event_handler.log_command:Invoked command in '/home/student/Documents/formation_ros2/ros2_ws/src/build/ex4' returned '0': CMAKE_PREFIX_PATH=${CMAKE_PREFIX_PATH}:/home/student/turtlebot3_ws/install/turtlebot3_teleop:/home/student/turtlebot3_ws/install/turtlebot3_example:/opt/ros/humble /usr/bin/cmake /home/student/Documents/formation_ros2/ros2_ws/src/ex4 -DCMAKE_INSTALL_PREFIX=/home/student/Documents/formation_ros2/ros2_ws/src/install/ex4
[2.811s] DEBUG:colcon.colcon_core.event_handler.log_command:Invoking command in '/home/student/Documents/formation_ros2/ros2_ws/src/build/ex4': CMAKE_PREFIX_PATH=${CMAKE_PREFIX_PATH}:/home/student/turtlebot3_ws/install/turtlebot3_teleop:/home/student/turtlebot3_ws/install/turtlebot3_example:/opt/ros/humble /usr/bin/cmake --build /home/student/Documents/formation_ros2/ros2_ws/src/build/ex4 -- -j8 -l8
[6.403s] DEBUG:colcon.colcon_core.event_handler.log_command:Invoked command in '/home/student/Documents/formation_ros2/ros2_ws/src/build/srv' returned '2': CMAKE_PREFIX_PATH=${CMAKE_PREFIX_PATH}:/home/student/turtlebot3_ws/install/turtlebot3_teleop:/home/student/turtlebot3_ws/install/turtlebot3_example:/opt/ros/humble /usr/bin/cmake --build /home/student/Documents/formation_ros2/ros2_ws/src/build/srv -- -j8 -l8
[6.403s] Level 1:colcon.colcon_core.environment:create_environment_scripts_only(srv)
[6.403s] Level 1:colcon.colcon_core.environment:checking '/home/student/Documents/formation_ros2/ros2_ws/src/install/srv' for CMake module files
[6.404s] Level 1:colcon.colcon_core.environment:checking '/home/student/Documents/formation_ros2/ros2_ws/src/install/srv' for CMake config files
[6.404s] Level 1:colcon.colcon_core.environment:checking '/home/student/Documents/formation_ros2/ros2_ws/src/install/srv/bin'
[6.404s] Level 1:colcon.colcon_core.environment:checking '/home/student/Documents/formation_ros2/ros2_ws/src/install/srv/lib/pkgconfig/srv.pc'
[6.404s] Level 1:colcon.colcon_core.environment:checking '/home/student/Documents/formation_ros2/ros2_ws/src/install/srv/lib/python3.10/site-packages'
[6.405s] Level 1:colcon.colcon_core.environment:checking '/home/student/Documents/formation_ros2/ros2_ws/src/install/srv/bin'
[6.405s] INFO:colcon.colcon_core.shell:Creating package script '/home/student/Documents/formation_ros2/ros2_ws/src/install/srv/share/srv/package.ps1'
[6.405s] INFO:colcon.colcon_core.shell:Creating package descriptor '/home/student/Documents/formation_ros2/ros2_ws/src/install/srv/share/srv/package.dsv'
[6.406s] INFO:colcon.colcon_core.shell:Creating package script '/home/student/Documents/formation_ros2/ros2_ws/src/install/srv/share/srv/package.sh'
[6.406s] INFO:colcon.colcon_core.shell:Creating package script '/home/student/Documents/formation_ros2/ros2_ws/src/install/srv/share/srv/package.bash'
[6.406s] INFO:colcon.colcon_core.shell:Creating package script '/home/student/Documents/formation_ros2/ros2_ws/src/install/srv/share/srv/package.zsh'
[6.407s] Level 1:colcon.colcon_core.environment:create_file_with_runtime_dependencies(/home/student/Documents/formation_ros2/ros2_ws/src/install/srv/share/colcon-core/packages/srv)
[7.304s] DEBUG:colcon.colcon_parallel_executor.executor.parallel:closing loop
[7.305s] DEBUG:colcon.colcon_parallel_executor.executor.parallel:loop closed
[7.305s] DEBUG:colcon.colcon_parallel_executor.executor.parallel:run_until_complete finished with '2'
[7.305s] DEBUG:colcon.colcon_core.event_reactor:joining thread
[7.310s] INFO:colcon.colcon_core.plugin_system:Skipping extension 'colcon_notification.desktop_notification.terminal_notifier': Not used on non-Darwin systems
[7.310s] INFO:colcon.colcon_core.plugin_system:Skipping extension 'colcon_notification.desktop_notification.win32': Not used on non-Windows systems
[7.310s] INFO:colcon.colcon_notification.desktop_notification:Sending desktop notification using 'notify2'
[7.321s] DEBUG:colcon.colcon_core.event_reactor:joined thread
[7.321s] INFO:colcon.colcon_core.shell:Creating prefix script '/home/student/Documents/formation_ros2/ros2_ws/src/install/local_setup.ps1'
[7.322s] INFO:colcon.colcon_core.shell:Creating prefix util module '/home/student/Documents/formation_ros2/ros2_ws/src/install/_local_setup_util_ps1.py'
[7.324s] INFO:colcon.colcon_core.shell:Creating prefix chain script '/home/student/Documents/formation_ros2/ros2_ws/src/install/setup.ps1'
[7.325s] INFO:colcon.colcon_core.shell:Creating prefix script '/home/student/Documents/formation_ros2/ros2_ws/src/install/local_setup.sh'
[7.326s] INFO:colcon.colcon_core.shell:Creating prefix util module '/home/student/Documents/formation_ros2/ros2_ws/src/install/_local_setup_util_sh.py'
[7.326s] INFO:colcon.colcon_core.shell:Creating prefix chain script '/home/student/Documents/formation_ros2/ros2_ws/src/install/setup.sh'
[7.328s] INFO:colcon.colcon_core.shell:Creating prefix script '/home/student/Documents/formation_ros2/ros2_ws/src/install/local_setup.bash'
[7.328s] INFO:colcon.colcon_core.shell:Creating prefix chain script '/home/student/Documents/formation_ros2/ros2_ws/src/install/setup.bash'
[7.330s] INFO:colcon.colcon_core.shell:Creating prefix script '/home/student/Documents/formation_ros2/ros2_ws/src/install/local_setup.zsh'
[7.331s] INFO:colcon.colcon_core.shell:Creating prefix chain script '/home/student/Documents/formation_ros2/ros2_ws/src/install/setup.zsh'
