-- The C compiler identification is GNU 11.4.0
-- The CXX compiler identification is GNU 11.4.0
-- Detecting C compiler ABI info
-- Detecting C compiler ABI info - done
-- Check for working C compiler: /usr/bin/cc - skipped
-- Detecting C compile features
-- Detecting C compile features - done
-- Detecting CXX compiler ABI info
-- Detecting CXX compiler ABI info - done
-- Check for working CXX compiler: /usr/bin/c++ - skipped
-- Detecting CXX compile features
-- Detecting CXX compile features - done
-- Found ament_cmake: 1.3.12 (/opt/ros/humble/share/ament_cmake/cmake)
-- Found Python3: /usr/bin/python3 (found version "3.10.12") found components: Interpreter 
-- Found ament_lint_auto: 0.12.14 (/opt/ros/humble/share/ament_lint_auto/cmake)
-- Found geometry_msgs: 4.9.0 (/opt/ros/humble/share/geometry_msgs/cmake)
-- Found rosidl_generator_c: 3.1.7 (/opt/ros/humble/share/rosidl_generator_c/cmake)
-- Found rosidl_adapter: 3.1.7 (/opt/ros/humble/share/rosidl_adapter/cmake)
-- Found rosidl_generator_cpp: 3.1.7 (/opt/ros/humble/share/rosidl_generator_cpp/cmake)
-- Using all available rosidl_typesupport_c: rosidl_typesupport_fastrtps_c;rosidl_typesupport_introspection_c
-- Using all available rosidl_typesupport_cpp: rosidl_typesupport_fastrtps_cpp;rosidl_typesupport_introspection_cpp
-- Found rosidl_default_generators: 1.2.0 (/opt/ros/humble/share/rosidl_default_generators/cmake)
-- Found ament_cmake_ros: 0.10.0 (/opt/ros/humble/share/ament_cmake_ros/cmake)
-- Using all available rosidl_typesupport_c: rosidl_typesupport_fastrtps_c;rosidl_typesupport_introspection_c
-- Using all available rosidl_typesupport_cpp: rosidl_typesupport_fastrtps_cpp;rosidl_typesupport_introspection_cpp
-- Found PythonInterp: /usr/bin/python3 (found suitable version "3.10.12", minimum required is "3.6") 
-- Found python_cmake_module: 0.10.0 (/opt/ros/humble/share/python_cmake_module/cmake)
-- Found PythonLibs: /usr/lib/x86_64-linux-gnu/libpython3.10.so (found suitable version "3.10.12", minimum required is "3.5") 
-- Using PYTHON_EXECUTABLE: /usr/bin/python3
-- Using PYTHON_INCLUDE_DIRS: /usr/include/python3.10
-- Using PYTHON_LIBRARIES: /usr/lib/x86_64-linux-gnu/libpython3.10.so
-- Found PythonExtra: .so  
-- Added test 'cppcheck' to perform static code analysis on C / C++ code
-- Configured cppcheck include dirs: 
-- Configured cppcheck exclude dirs and/or files: 
-- Added test 'flake8' to check Python code syntax and style conventions
-- Added test 'lint_cmake' to check CMake code style
-- Added test 'pep257' to check Python code against some of the docstring style conventions in PEP 257
-- Added test 'uncrustify' to check C / C++ code style
-- Configured uncrustify additional arguments: 
-- Added test 'xmllint' to check XML markup files
-- Configuring done
-- Generating done
-- Build files have been written to: /home/student/Documents/formation_ros2/ros2_ws/src/build/ex4
[  2%] [34m[1mGenerating C code for ROS interfaces[0m
[  4%] [34m[1mGenerating C++ code for ROS interfaces[0m
[  4%] Built target ament_cmake_python_copy_ex4
[  4%] Built target ex4__cpp
[  6%] [34m[1mGenerating C++ type support for eProsima Fast-RTPS[0m
[  8%] [34m[1mGenerating C++ type support dispatch for ROS interfaces[0m
[ 10%] [34m[1mGenerating C++ introspection for ROS interfaces[0m
running egg_info
creating ex4.egg-info
writing ex4.egg-info/PKG-INFO
writing dependency_links to ex4.egg-info/dependency_links.txt
writing top-level names to ex4.egg-info/top_level.txt
writing manifest file 'ex4.egg-info/SOURCES.txt'
reading manifest file 'ex4.egg-info/SOURCES.txt'
writing manifest file 'ex4.egg-info/SOURCES.txt'
[ 10%] Built target ament_cmake_python_build_ex4_egg
[ 12%] [32mBuilding C object CMakeFiles/ex4__rosidl_generator_c.dir/rosidl_generator_c/ex4/msg/detail/num__functions.c.o[0m
[ 14%] [32mBuilding C object CMakeFiles/ex4__rosidl_generator_c.dir/rosidl_generator_c/ex4/msg/detail/sphere__functions.c.o[0m
[ 17%] [32mBuilding C object CMakeFiles/ex4__rosidl_generator_c.dir/rosidl_generator_c/ex4/srv/detail/add_three_ints__functions.c.o[0m
[ 19%] [32m[1mLinking C shared library libex4__rosidl_generator_c.so[0m
[ 19%] Built target ex4__rosidl_generator_c
[ 21%] [32mBuilding CXX object CMakeFiles/ex4__rosidl_typesupport_cpp.dir/rosidl_typesupport_cpp/ex4/msg/num__type_support.cpp.o[0m
[ 23%] [32mBuilding CXX object CMakeFiles/ex4__rosidl_typesupport_cpp.dir/rosidl_typesupport_cpp/ex4/msg/sphere__type_support.cpp.o[0m
[ 25%] [34m[1mGenerating C type support for eProsima Fast-RTPS[0m
[ 27%] [32mBuilding CXX object CMakeFiles/ex4__rosidl_typesupport_cpp.dir/rosidl_typesupport_cpp/ex4/srv/add_three_ints__type_support.cpp.o[0m
[ 29%] [34m[1mGenerating C type support dispatch for ROS interfaces[0m
[ 31%] [34m[1mGenerating C introspection for ROS interfaces[0m
[ 34%] [32mBuilding CXX object CMakeFiles/ex4__rosidl_typesupport_introspection_cpp.dir/rosidl_typesupport_introspection_cpp/ex4/msg/detail/num__type_support.cpp.o[0m
[ 36%] [32mBuilding CXX object CMakeFiles/ex4__rosidl_typesupport_fastrtps_cpp.dir/rosidl_typesupport_fastrtps_cpp/ex4/msg/detail/dds_fastrtps/num__type_support.cpp.o[0m
[ 38%] [32mBuilding CXX object CMakeFiles/ex4__rosidl_typesupport_fastrtps_cpp.dir/rosidl_typesupport_fastrtps_cpp/ex4/msg/detail/dds_fastrtps/sphere__type_support.cpp.o[0m
[ 40%] [32mBuilding CXX object CMakeFiles/ex4__rosidl_typesupport_introspection_cpp.dir/rosidl_typesupport_introspection_cpp/ex4/msg/detail/sphere__type_support.cpp.o[0m
[ 42%] [32mBuilding CXX object CMakeFiles/ex4__rosidl_typesupport_fastrtps_c.dir/rosidl_typesupport_fastrtps_c/ex4/msg/detail/num__type_support_c.cpp.o[0m
[ 44%] [32m[1mLinking CXX shared library libex4__rosidl_typesupport_cpp.so[0m
[ 44%] Built target ex4__rosidl_typesupport_cpp
[ 46%] [32mBuilding CXX object CMakeFiles/ex4__rosidl_typesupport_fastrtps_cpp.dir/rosidl_typesupport_fastrtps_cpp/ex4/srv/detail/dds_fastrtps/add_three_ints__type_support.cpp.o[0m
[ 48%] [32mBuilding CXX object CMakeFiles/ex4__rosidl_typesupport_c.dir/rosidl_typesupport_c/ex4/msg/num__type_support.cpp.o[0m
[ 51%] [32mBuilding CXX object CMakeFiles/ex4__rosidl_typesupport_c.dir/rosidl_typesupport_c/ex4/msg/sphere__type_support.cpp.o[0m
[ 53%] [32mBuilding C object CMakeFiles/ex4__rosidl_typesupport_introspection_c.dir/rosidl_typesupport_introspection_c/ex4/msg/detail/num__type_support.c.o[0m
[ 55%] [32mBuilding CXX object CMakeFiles/ex4__rosidl_typesupport_c.dir/rosidl_typesupport_c/ex4/srv/add_three_ints__type_support.cpp.o[0m
[ 57%] [32mBuilding C object CMakeFiles/ex4__rosidl_typesupport_introspection_c.dir/rosidl_typesupport_introspection_c/ex4/msg/detail/sphere__type_support.c.o[0m
[ 59%] [32mBuilding CXX object CMakeFiles/ex4__rosidl_typesupport_introspection_cpp.dir/rosidl_typesupport_introspection_cpp/ex4/srv/detail/add_three_ints__type_support.cpp.o[0m
[ 61%] [32m[1mLinking CXX shared library libex4__rosidl_typesupport_c.so[0m
[ 63%] [32mBuilding C object CMakeFiles/ex4__rosidl_typesupport_introspection_c.dir/rosidl_typesupport_introspection_c/ex4/srv/detail/add_three_ints__type_support.c.o[0m
[ 65%] [32mBuilding CXX object CMakeFiles/ex4__rosidl_typesupport_fastrtps_c.dir/rosidl_typesupport_fastrtps_c/ex4/msg/detail/sphere__type_support_c.cpp.o[0m
[ 65%] Built target ex4__rosidl_typesupport_c
[ 68%] [32mBuilding CXX object CMakeFiles/ex4__rosidl_typesupport_fastrtps_c.dir/rosidl_typesupport_fastrtps_c/ex4/srv/detail/add_three_ints__type_support_c.cpp.o[0m
[ 70%] [32m[1mLinking C shared library libex4__rosidl_typesupport_introspection_c.so[0m
[ 70%] Built target ex4__rosidl_typesupport_introspection_c
[ 72%] [32m[1mLinking CXX shared library libex4__rosidl_typesupport_fastrtps_cpp.so[0m
[ 74%] [32m[1mLinking CXX shared library libex4__rosidl_typesupport_fastrtps_c.so[0m
[ 74%] Built target ex4__rosidl_typesupport_fastrtps_cpp
[ 76%] [32m[1mLinking CXX shared library libex4__rosidl_typesupport_introspection_cpp.so[0m
[ 76%] Built target ex4__rosidl_typesupport_fastrtps_c
[ 76%] Built target ex4__rosidl_typesupport_introspection_cpp
[ 76%] Built target ex4
[ 78%] [34m[1mGenerating Python code for ROS interfaces[0m
[ 78%] Built target ex4__py
[ 85%] [32mBuilding C object CMakeFiles/ex4__rosidl_generator_py.dir/rosidl_generator_py/ex4/srv/_add_three_ints_s.c.o[0m
[ 85%] [32mBuilding C object CMakeFiles/ex4__rosidl_generator_py.dir/rosidl_generator_py/ex4/msg/_num_s.c.o[0m
[ 85%] [32mBuilding C object CMakeFiles/ex4__rosidl_generator_py.dir/rosidl_generator_py/ex4/msg/_sphere_s.c.o[0m
[ 87%] [32m[1mLinking C shared library rosidl_generator_py/ex4/libex4__rosidl_generator_py.so[0m
[ 87%] Built target ex4__rosidl_generator_py
[ 91%] [32mBuilding C object CMakeFiles/ex4__rosidl_typesupport_introspection_c__pyext.dir/rosidl_generator_py/ex4/_ex4_s.ep.rosidl_typesupport_introspection_c.c.o[0m
[ 91%] [32mBuilding C object CMakeFiles/ex4__rosidl_typesupport_fastrtps_c__pyext.dir/rosidl_generator_py/ex4/_ex4_s.ep.rosidl_typesupport_fastrtps_c.c.o[0m
[ 93%] [32mBuilding C object CMakeFiles/ex4__rosidl_typesupport_c__pyext.dir/rosidl_generator_py/ex4/_ex4_s.ep.rosidl_typesupport_c.c.o[0m
[100%] [32m[1mLinking C shared library rosidl_generator_py/ex4/ex4_s__rosidl_typesupport_introspection_c.cpython-310-x86_64-linux-gnu.so[0m
[100%] [32m[1mLinking C shared library rosidl_generator_py/ex4/ex4_s__rosidl_typesupport_fastrtps_c.cpython-310-x86_64-linux-gnu.so[0m
[100%] [32m[1mLinking C shared library rosidl_generator_py/ex4/ex4_s__rosidl_typesupport_c.cpython-310-x86_64-linux-gnu.so[0m
[100%] Built target ex4__rosidl_typesupport_fastrtps_c__pyext
[100%] Built target ex4__rosidl_typesupport_c__pyext
[100%] Built target ex4__rosidl_typesupport_introspection_c__pyext
