[0.280s] Invoking command in '/home/student/Documents/formation_ros2/ros2_ws/src/build/ex4': CMAKE_PREFIX_PATH=${CMAKE_PREFIX_PATH}:/home/student/turtlebot3_ws/install/turtlebot3_teleop:/home/student/turtlebot3_ws/install/turtlebot3_example:/opt/ros/humble /usr/bin/cmake /home/student/Documents/formation_ros2/ros2_ws/src/ex4 -DCMAKE_INSTALL_PREFIX=/home/student/Documents/formation_ros2/ros2_ws/src/install/ex4
[0.343s] -- The C compiler identification is GNU 11.4.0
[0.401s] -- The CXX compiler identification is GNU 11.4.0
[0.411s] -- Detecting C compiler ABI info
[0.480s] -- Detecting C compiler ABI info - done
[0.494s] -- Check for working C compiler: /usr/bin/cc - skipped
[0.494s] -- Detecting C compile features
[0.495s] -- Detecting C compile features - done
[0.500s] -- Detecting CXX compiler ABI info
[0.583s] -- Detecting CXX compiler ABI info - done
[0.591s] -- Check for working CXX compiler: /usr/bin/c++ - skipped
[0.591s] -- Detecting CXX compile features
[0.591s] -- Detecting CXX compile features - done
[0.595s] -- Found ament_cmake: 1.3.12 (/opt/ros/humble/share/ament_cmake/cmake)
[0.764s] -- Found Python3: /usr/bin/python3 (found version "3.10.12") found components: Interpreter 
[0.900s] -- Found ament_lint_auto: 0.12.14 (/opt/ros/humble/share/ament_lint_auto/cmake)
[0.998s] -- Found geometry_msgs: 4.9.0 (/opt/ros/humble/share/geometry_msgs/cmake)
[1.057s] -- Found rosidl_generator_c: 3.1.7 (/opt/ros/humble/share/rosidl_generator_c/cmake)
[1.065s] -- Found rosidl_adapter: 3.1.7 (/opt/ros/humble/share/rosidl_adapter/cmake)
[1.078s] -- Found rosidl_generator_cpp: 3.1.7 (/opt/ros/humble/share/rosidl_generator_cpp/cmake)
[1.094s] -- Using all available rosidl_typesupport_c: rosidl_typesupport_fastrtps_c;rosidl_typesupport_introspection_c
[1.117s] -- Using all available rosidl_typesupport_cpp: rosidl_typesupport_fastrtps_cpp;rosidl_typesupport_introspection_cpp
[1.163s] -- Found rosidl_default_generators: 1.2.0 (/opt/ros/humble/share/rosidl_default_generators/cmake)
[1.415s] -- Found ament_cmake_ros: 0.10.0 (/opt/ros/humble/share/ament_cmake_ros/cmake)
[1.868s] -- Using all available rosidl_typesupport_c: rosidl_typesupport_fastrtps_c;rosidl_typesupport_introspection_c
[2.039s] -- Using all available rosidl_typesupport_cpp: rosidl_typesupport_fastrtps_cpp;rosidl_typesupport_introspection_cpp
[2.062s] -- Found PythonInterp: /usr/bin/python3 (found suitable version "3.10.12", minimum required is "3.6") 
[2.066s] -- Found python_cmake_module: 0.10.0 (/opt/ros/humble/share/python_cmake_module/cmake)
[2.091s] -- Found PythonLibs: /usr/lib/x86_64-linux-gnu/libpython3.10.so (found suitable version "3.10.12", minimum required is "3.5") 
[2.091s] -- Using PYTHON_EXECUTABLE: /usr/bin/python3
[2.092s] -- Using PYTHON_INCLUDE_DIRS: /usr/include/python3.10
[2.092s] -- Using PYTHON_LIBRARIES: /usr/lib/x86_64-linux-gnu/libpython3.10.so
[2.114s] -- Found PythonExtra: .so  
[2.246s] -- Added test 'cppcheck' to perform static code analysis on C / C++ code
[2.246s] -- Configured cppcheck include dirs: 
[2.246s] -- Configured cppcheck exclude dirs and/or files: 
[2.256s] -- Added test 'flake8' to check Python code syntax and style conventions
[2.272s] -- Added test 'lint_cmake' to check CMake code style
[2.281s] -- Added test 'pep257' to check Python code against some of the docstring style conventions in PEP 257
[2.349s] -- Added test 'uncrustify' to check C / C++ code style
[2.350s] -- Configured uncrustify additional arguments: 
[2.358s] -- Added test 'xmllint' to check XML markup files
[2.364s] -- Configuring done
[2.402s] -- Generating done
[2.415s] -- Build files have been written to: /home/student/Documents/formation_ros2/ros2_ws/src/build/ex4
[2.423s] Invoked command in '/home/student/Documents/formation_ros2/ros2_ws/src/build/ex4' returned '0': CMAKE_PREFIX_PATH=${CMAKE_PREFIX_PATH}:/home/student/turtlebot3_ws/install/turtlebot3_teleop:/home/student/turtlebot3_ws/install/turtlebot3_example:/opt/ros/humble /usr/bin/cmake /home/student/Documents/formation_ros2/ros2_ws/src/ex4 -DCMAKE_INSTALL_PREFIX=/home/student/Documents/formation_ros2/ros2_ws/src/install/ex4
[2.425s] Invoking command in '/home/student/Documents/formation_ros2/ros2_ws/src/build/ex4': CMAKE_PREFIX_PATH=${CMAKE_PREFIX_PATH}:/home/student/turtlebot3_ws/install/turtlebot3_teleop:/home/student/turtlebot3_ws/install/turtlebot3_example:/opt/ros/humble /usr/bin/cmake --build /home/student/Documents/formation_ros2/ros2_ws/src/build/ex4 -- -j8 -l8
[2.470s] [  2%] [34m[1mGenerating C code for ROS interfaces[0m
[2.486s] [  4%] [34m[1mGenerating C++ code for ROS interfaces[0m
[2.490s] [  4%] Built target ament_cmake_python_copy_ex4
[2.935s] [  4%] Built target ex4__cpp
[2.953s] [  6%] [34m[1mGenerating C++ type support for eProsima Fast-RTPS[0m
[2.954s] [  8%] [34m[1mGenerating C++ type support dispatch for ROS interfaces[0m
[2.968s] [ 10%] [34m[1mGenerating C++ introspection for ROS interfaces[0m
[2.968s] running egg_info
[2.970s] creating ex4.egg-info
[2.970s] writing ex4.egg-info/PKG-INFO
[2.971s] writing dependency_links to ex4.egg-info/dependency_links.txt
[2.971s] writing top-level names to ex4.egg-info/top_level.txt
[2.972s] writing manifest file 'ex4.egg-info/SOURCES.txt'
[2.976s] reading manifest file 'ex4.egg-info/SOURCES.txt'
[2.976s] writing manifest file 'ex4.egg-info/SOURCES.txt'
[3.037s] [ 10%] Built target ament_cmake_python_build_ex4_egg
[3.233s] [ 12%] [32mBuilding C object CMakeFiles/ex4__rosidl_generator_c.dir/rosidl_generator_c/ex4/msg/detail/num__functions.c.o[0m
[3.241s] [ 14%] [32mBuilding C object CMakeFiles/ex4__rosidl_generator_c.dir/rosidl_generator_c/ex4/msg/detail/sphere__functions.c.o[0m
[3.244s] [ 17%] [32mBuilding C object CMakeFiles/ex4__rosidl_generator_c.dir/rosidl_generator_c/ex4/srv/detail/add_three_ints__functions.c.o[0m
[3.367s] [ 19%] [32m[1mLinking C shared library libex4__rosidl_generator_c.so[0m
[3.437s] [ 19%] Built target ex4__rosidl_generator_c
[3.457s] [ 21%] [32mBuilding CXX object CMakeFiles/ex4__rosidl_typesupport_cpp.dir/rosidl_typesupport_cpp/ex4/msg/num__type_support.cpp.o[0m
[3.460s] [ 23%] [32mBuilding CXX object CMakeFiles/ex4__rosidl_typesupport_cpp.dir/rosidl_typesupport_cpp/ex4/msg/sphere__type_support.cpp.o[0m
[3.466s] [ 25%] [34m[1mGenerating C type support for eProsima Fast-RTPS[0m
[3.473s] [ 27%] [32mBuilding CXX object CMakeFiles/ex4__rosidl_typesupport_cpp.dir/rosidl_typesupport_cpp/ex4/srv/add_three_ints__type_support.cpp.o[0m
[3.479s] [ 29%] [34m[1mGenerating C type support dispatch for ROS interfaces[0m
[3.480s] [ 31%] [34m[1mGenerating C introspection for ROS interfaces[0m
[3.929s] [ 34%] [32mBuilding CXX object CMakeFiles/ex4__rosidl_typesupport_introspection_cpp.dir/rosidl_typesupport_introspection_cpp/ex4/msg/detail/num__type_support.cpp.o[0m
[3.951s] [ 36%] [32mBuilding CXX object CMakeFiles/ex4__rosidl_typesupport_fastrtps_cpp.dir/rosidl_typesupport_fastrtps_cpp/ex4/msg/detail/dds_fastrtps/num__type_support.cpp.o[0m
[4.396s] [ 38%] [32mBuilding CXX object CMakeFiles/ex4__rosidl_typesupport_fastrtps_cpp.dir/rosidl_typesupport_fastrtps_cpp/ex4/msg/detail/dds_fastrtps/sphere__type_support.cpp.o[0m
[4.407s] [ 40%] [32mBuilding CXX object CMakeFiles/ex4__rosidl_typesupport_introspection_cpp.dir/rosidl_typesupport_introspection_cpp/ex4/msg/detail/sphere__type_support.cpp.o[0m
[4.456s] [ 42%] [32mBuilding CXX object CMakeFiles/ex4__rosidl_typesupport_fastrtps_c.dir/rosidl_typesupport_fastrtps_c/ex4/msg/detail/num__type_support_c.cpp.o[0m
[4.561s] [ 44%] [32m[1mLinking CXX shared library libex4__rosidl_typesupport_cpp.so[0m
[4.691s] [ 44%] Built target ex4__rosidl_typesupport_cpp
[4.732s] [ 46%] [32mBuilding CXX object CMakeFiles/ex4__rosidl_typesupport_fastrtps_cpp.dir/rosidl_typesupport_fastrtps_cpp/ex4/srv/detail/dds_fastrtps/add_three_ints__type_support.cpp.o[0m
[4.762s] [ 48%] [32mBuilding CXX object CMakeFiles/ex4__rosidl_typesupport_c.dir/rosidl_typesupport_c/ex4/msg/num__type_support.cpp.o[0m
[4.874s] [ 51%] [32mBuilding CXX object CMakeFiles/ex4__rosidl_typesupport_c.dir/rosidl_typesupport_c/ex4/msg/sphere__type_support.cpp.o[0m
[4.946s] [ 53%] [32mBuilding C object CMakeFiles/ex4__rosidl_typesupport_introspection_c.dir/rosidl_typesupport_introspection_c/ex4/msg/detail/num__type_support.c.o[0m
[4.973s] [ 55%] [32mBuilding CXX object CMakeFiles/ex4__rosidl_typesupport_c.dir/rosidl_typesupport_c/ex4/srv/add_three_ints__type_support.cpp.o[0m
[5.057s] [ 57%] [32mBuilding C object CMakeFiles/ex4__rosidl_typesupport_introspection_c.dir/rosidl_typesupport_introspection_c/ex4/msg/detail/sphere__type_support.c.o[0m
[5.067s] [ 59%] [32mBuilding CXX object CMakeFiles/ex4__rosidl_typesupport_introspection_cpp.dir/rosidl_typesupport_introspection_cpp/ex4/srv/detail/add_three_ints__type_support.cpp.o[0m
[5.116s] [ 61%] [32m[1mLinking CXX shared library libex4__rosidl_typesupport_c.so[0m
[5.232s] [ 63%] [32mBuilding C object CMakeFiles/ex4__rosidl_typesupport_introspection_c.dir/rosidl_typesupport_introspection_c/ex4/srv/detail/add_three_ints__type_support.c.o[0m
[5.232s] [ 65%] [32mBuilding CXX object CMakeFiles/ex4__rosidl_typesupport_fastrtps_c.dir/rosidl_typesupport_fastrtps_c/ex4/msg/detail/sphere__type_support_c.cpp.o[0m
[5.232s] [ 65%] Built target ex4__rosidl_typesupport_c
[5.233s] [ 68%] [32mBuilding CXX object CMakeFiles/ex4__rosidl_typesupport_fastrtps_c.dir/rosidl_typesupport_fastrtps_c/ex4/srv/detail/add_three_ints__type_support_c.cpp.o[0m
[5.318s] [ 70%] [32m[1mLinking C shared library libex4__rosidl_typesupport_introspection_c.so[0m
[5.440s] [ 70%] Built target ex4__rosidl_typesupport_introspection_c
[5.768s] [ 72%] [32m[1mLinking CXX shared library libex4__rosidl_typesupport_fastrtps_cpp.so[0m
[5.876s] [ 74%] [32m[1mLinking CXX shared library libex4__rosidl_typesupport_fastrtps_c.so[0m
[5.888s] [ 74%] Built target ex4__rosidl_typesupport_fastrtps_cpp
[5.911s] [ 76%] [32m[1mLinking CXX shared library libex4__rosidl_typesupport_introspection_cpp.so[0m
[5.969s] [ 76%] Built target ex4__rosidl_typesupport_fastrtps_c
[5.985s] [ 76%] Built target ex4__rosidl_typesupport_introspection_cpp
[6.007s] [ 76%] Built target ex4
[6.085s] [ 78%] [34m[1mGenerating Python code for ROS interfaces[0m
[6.560s] [ 78%] Built target ex4__py
[6.581s] [ 85%] [32mBuilding C object CMakeFiles/ex4__rosidl_generator_py.dir/rosidl_generator_py/ex4/srv/_add_three_ints_s.c.o[0m
[6.581s] [ 85%] [32mBuilding C object CMakeFiles/ex4__rosidl_generator_py.dir/rosidl_generator_py/ex4/msg/_num_s.c.o[0m
[6.581s] [ 85%] [32mBuilding C object CMakeFiles/ex4__rosidl_generator_py.dir/rosidl_generator_py/ex4/msg/_sphere_s.c.o[0m
[6.686s] [ 87%] [32m[1mLinking C shared library rosidl_generator_py/ex4/libex4__rosidl_generator_py.so[0m
[6.727s] [ 87%] Built target ex4__rosidl_generator_py
[6.748s] [ 91%] [32mBuilding C object CMakeFiles/ex4__rosidl_typesupport_introspection_c__pyext.dir/rosidl_generator_py/ex4/_ex4_s.ep.rosidl_typesupport_introspection_c.c.o[0m
[6.748s] [ 91%] [32mBuilding C object CMakeFiles/ex4__rosidl_typesupport_fastrtps_c__pyext.dir/rosidl_generator_py/ex4/_ex4_s.ep.rosidl_typesupport_fastrtps_c.c.o[0m
[6.748s] [ 93%] [32mBuilding C object CMakeFiles/ex4__rosidl_typesupport_c__pyext.dir/rosidl_generator_py/ex4/_ex4_s.ep.rosidl_typesupport_c.c.o[0m
[6.854s] [100%] [32m[1mLinking C shared library rosidl_generator_py/ex4/ex4_s__rosidl_typesupport_introspection_c.cpython-310-x86_64-linux-gnu.so[0m
[6.854s] [100%] [32m[1mLinking C shared library rosidl_generator_py/ex4/ex4_s__rosidl_typesupport_fastrtps_c.cpython-310-x86_64-linux-gnu.so[0m
[6.855s] [100%] [32m[1mLinking C shared library rosidl_generator_py/ex4/ex4_s__rosidl_typesupport_c.cpython-310-x86_64-linux-gnu.so[0m
[6.896s] [100%] Built target ex4__rosidl_typesupport_fastrtps_c__pyext
[6.896s] [100%] Built target ex4__rosidl_typesupport_c__pyext
[6.897s] [100%] Built target ex4__rosidl_typesupport_introspection_c__pyext
