[0.274s] Invoking command in '/home/student/Documents/formation_ros2/ros2_ws/src/build/ex4': CMAKE_PREFIX_PATH=${CMAKE_PREFIX_PATH}:/home/student/turtlebot3_ws/install/turtlebot3_teleop:/home/student/turtlebot3_ws/install/turtlebot3_example:/opt/ros/humble /usr/bin/cmake --build /home/student/Documents/formation_ros2/ros2_ws/src/build/ex4 -- -j8 -l8
[0.330s] [  2%] Built target ex4__cpp
[0.336s] [ 12%] Built target ex4__rosidl_generator_c
[0.348s] [ 12%] Built target ament_cmake_python_copy_ex4
[0.366s] [ 23%] Built target ex4__rosidl_typesupport_cpp
[0.366s] [ 34%] Built target ex4__rosidl_typesupport_introspection_cpp
[0.367s] [ 44%] Built target ex4__rosidl_typesupport_fastrtps_cpp
[0.371s] [ 55%] Built target ex4__rosidl_typesupport_introspection_c
[0.376s] [ 65%] Built target ex4__rosidl_typesupport_fastrtps_c
[0.378s] [ 76%] Built target ex4__rosidl_typesupport_c
[0.400s] [ 76%] Built target ex4
[0.423s] [ 78%] Built target ex4__py
[0.448s] [ 87%] Built target ex4__rosidl_generator_py
[0.472s] [ 91%] Built target ex4__rosidl_typesupport_introspection_c__pyext
[0.475s] [ 95%] Built target ex4__rosidl_typesupport_fastrtps_c__pyext
[0.480s] [100%] Built target ex4__rosidl_typesupport_c__pyext
[0.632s] running egg_info
[0.633s] writing ex4.egg-info/PKG-INFO
[0.633s] writing dependency_links to ex4.egg-info/dependency_links.txt
[0.633s] writing top-level names to ex4.egg-info/top_level.txt
[0.635s] reading manifest file 'ex4.egg-info/SOURCES.txt'
[0.636s] writing manifest file 'ex4.egg-info/SOURCES.txt'
[0.661s] [100%] Built target ament_cmake_python_build_ex4_egg
[0.673s] Invoked command in '/home/student/Documents/formation_ros2/ros2_ws/src/build/ex4' returned '0': CMAKE_PREFIX_PATH=${CMAKE_PREFIX_PATH}:/home/student/turtlebot3_ws/install/turtlebot3_teleop:/home/student/turtlebot3_ws/install/turtlebot3_example:/opt/ros/humble /usr/bin/cmake --build /home/student/Documents/formation_ros2/ros2_ws/src/build/ex4 -- -j8 -l8
[0.683s] Invoking command in '/home/student/Documents/formation_ros2/ros2_ws/src/build/ex4': CMAKE_PREFIX_PATH=${CMAKE_PREFIX_PATH}:/home/student/turtlebot3_ws/install/turtlebot3_teleop:/home/student/turtlebot3_ws/install/turtlebot3_example:/opt/ros/humble /usr/bin/cmake --install /home/student/Documents/formation_ros2/ros2_ws/src/build/ex4
[0.691s] -- Install configuration: ""
[0.691s] -- Up-to-date: /home/student/Documents/formation_ros2/ros2_ws/src/install/ex4/share/ament_index/resource_index/rosidl_interfaces/ex4
[0.692s] -- Up-to-date: /home/student/Documents/formation_ros2/ros2_ws/src/install/ex4/include/ex4/ex4
[0.692s] -- Up-to-date: /home/student/Documents/formation_ros2/ros2_ws/src/install/ex4/include/ex4/ex4/msg
[0.692s] -- Up-to-date: /home/student/Documents/formation_ros2/ros2_ws/src/install/ex4/include/ex4/ex4/msg/rosidl_generator_c__visibility_control.h
[0.692s] -- Up-to-date: /home/student/Documents/formation_ros2/ros2_ws/src/install/ex4/include/ex4/ex4/msg/sphere.h
[0.692s] -- Up-to-date: /home/student/Documents/formation_ros2/ros2_ws/src/install/ex4/include/ex4/ex4/msg/detail
[0.692s] -- Up-to-date: /home/student/Documents/formation_ros2/ros2_ws/src/install/ex4/include/ex4/ex4/msg/detail/num__type_support.h
[0.693s] -- Up-to-date: /home/student/Documents/formation_ros2/ros2_ws/src/install/ex4/include/ex4/ex4/msg/detail/num__struct.h
[0.693s] -- Up-to-date: /home/student/Documents/formation_ros2/ros2_ws/src/install/ex4/include/ex4/ex4/msg/detail/num__functions.c
[0.693s] -- Up-to-date: /home/student/Documents/formation_ros2/ros2_ws/src/install/ex4/include/ex4/ex4/msg/detail/sphere__functions.c
[0.693s] -- Up-to-date: /home/student/Documents/formation_ros2/ros2_ws/src/install/ex4/include/ex4/ex4/msg/detail/sphere__functions.h
[0.693s] -- Up-to-date: /home/student/Documents/formation_ros2/ros2_ws/src/install/ex4/include/ex4/ex4/msg/detail/num__functions.h
[0.693s] -- Up-to-date: /home/student/Documents/formation_ros2/ros2_ws/src/install/ex4/include/ex4/ex4/msg/detail/sphere__struct.h
[0.693s] -- Up-to-date: /home/student/Documents/formation_ros2/ros2_ws/src/install/ex4/include/ex4/ex4/msg/detail/sphere__type_support.h
[0.694s] -- Up-to-date: /home/student/Documents/formation_ros2/ros2_ws/src/install/ex4/include/ex4/ex4/msg/num.h
[0.694s] -- Up-to-date: /home/student/Documents/formation_ros2/ros2_ws/src/install/ex4/include/ex4/ex4/srv
[0.694s] -- Up-to-date: /home/student/Documents/formation_ros2/ros2_ws/src/install/ex4/include/ex4/ex4/srv/add_three_ints.h
[0.694s] -- Up-to-date: /home/student/Documents/formation_ros2/ros2_ws/src/install/ex4/include/ex4/ex4/srv/detail
[0.694s] -- Up-to-date: /home/student/Documents/formation_ros2/ros2_ws/src/install/ex4/include/ex4/ex4/srv/detail/add_three_ints__type_support.h
[0.694s] -- Up-to-date: /home/student/Documents/formation_ros2/ros2_ws/src/install/ex4/include/ex4/ex4/srv/detail/add_three_ints__functions.c
[0.695s] -- Up-to-date: /home/student/Documents/formation_ros2/ros2_ws/src/install/ex4/include/ex4/ex4/srv/detail/add_three_ints__functions.h
[0.695s] -- Up-to-date: /home/student/Documents/formation_ros2/ros2_ws/src/install/ex4/include/ex4/ex4/srv/detail/add_three_ints__struct.h
[0.695s] -- Up-to-date: /home/student/Documents/formation_ros2/ros2_ws/src/install/ex4/share/ex4/environment/library_path.sh
[0.695s] -- Up-to-date: /home/student/Documents/formation_ros2/ros2_ws/src/install/ex4/share/ex4/environment/library_path.dsv
[0.695s] -- Up-to-date: /home/student/Documents/formation_ros2/ros2_ws/src/install/ex4/lib/libex4__rosidl_generator_c.so
[0.695s] -- Up-to-date: /home/student/Documents/formation_ros2/ros2_ws/src/install/ex4/include/ex4/ex4
[0.696s] -- Up-to-date: /home/student/Documents/formation_ros2/ros2_ws/src/install/ex4/include/ex4/ex4/msg
[0.696s] -- Up-to-date: /home/student/Documents/formation_ros2/ros2_ws/src/install/ex4/include/ex4/ex4/msg/detail
[0.696s] -- Up-to-date: /home/student/Documents/formation_ros2/ros2_ws/src/install/ex4/include/ex4/ex4/msg/detail/num__rosidl_typesupport_fastrtps_c.h
[0.696s] -- Up-to-date: /home/student/Documents/formation_ros2/ros2_ws/src/install/ex4/include/ex4/ex4/msg/detail/sphere__rosidl_typesupport_fastrtps_c.h
[0.696s] -- Up-to-date: /home/student/Documents/formation_ros2/ros2_ws/src/install/ex4/include/ex4/ex4/msg/rosidl_typesupport_fastrtps_c__visibility_control.h
[0.696s] -- Up-to-date: /home/student/Documents/formation_ros2/ros2_ws/src/install/ex4/include/ex4/ex4/srv
[0.696s] -- Up-to-date: /home/student/Documents/formation_ros2/ros2_ws/src/install/ex4/include/ex4/ex4/srv/detail
[0.697s] -- Up-to-date: /home/student/Documents/formation_ros2/ros2_ws/src/install/ex4/include/ex4/ex4/srv/detail/add_three_ints__rosidl_typesupport_fastrtps_c.h
[0.697s] -- Up-to-date: /home/student/Documents/formation_ros2/ros2_ws/src/install/ex4/lib/libex4__rosidl_typesupport_fastrtps_c.so
[0.697s] -- Up-to-date: /home/student/Documents/formation_ros2/ros2_ws/src/install/ex4/include/ex4/ex4
[0.697s] -- Up-to-date: /home/student/Documents/formation_ros2/ros2_ws/src/install/ex4/include/ex4/ex4/msg
[0.697s] -- Up-to-date: /home/student/Documents/formation_ros2/ros2_ws/src/install/ex4/include/ex4/ex4/msg/sphere.hpp
[0.697s] -- Up-to-date: /home/student/Documents/formation_ros2/ros2_ws/src/install/ex4/include/ex4/ex4/msg/rosidl_generator_cpp__visibility_control.hpp
[0.697s] -- Up-to-date: /home/student/Documents/formation_ros2/ros2_ws/src/install/ex4/include/ex4/ex4/msg/detail
[0.698s] -- Up-to-date: /home/student/Documents/formation_ros2/ros2_ws/src/install/ex4/include/ex4/ex4/msg/detail/sphere__traits.hpp
[0.698s] -- Up-to-date: /home/student/Documents/formation_ros2/ros2_ws/src/install/ex4/include/ex4/ex4/msg/detail/num__struct.hpp
[0.698s] -- Up-to-date: /home/student/Documents/formation_ros2/ros2_ws/src/install/ex4/include/ex4/ex4/msg/detail/sphere__type_support.hpp
[0.698s] -- Up-to-date: /home/student/Documents/formation_ros2/ros2_ws/src/install/ex4/include/ex4/ex4/msg/detail/num__type_support.hpp
[0.698s] -- Up-to-date: /home/student/Documents/formation_ros2/ros2_ws/src/install/ex4/include/ex4/ex4/msg/detail/num__builder.hpp
[0.698s] -- Up-to-date: /home/student/Documents/formation_ros2/ros2_ws/src/install/ex4/include/ex4/ex4/msg/detail/num__traits.hpp
[0.698s] -- Up-to-date: /home/student/Documents/formation_ros2/ros2_ws/src/install/ex4/include/ex4/ex4/msg/detail/sphere__builder.hpp
[0.698s] -- Up-to-date: /home/student/Documents/formation_ros2/ros2_ws/src/install/ex4/include/ex4/ex4/msg/detail/sphere__struct.hpp
[0.698s] -- Up-to-date: /home/student/Documents/formation_ros2/ros2_ws/src/install/ex4/include/ex4/ex4/msg/num.hpp
[0.699s] -- Up-to-date: /home/student/Documents/formation_ros2/ros2_ws/src/install/ex4/include/ex4/ex4/srv
[0.699s] -- Up-to-date: /home/student/Documents/formation_ros2/ros2_ws/src/install/ex4/include/ex4/ex4/srv/add_three_ints.hpp
[0.699s] -- Up-to-date: /home/student/Documents/formation_ros2/ros2_ws/src/install/ex4/include/ex4/ex4/srv/detail
[0.699s] -- Up-to-date: /home/student/Documents/formation_ros2/ros2_ws/src/install/ex4/include/ex4/ex4/srv/detail/add_three_ints__struct.hpp
[0.699s] -- Up-to-date: /home/student/Documents/formation_ros2/ros2_ws/src/install/ex4/include/ex4/ex4/srv/detail/add_three_ints__builder.hpp
[0.699s] -- Up-to-date: /home/student/Documents/formation_ros2/ros2_ws/src/install/ex4/include/ex4/ex4/srv/detail/add_three_ints__traits.hpp
[0.699s] -- Up-to-date: /home/student/Documents/formation_ros2/ros2_ws/src/install/ex4/include/ex4/ex4/srv/detail/add_three_ints__type_support.hpp
[0.699s] -- Up-to-date: /home/student/Documents/formation_ros2/ros2_ws/src/install/ex4/include/ex4/ex4
[0.700s] -- Up-to-date: /home/student/Documents/formation_ros2/ros2_ws/src/install/ex4/include/ex4/ex4/msg
[0.700s] -- Up-to-date: /home/student/Documents/formation_ros2/ros2_ws/src/install/ex4/include/ex4/ex4/msg/detail
[0.700s] -- Up-to-date: /home/student/Documents/formation_ros2/ros2_ws/src/install/ex4/include/ex4/ex4/msg/detail/num__rosidl_typesupport_fastrtps_cpp.hpp
[0.700s] -- Up-to-date: /home/student/Documents/formation_ros2/ros2_ws/src/install/ex4/include/ex4/ex4/msg/detail/sphere__rosidl_typesupport_fastrtps_cpp.hpp
[0.700s] -- Up-to-date: /home/student/Documents/formation_ros2/ros2_ws/src/install/ex4/include/ex4/ex4/msg/detail/dds_fastrtps
[0.700s] -- Up-to-date: /home/student/Documents/formation_ros2/ros2_ws/src/install/ex4/include/ex4/ex4/msg/rosidl_typesupport_fastrtps_cpp__visibility_control.h
[0.700s] -- Up-to-date: /home/student/Documents/formation_ros2/ros2_ws/src/install/ex4/include/ex4/ex4/srv
[0.700s] -- Up-to-date: /home/student/Documents/formation_ros2/ros2_ws/src/install/ex4/include/ex4/ex4/srv/detail
[0.700s] -- Up-to-date: /home/student/Documents/formation_ros2/ros2_ws/src/install/ex4/include/ex4/ex4/srv/detail/add_three_ints__rosidl_typesupport_fastrtps_cpp.hpp
[0.701s] -- Up-to-date: /home/student/Documents/formation_ros2/ros2_ws/src/install/ex4/include/ex4/ex4/srv/detail/dds_fastrtps
[0.701s] -- Up-to-date: /home/student/Documents/formation_ros2/ros2_ws/src/install/ex4/lib/libex4__rosidl_typesupport_fastrtps_cpp.so
[0.701s] -- Up-to-date: /home/student/Documents/formation_ros2/ros2_ws/src/install/ex4/include/ex4/ex4
[0.701s] -- Up-to-date: /home/student/Documents/formation_ros2/ros2_ws/src/install/ex4/include/ex4/ex4/msg
[0.701s] -- Up-to-date: /home/student/Documents/formation_ros2/ros2_ws/src/install/ex4/include/ex4/ex4/msg/detail
[0.701s] -- Up-to-date: /home/student/Documents/formation_ros2/ros2_ws/src/install/ex4/include/ex4/ex4/msg/detail/sphere__type_support.c
[0.701s] -- Up-to-date: /home/student/Documents/formation_ros2/ros2_ws/src/install/ex4/include/ex4/ex4/msg/detail/num__rosidl_typesupport_introspection_c.h
[0.701s] -- Up-to-date: /home/student/Documents/formation_ros2/ros2_ws/src/install/ex4/include/ex4/ex4/msg/detail/sphere__rosidl_typesupport_introspection_c.h
[0.701s] -- Up-to-date: /home/student/Documents/formation_ros2/ros2_ws/src/install/ex4/include/ex4/ex4/msg/detail/num__type_support.c
[0.701s] -- Up-to-date: /home/student/Documents/formation_ros2/ros2_ws/src/install/ex4/include/ex4/ex4/msg/rosidl_typesupport_introspection_c__visibility_control.h
[0.701s] -- Up-to-date: /home/student/Documents/formation_ros2/ros2_ws/src/install/ex4/include/ex4/ex4/srv
[0.701s] -- Up-to-date: /home/student/Documents/formation_ros2/ros2_ws/src/install/ex4/include/ex4/ex4/srv/detail
[0.701s] -- Up-to-date: /home/student/Documents/formation_ros2/ros2_ws/src/install/ex4/include/ex4/ex4/srv/detail/add_three_ints__rosidl_typesupport_introspection_c.h
[0.701s] -- Up-to-date: /home/student/Documents/formation_ros2/ros2_ws/src/install/ex4/include/ex4/ex4/srv/detail/add_three_ints__type_support.c
[0.702s] -- Up-to-date: /home/student/Documents/formation_ros2/ros2_ws/src/install/ex4/lib/libex4__rosidl_typesupport_introspection_c.so
[0.702s] -- Up-to-date: /home/student/Documents/formation_ros2/ros2_ws/src/install/ex4/lib/libex4__rosidl_typesupport_c.so
[0.702s] -- Up-to-date: /home/student/Documents/formation_ros2/ros2_ws/src/install/ex4/include/ex4/ex4
[0.702s] -- Up-to-date: /home/student/Documents/formation_ros2/ros2_ws/src/install/ex4/include/ex4/ex4/msg
[0.702s] -- Up-to-date: /home/student/Documents/formation_ros2/ros2_ws/src/install/ex4/include/ex4/ex4/msg/detail
[0.702s] -- Up-to-date: /home/student/Documents/formation_ros2/ros2_ws/src/install/ex4/include/ex4/ex4/msg/detail/sphere__type_support.cpp
[0.702s] -- Up-to-date: /home/student/Documents/formation_ros2/ros2_ws/src/install/ex4/include/ex4/ex4/msg/detail/sphere__rosidl_typesupport_introspection_cpp.hpp
[0.702s] -- Up-to-date: /home/student/Documents/formation_ros2/ros2_ws/src/install/ex4/include/ex4/ex4/msg/detail/num__rosidl_typesupport_introspection_cpp.hpp
[0.702s] -- Up-to-date: /home/student/Documents/formation_ros2/ros2_ws/src/install/ex4/include/ex4/ex4/msg/detail/num__type_support.cpp
[0.702s] -- Up-to-date: /home/student/Documents/formation_ros2/ros2_ws/src/install/ex4/include/ex4/ex4/srv
[0.702s] -- Up-to-date: /home/student/Documents/formation_ros2/ros2_ws/src/install/ex4/include/ex4/ex4/srv/detail
[0.702s] -- Up-to-date: /home/student/Documents/formation_ros2/ros2_ws/src/install/ex4/include/ex4/ex4/srv/detail/add_three_ints__rosidl_typesupport_introspection_cpp.hpp
[0.702s] -- Up-to-date: /home/student/Documents/formation_ros2/ros2_ws/src/install/ex4/include/ex4/ex4/srv/detail/add_three_ints__type_support.cpp
[0.702s] -- Up-to-date: /home/student/Documents/formation_ros2/ros2_ws/src/install/ex4/lib/libex4__rosidl_typesupport_introspection_cpp.so
[0.703s] -- Up-to-date: /home/student/Documents/formation_ros2/ros2_ws/src/install/ex4/lib/libex4__rosidl_typesupport_cpp.so
[0.703s] -- Up-to-date: /home/student/Documents/formation_ros2/ros2_ws/src/install/ex4/share/ex4/environment/pythonpath.sh
[0.703s] -- Up-to-date: /home/student/Documents/formation_ros2/ros2_ws/src/install/ex4/share/ex4/environment/pythonpath.dsv
[0.703s] -- Up-to-date: /home/student/Documents/formation_ros2/ros2_ws/src/install/ex4/local/lib/python3.10/dist-packages/ex4-0.0.0-py3.10.egg-info
[0.703s] -- Installing: /home/student/Documents/formation_ros2/ros2_ws/src/install/ex4/local/lib/python3.10/dist-packages/ex4-0.0.0-py3.10.egg-info/top_level.txt
[0.703s] -- Installing: /home/student/Documents/formation_ros2/ros2_ws/src/install/ex4/local/lib/python3.10/dist-packages/ex4-0.0.0-py3.10.egg-info/PKG-INFO
[0.703s] -- Installing: /home/student/Documents/formation_ros2/ros2_ws/src/install/ex4/local/lib/python3.10/dist-packages/ex4-0.0.0-py3.10.egg-info/dependency_links.txt
[0.703s] -- Installing: /home/student/Documents/formation_ros2/ros2_ws/src/install/ex4/local/lib/python3.10/dist-packages/ex4-0.0.0-py3.10.egg-info/SOURCES.txt
[0.703s] -- Up-to-date: /home/student/Documents/formation_ros2/ros2_ws/src/install/ex4/local/lib/python3.10/dist-packages/ex4
[0.703s] -- Up-to-date: /home/student/Documents/formation_ros2/ros2_ws/src/install/ex4/local/lib/python3.10/dist-packages/ex4/_ex4_s.ep.rosidl_typesupport_fastrtps_c.c
[0.703s] -- Up-to-date: /home/student/Documents/formation_ros2/ros2_ws/src/install/ex4/local/lib/python3.10/dist-packages/ex4/__init__.py
[0.703s] -- Up-to-date: /home/student/Documents/formation_ros2/ros2_ws/src/install/ex4/local/lib/python3.10/dist-packages/ex4/msg
[0.703s] -- Up-to-date: /home/student/Documents/formation_ros2/ros2_ws/src/install/ex4/local/lib/python3.10/dist-packages/ex4/msg/_sphere_s.c
[0.703s] -- Up-to-date: /home/student/Documents/formation_ros2/ros2_ws/src/install/ex4/local/lib/python3.10/dist-packages/ex4/msg/__init__.py
[0.704s] -- Up-to-date: /home/student/Documents/formation_ros2/ros2_ws/src/install/ex4/local/lib/python3.10/dist-packages/ex4/msg/_num_s.c
[0.704s] -- Up-to-date: /home/student/Documents/formation_ros2/ros2_ws/src/install/ex4/local/lib/python3.10/dist-packages/ex4/msg/_num.py
[0.704s] -- Up-to-date: /home/student/Documents/formation_ros2/ros2_ws/src/install/ex4/local/lib/python3.10/dist-packages/ex4/msg/_sphere.py
[0.704s] -- Up-to-date: /home/student/Documents/formation_ros2/ros2_ws/src/install/ex4/local/lib/python3.10/dist-packages/ex4/ex4_s__rosidl_typesupport_fastrtps_c.cpython-310-x86_64-linux-gnu.so
[0.704s] -- Up-to-date: /home/student/Documents/formation_ros2/ros2_ws/src/install/ex4/local/lib/python3.10/dist-packages/ex4/_ex4_s.ep.rosidl_typesupport_introspection_c.c
[0.704s] -- Up-to-date: /home/student/Documents/formation_ros2/ros2_ws/src/install/ex4/local/lib/python3.10/dist-packages/ex4/ex4_s__rosidl_typesupport_introspection_c.cpython-310-x86_64-linux-gnu.so
[0.704s] -- Up-to-date: /home/student/Documents/formation_ros2/ros2_ws/src/install/ex4/local/lib/python3.10/dist-packages/ex4/libex4__rosidl_generator_py.so
[0.704s] -- Up-to-date: /home/student/Documents/formation_ros2/ros2_ws/src/install/ex4/local/lib/python3.10/dist-packages/ex4/srv
[0.704s] -- Up-to-date: /home/student/Documents/formation_ros2/ros2_ws/src/install/ex4/local/lib/python3.10/dist-packages/ex4/srv/__init__.py
[0.704s] -- Up-to-date: /home/student/Documents/formation_ros2/ros2_ws/src/install/ex4/local/lib/python3.10/dist-packages/ex4/srv/_add_three_ints.py
[0.704s] -- Up-to-date: /home/student/Documents/formation_ros2/ros2_ws/src/install/ex4/local/lib/python3.10/dist-packages/ex4/srv/_add_three_ints_s.c
[0.704s] -- Up-to-date: /home/student/Documents/formation_ros2/ros2_ws/src/install/ex4/local/lib/python3.10/dist-packages/ex4/_ex4_s.ep.rosidl_typesupport_c.c
[0.704s] -- Up-to-date: /home/student/Documents/formation_ros2/ros2_ws/src/install/ex4/local/lib/python3.10/dist-packages/ex4/ex4_s__rosidl_typesupport_c.cpython-310-x86_64-linux-gnu.so
[0.735s] Listing '/home/student/Documents/formation_ros2/ros2_ws/src/install/ex4/local/lib/python3.10/dist-packages/ex4'...
[0.735s] Listing '/home/student/Documents/formation_ros2/ros2_ws/src/install/ex4/local/lib/python3.10/dist-packages/ex4/msg'...
[0.735s] Listing '/home/student/Documents/formation_ros2/ros2_ws/src/install/ex4/local/lib/python3.10/dist-packages/ex4/srv'...
[0.740s] -- Up-to-date: /home/student/Documents/formation_ros2/ros2_ws/src/install/ex4/local/lib/python3.10/dist-packages/ex4/ex4_s__rosidl_typesupport_fastrtps_c.cpython-310-x86_64-linux-gnu.so
[0.740s] -- Up-to-date: /home/student/Documents/formation_ros2/ros2_ws/src/install/ex4/local/lib/python3.10/dist-packages/ex4/ex4_s__rosidl_typesupport_introspection_c.cpython-310-x86_64-linux-gnu.so
[0.741s] -- Up-to-date: /home/student/Documents/formation_ros2/ros2_ws/src/install/ex4/local/lib/python3.10/dist-packages/ex4/ex4_s__rosidl_typesupport_c.cpython-310-x86_64-linux-gnu.so
[0.741s] -- Up-to-date: /home/student/Documents/formation_ros2/ros2_ws/src/install/ex4/lib/libex4__rosidl_generator_py.so
[0.741s] -- Up-to-date: /home/student/Documents/formation_ros2/ros2_ws/src/install/ex4/share/ex4/msg/Num.idl
[0.742s] -- Up-to-date: /home/student/Documents/formation_ros2/ros2_ws/src/install/ex4/share/ex4/msg/Sphere.idl
[0.742s] -- Up-to-date: /home/student/Documents/formation_ros2/ros2_ws/src/install/ex4/share/ex4/srv/AddThreeInts.idl
[0.742s] -- Up-to-date: /home/student/Documents/formation_ros2/ros2_ws/src/install/ex4/share/ex4/msg/Num.msg
[0.742s] -- Up-to-date: /home/student/Documents/formation_ros2/ros2_ws/src/install/ex4/share/ex4/msg/Sphere.msg
[0.742s] -- Up-to-date: /home/student/Documents/formation_ros2/ros2_ws/src/install/ex4/share/ex4/srv/AddThreeInts.srv
[0.742s] -- Up-to-date: /home/student/Documents/formation_ros2/ros2_ws/src/install/ex4/share/ex4/srv/AddThreeInts_Request.msg
[0.742s] -- Up-to-date: /home/student/Documents/formation_ros2/ros2_ws/src/install/ex4/share/ex4/srv/AddThreeInts_Response.msg
[0.742s] -- Up-to-date: /home/student/Documents/formation_ros2/ros2_ws/src/install/ex4/share/ament_index/resource_index/package_run_dependencies/ex4
[0.742s] -- Up-to-date: /home/student/Documents/formation_ros2/ros2_ws/src/install/ex4/share/ament_index/resource_index/parent_prefix_path/ex4
[0.742s] -- Up-to-date: /home/student/Documents/formation_ros2/ros2_ws/src/install/ex4/share/ex4/environment/ament_prefix_path.sh
[0.742s] -- Up-to-date: /home/student/Documents/formation_ros2/ros2_ws/src/install/ex4/share/ex4/environment/ament_prefix_path.dsv
[0.742s] -- Up-to-date: /home/student/Documents/formation_ros2/ros2_ws/src/install/ex4/share/ex4/environment/path.sh
[0.743s] -- Up-to-date: /home/student/Documents/formation_ros2/ros2_ws/src/install/ex4/share/ex4/environment/path.dsv
[0.743s] -- Up-to-date: /home/student/Documents/formation_ros2/ros2_ws/src/install/ex4/share/ex4/local_setup.bash
[0.743s] -- Up-to-date: /home/student/Documents/formation_ros2/ros2_ws/src/install/ex4/share/ex4/local_setup.sh
[0.743s] -- Up-to-date: /home/student/Documents/formation_ros2/ros2_ws/src/install/ex4/share/ex4/local_setup.zsh
[0.743s] -- Up-to-date: /home/student/Documents/formation_ros2/ros2_ws/src/install/ex4/share/ex4/local_setup.dsv
[0.743s] -- Installing: /home/student/Documents/formation_ros2/ros2_ws/src/install/ex4/share/ex4/package.dsv
[0.743s] -- Up-to-date: /home/student/Documents/formation_ros2/ros2_ws/src/install/ex4/share/ament_index/resource_index/packages/ex4
[0.743s] -- Up-to-date: /home/student/Documents/formation_ros2/ros2_ws/src/install/ex4/share/ex4/cmake/export_ex4__rosidl_generator_cExport.cmake
[0.743s] -- Up-to-date: /home/student/Documents/formation_ros2/ros2_ws/src/install/ex4/share/ex4/cmake/export_ex4__rosidl_generator_cExport-noconfig.cmake
[0.743s] -- Up-to-date: /home/student/Documents/formation_ros2/ros2_ws/src/install/ex4/share/ex4/cmake/export_ex4__rosidl_typesupport_fastrtps_cExport.cmake
[0.743s] -- Up-to-date: /home/student/Documents/formation_ros2/ros2_ws/src/install/ex4/share/ex4/cmake/export_ex4__rosidl_typesupport_fastrtps_cExport-noconfig.cmake
[0.743s] -- Up-to-date: /home/student/Documents/formation_ros2/ros2_ws/src/install/ex4/share/ex4/cmake/export_ex4__rosidl_generator_cppExport.cmake
[0.744s] -- Up-to-date: /home/student/Documents/formation_ros2/ros2_ws/src/install/ex4/share/ex4/cmake/export_ex4__rosidl_typesupport_fastrtps_cppExport.cmake
[0.744s] -- Up-to-date: /home/student/Documents/formation_ros2/ros2_ws/src/install/ex4/share/ex4/cmake/export_ex4__rosidl_typesupport_fastrtps_cppExport-noconfig.cmake
[0.744s] -- Up-to-date: /home/student/Documents/formation_ros2/ros2_ws/src/install/ex4/share/ex4/cmake/ex4__rosidl_typesupport_introspection_cExport.cmake
[0.744s] -- Up-to-date: /home/student/Documents/formation_ros2/ros2_ws/src/install/ex4/share/ex4/cmake/ex4__rosidl_typesupport_introspection_cExport-noconfig.cmake
[0.744s] -- Up-to-date: /home/student/Documents/formation_ros2/ros2_ws/src/install/ex4/share/ex4/cmake/ex4__rosidl_typesupport_cExport.cmake
[0.744s] -- Up-to-date: /home/student/Documents/formation_ros2/ros2_ws/src/install/ex4/share/ex4/cmake/ex4__rosidl_typesupport_cExport-noconfig.cmake
[0.744s] -- Up-to-date: /home/student/Documents/formation_ros2/ros2_ws/src/install/ex4/share/ex4/cmake/ex4__rosidl_typesupport_introspection_cppExport.cmake
[0.744s] -- Up-to-date: /home/student/Documents/formation_ros2/ros2_ws/src/install/ex4/share/ex4/cmake/ex4__rosidl_typesupport_introspection_cppExport-noconfig.cmake
[0.744s] -- Up-to-date: /home/student/Documents/formation_ros2/ros2_ws/src/install/ex4/share/ex4/cmake/ex4__rosidl_typesupport_cppExport.cmake
[0.744s] -- Up-to-date: /home/student/Documents/formation_ros2/ros2_ws/src/install/ex4/share/ex4/cmake/ex4__rosidl_typesupport_cppExport-noconfig.cmake
[0.744s] -- Up-to-date: /home/student/Documents/formation_ros2/ros2_ws/src/install/ex4/share/ex4/cmake/export_ex4__rosidl_generator_pyExport.cmake
[0.745s] -- Up-to-date: /home/student/Documents/formation_ros2/ros2_ws/src/install/ex4/share/ex4/cmake/export_ex4__rosidl_generator_pyExport-noconfig.cmake
[0.745s] -- Up-to-date: /home/student/Documents/formation_ros2/ros2_ws/src/install/ex4/share/ex4/cmake/rosidl_cmake-extras.cmake
[0.745s] -- Up-to-date: /home/student/Documents/formation_ros2/ros2_ws/src/install/ex4/share/ex4/cmake/ament_cmake_export_dependencies-extras.cmake
[0.745s] -- Up-to-date: /home/student/Documents/formation_ros2/ros2_ws/src/install/ex4/share/ex4/cmake/ament_cmake_export_include_directories-extras.cmake
[0.745s] -- Up-to-date: /home/student/Documents/formation_ros2/ros2_ws/src/install/ex4/share/ex4/cmake/ament_cmake_export_libraries-extras.cmake
[0.745s] -- Up-to-date: /home/student/Documents/formation_ros2/ros2_ws/src/install/ex4/share/ex4/cmake/ament_cmake_export_targets-extras.cmake
[0.745s] -- Up-to-date: /home/student/Documents/formation_ros2/ros2_ws/src/install/ex4/share/ex4/cmake/rosidl_cmake_export_typesupport_targets-extras.cmake
[0.745s] -- Up-to-date: /home/student/Documents/formation_ros2/ros2_ws/src/install/ex4/share/ex4/cmake/rosidl_cmake_export_typesupport_libraries-extras.cmake
[0.745s] -- Up-to-date: /home/student/Documents/formation_ros2/ros2_ws/src/install/ex4/share/ex4/cmake/ex4Config.cmake
[0.745s] -- Up-to-date: /home/student/Documents/formation_ros2/ros2_ws/src/install/ex4/share/ex4/cmake/ex4Config-version.cmake
[0.745s] -- Up-to-date: /home/student/Documents/formation_ros2/ros2_ws/src/install/ex4/share/ex4/package.xml
[0.748s] Invoked command in '/home/student/Documents/formation_ros2/ros2_ws/src/build/ex4' returned '0': CMAKE_PREFIX_PATH=${CMAKE_PREFIX_PATH}:/home/student/turtlebot3_ws/install/turtlebot3_teleop:/home/student/turtlebot3_ws/install/turtlebot3_example:/opt/ros/humble /usr/bin/cmake --install /home/student/Documents/formation_ros2/ros2_ws/src/build/ex4
