[0.748s] Invoking command in '/home/student/Documents/formation_ros2/ros2_ws/src/ex1': PYTHONPATH=/home/student/Documents/formation_ros2/ros2_ws/src/build/ex1/prefix_override:/usr/lib/python3/dist-packages/colcon_core/task/python/colcon_distutils_commands:/home/student/Documents/formation_ros2/ros2_ws/src/install/ex1/lib/python3.10/site-packages:${PYTHONPATH} /usr/bin/python3 -W ignore:setup.py install is deprecated -W ignore:easy_install command is deprecated setup.py egg_info --egg-base ../build/ex1 build --build-base /home/student/Documents/formation_ros2/ros2_ws/src/build/ex1/build install --record /home/student/Documents/formation_ros2/ros2_ws/src/build/ex1/install.log --single-version-externally-managed install_data
[1.019s] running egg_info
[1.020s] writing ../build/ex1/ex1.egg-info/PKG-INFO
[1.020s] writing dependency_links to ../build/ex1/ex1.egg-info/dependency_links.txt
[1.021s] writing entry points to ../build/ex1/ex1.egg-info/entry_points.txt
[1.021s] writing requirements to ../build/ex1/ex1.egg-info/requires.txt
[1.021s] writing top-level names to ../build/ex1/ex1.egg-info/top_level.txt
[1.022s] reading manifest file '../build/ex1/ex1.egg-info/SOURCES.txt'
[1.023s] adding license file 'LICENSE'
[1.023s] writing manifest file '../build/ex1/ex1.egg-info/SOURCES.txt'
[1.023s] running build
[1.023s] running build_py
[1.024s] copying ex1/publisher_member_function.py -> /home/student/Documents/formation_ros2/ros2_ws/src/build/ex1/build/lib/ex1
[1.024s] running install
[1.024s] running install_lib
[1.025s] copying /home/student/Documents/formation_ros2/ros2_ws/src/build/ex1/build/lib/ex1/publisher_member_function.py -> /home/student/Documents/formation_ros2/ros2_ws/src/install/ex1/lib/python3.10/site-packages/ex1
[1.026s] byte-compiling /home/student/Documents/formation_ros2/ros2_ws/src/install/ex1/lib/python3.10/site-packages/ex1/publisher_member_function.py to publisher_member_function.cpython-310.pyc
[1.026s] running install_data
[1.026s] running install_egg_info
[1.028s] removing '/home/student/Documents/formation_ros2/ros2_ws/src/install/ex1/lib/python3.10/site-packages/ex1-0.0.0-py3.10.egg-info' (and everything under it)
[1.028s] Copying ../build/ex1/ex1.egg-info to /home/student/Documents/formation_ros2/ros2_ws/src/install/ex1/lib/python3.10/site-packages/ex1-0.0.0-py3.10.egg-info
[1.029s] running install_scripts
[1.048s] Installing listener script to /home/student/Documents/formation_ros2/ros2_ws/src/install/ex1/lib/ex1
[1.049s] Installing talker script to /home/student/Documents/formation_ros2/ros2_ws/src/install/ex1/lib/ex1
[1.049s] writing list of installed files to '/home/student/Documents/formation_ros2/ros2_ws/src/build/ex1/install.log'
[1.068s] Invoked command in '/home/student/Documents/formation_ros2/ros2_ws/src/ex1' returned '0': PYTHONPATH=/home/student/Documents/formation_ros2/ros2_ws/src/build/ex1/prefix_override:/usr/lib/python3/dist-packages/colcon_core/task/python/colcon_distutils_commands:/home/student/Documents/formation_ros2/ros2_ws/src/install/ex1/lib/python3.10/site-packages:${PYTHONPATH} /usr/bin/python3 -W ignore:setup.py install is deprecated -W ignore:easy_install command is deprecated setup.py egg_info --egg-base ../build/ex1 build --build-base /home/student/Documents/formation_ros2/ros2_ws/src/build/ex1/build install --record /home/student/Documents/formation_ros2/ros2_ws/src/build/ex1/install.log --single-version-externally-managed install_data
