[0.692s] Invoking command in '/home/student/Documents/formation_ros2/ros2_ws/src/ex1': PYTHONPATH=/home/student/Documents/formation_ros2/ros2_ws/build/ex1/prefix_override:/usr/lib/python3/dist-packages/colcon_core/task/python/colcon_distutils_commands:/home/student/Documents/formation_ros2/ros2_ws/install/ex1/lib/python3.10/site-packages:${PYTHONPATH} /usr/bin/python3 -W ignore:setup.py install is deprecated -W ignore:easy_install command is deprecated setup.py egg_info --egg-base ../../build/ex1 build --build-base /home/student/Documents/formation_ros2/ros2_ws/build/ex1/build install --record /home/student/Documents/formation_ros2/ros2_ws/build/ex1/install.log --single-version-externally-managed install_data
[0.912s] running egg_info
[0.913s] creating ../../build/ex1/ex1.egg-info
[0.913s] writing ../../build/ex1/ex1.egg-info/PKG-INFO
[0.913s] writing dependency_links to ../../build/ex1/ex1.egg-info/dependency_links.txt
[0.913s] writing entry points to ../../build/ex1/ex1.egg-info/entry_points.txt
[0.914s] writing requirements to ../../build/ex1/ex1.egg-info/requires.txt
[0.914s] writing top-level names to ../../build/ex1/ex1.egg-info/top_level.txt
[0.914s] writing manifest file '../../build/ex1/ex1.egg-info/SOURCES.txt'
[0.915s] reading manifest file '../../build/ex1/ex1.egg-info/SOURCES.txt'
[0.915s] adding license file 'LICENSE'
[0.916s] writing manifest file '../../build/ex1/ex1.egg-info/SOURCES.txt'
[0.916s] running build
[0.916s] running build_py
[0.916s] creating /home/student/Documents/formation_ros2/ros2_ws/build/ex1/build
[0.916s] creating /home/student/Documents/formation_ros2/ros2_ws/build/ex1/build/lib
[0.916s] creating /home/student/Documents/formation_ros2/ros2_ws/build/ex1/build/lib/ex1
[0.916s] copying ex1/__init__.py -> /home/student/Documents/formation_ros2/ros2_ws/build/ex1/build/lib/ex1
[0.916s] copying ex1/publisher_member_function.py -> /home/student/Documents/formation_ros2/ros2_ws/build/ex1/build/lib/ex1
[0.916s] running install
[0.916s] running install_lib
[0.917s] creating /home/student/Documents/formation_ros2/ros2_ws/install/ex1/lib/python3.10/site-packages/ex1
[0.917s] copying /home/student/Documents/formation_ros2/ros2_ws/build/ex1/build/lib/ex1/__init__.py -> /home/student/Documents/formation_ros2/ros2_ws/install/ex1/lib/python3.10/site-packages/ex1
[0.917s] copying /home/student/Documents/formation_ros2/ros2_ws/build/ex1/build/lib/ex1/publisher_member_function.py -> /home/student/Documents/formation_ros2/ros2_ws/install/ex1/lib/python3.10/site-packages/ex1
[0.917s] byte-compiling /home/student/Documents/formation_ros2/ros2_ws/install/ex1/lib/python3.10/site-packages/ex1/__init__.py to __init__.cpython-310.pyc
[0.918s] byte-compiling /home/student/Documents/formation_ros2/ros2_ws/install/ex1/lib/python3.10/site-packages/ex1/publisher_member_function.py to publisher_member_function.cpython-310.pyc
[0.918s] running install_data
[0.918s] creating /home/student/Documents/formation_ros2/ros2_ws/install/ex1/share/ament_index
[0.918s] creating /home/student/Documents/formation_ros2/ros2_ws/install/ex1/share/ament_index/resource_index
[0.918s] creating /home/student/Documents/formation_ros2/ros2_ws/install/ex1/share/ament_index/resource_index/packages
[0.918s] copying resource/ex1 -> /home/student/Documents/formation_ros2/ros2_ws/install/ex1/share/ament_index/resource_index/packages
[0.919s] copying package.xml -> /home/student/Documents/formation_ros2/ros2_ws/install/ex1/share/ex1
[0.919s] running install_egg_info
[0.920s] Copying ../../build/ex1/ex1.egg-info to /home/student/Documents/formation_ros2/ros2_ws/install/ex1/lib/python3.10/site-packages/ex1-0.0.0-py3.10.egg-info
[0.921s] running install_scripts
[0.938s] Installing talker script to /home/student/Documents/formation_ros2/ros2_ws/install/ex1/lib/ex1
[0.939s] writing list of installed files to '/home/student/Documents/formation_ros2/ros2_ws/build/ex1/install.log'
[0.957s] Invoked command in '/home/student/Documents/formation_ros2/ros2_ws/src/ex1' returned '0': PYTHONPATH=/home/student/Documents/formation_ros2/ros2_ws/build/ex1/prefix_override:/usr/lib/python3/dist-packages/colcon_core/task/python/colcon_distutils_commands:/home/student/Documents/formation_ros2/ros2_ws/install/ex1/lib/python3.10/site-packages:${PYTHONPATH} /usr/bin/python3 -W ignore:setup.py install is deprecated -W ignore:easy_install command is deprecated setup.py egg_info --egg-base ../../build/ex1 build --build-base /home/student/Documents/formation_ros2/ros2_ws/build/ex1/build install --record /home/student/Documents/formation_ros2/ros2_ws/build/ex1/install.log --single-version-externally-managed install_data
