running egg_info
writing ../../build/ex1/ex1.egg-info/PKG-INFO
writing dependency_links to ../../build/ex1/ex1.egg-info/dependency_links.txt
writing entry points to ../../build/ex1/ex1.egg-info/entry_points.txt
writing requirements to ../../build/ex1/ex1.egg-info/requires.txt
writing top-level names to ../../build/ex1/ex1.egg-info/top_level.txt
reading manifest file '../../build/ex1/ex1.egg-info/SOURCES.txt'
adding license file 'LICENSE'
writing manifest file '../../build/ex1/ex1.egg-info/SOURCES.txt'
running build
running build_py
copying ex1/subscriber_member_function.py -> /home/student/Documents/formation_ros2/ros2_ws/build/ex1/build/lib/ex1
running install
running install_lib
copying /home/student/Documents/formation_ros2/ros2_ws/build/ex1/build/lib/ex1/subscriber_member_function.py -> /home/student/Documents/formation_ros2/ros2_ws/install/ex1/lib/python3.10/site-packages/ex1
byte-compiling /home/student/Documents/formation_ros2/ros2_ws/install/ex1/lib/python3.10/site-packages/ex1/subscriber_member_function.py to subscriber_member_function.cpython-310.pyc
running install_data
running install_egg_info
removing '/home/student/Documents/formation_ros2/ros2_ws/install/ex1/lib/python3.10/site-packages/ex1-0.0.0-py3.10.egg-info' (and everything under it)
Copying ../../build/ex1/ex1.egg-info to /home/student/Documents/formation_ros2/ros2_ws/install/ex1/lib/python3.10/site-packages/ex1-0.0.0-py3.10.egg-info
running install_scripts
Installing listener script to /home/student/Documents/formation_ros2/ros2_ws/install/ex1/lib/ex1
Installing talker script to /home/student/Documents/formation_ros2/ros2_ws/install/ex1/lib/ex1
writing list of installed files to '/home/student/Documents/formation_ros2/ros2_ws/build/ex1/install.log'
