[0.729s] Invoking command in '/home/student/Documents/formation_ros2/ros2_ws/src/ex1': PYTHONPATH=/home/student/Documents/formation_ros2/ros2_ws/src/build/ex1/prefix_override:/usr/lib/python3/dist-packages/colcon_core/task/python/colcon_distutils_commands:/home/student/Documents/formation_ros2/ros2_ws/src/install/ex1/lib/python3.10/site-packages:${PYTHONPATH} /usr/bin/python3 -W ignore:setup.py install is deprecated -W ignore:easy_install command is deprecated setup.py egg_info --egg-base ../build/ex1 build --build-base /home/student/Documents/formation_ros2/ros2_ws/src/build/ex1/build install --record /home/student/Documents/formation_ros2/ros2_ws/src/build/ex1/install.log --single-version-externally-managed install_data
[0.994s] running egg_info
[0.995s] creating ../build/ex1/ex1.egg-info
[0.995s] writing ../build/ex1/ex1.egg-info/PKG-INFO
[0.995s] writing dependency_links to ../build/ex1/ex1.egg-info/dependency_links.txt
[0.996s] writing entry points to ../build/ex1/ex1.egg-info/entry_points.txt
[0.996s] writing requirements to ../build/ex1/ex1.egg-info/requires.txt
[0.996s] writing top-level names to ../build/ex1/ex1.egg-info/top_level.txt
[0.996s] writing manifest file '../build/ex1/ex1.egg-info/SOURCES.txt'
[0.998s] reading manifest file '../build/ex1/ex1.egg-info/SOURCES.txt'
[0.998s] adding license file 'LICENSE'
[0.999s] writing manifest file '../build/ex1/ex1.egg-info/SOURCES.txt'
[0.999s] running build
[0.999s] running build_py
[0.999s] creating /home/student/Documents/formation_ros2/ros2_ws/src/build/ex1/build
[0.999s] creating /home/student/Documents/formation_ros2/ros2_ws/src/build/ex1/build/lib
[1.000s] creating /home/student/Documents/formation_ros2/ros2_ws/src/build/ex1/build/lib/ex1
[1.000s] copying ex1/__init__.py -> /home/student/Documents/formation_ros2/ros2_ws/src/build/ex1/build/lib/ex1
[1.000s] copying ex1/subscriber_member_function.py -> /home/student/Documents/formation_ros2/ros2_ws/src/build/ex1/build/lib/ex1
[1.000s] copying ex1/publisher_member_function.py -> /home/student/Documents/formation_ros2/ros2_ws/src/build/ex1/build/lib/ex1
[1.000s] running install
[1.000s] running install_lib
[1.001s] creating /home/student/Documents/formation_ros2/ros2_ws/src/install/ex1/lib/python3.10/site-packages/ex1
[1.001s] copying /home/student/Documents/formation_ros2/ros2_ws/src/build/ex1/build/lib/ex1/__init__.py -> /home/student/Documents/formation_ros2/ros2_ws/src/install/ex1/lib/python3.10/site-packages/ex1
[1.002s] copying /home/student/Documents/formation_ros2/ros2_ws/src/build/ex1/build/lib/ex1/subscriber_member_function.py -> /home/student/Documents/formation_ros2/ros2_ws/src/install/ex1/lib/python3.10/site-packages/ex1
[1.002s] copying /home/student/Documents/formation_ros2/ros2_ws/src/build/ex1/build/lib/ex1/publisher_member_function.py -> /home/student/Documents/formation_ros2/ros2_ws/src/install/ex1/lib/python3.10/site-packages/ex1
[1.002s] byte-compiling /home/student/Documents/formation_ros2/ros2_ws/src/install/ex1/lib/python3.10/site-packages/ex1/__init__.py to __init__.cpython-310.pyc
[1.002s] byte-compiling /home/student/Documents/formation_ros2/ros2_ws/src/install/ex1/lib/python3.10/site-packages/ex1/subscriber_member_function.py to subscriber_member_function.cpython-310.pyc
[1.003s] byte-compiling /home/student/Documents/formation_ros2/ros2_ws/src/install/ex1/lib/python3.10/site-packages/ex1/publisher_member_function.py to publisher_member_function.cpython-310.pyc
[1.003s] running install_data
[1.003s] creating /home/student/Documents/formation_ros2/ros2_ws/src/install/ex1/share/ament_index
[1.003s] creating /home/student/Documents/formation_ros2/ros2_ws/src/install/ex1/share/ament_index/resource_index
[1.003s] creating /home/student/Documents/formation_ros2/ros2_ws/src/install/ex1/share/ament_index/resource_index/packages
[1.004s] copying resource/ex1 -> /home/student/Documents/formation_ros2/ros2_ws/src/install/ex1/share/ament_index/resource_index/packages
[1.004s] copying package.xml -> /home/student/Documents/formation_ros2/ros2_ws/src/install/ex1/share/ex1
[1.004s] running install_egg_info
[1.005s] Copying ../build/ex1/ex1.egg-info to /home/student/Documents/formation_ros2/ros2_ws/src/install/ex1/lib/python3.10/site-packages/ex1-0.0.0-py3.10.egg-info
[1.006s] running install_scripts
[1.028s] Installing listener script to /home/student/Documents/formation_ros2/ros2_ws/src/install/ex1/lib/ex1
[1.028s] Installing talker script to /home/student/Documents/formation_ros2/ros2_ws/src/install/ex1/lib/ex1
[1.028s] writing list of installed files to '/home/student/Documents/formation_ros2/ros2_ws/src/build/ex1/install.log'
[1.052s] Invoked command in '/home/student/Documents/formation_ros2/ros2_ws/src/ex1' returned '0': PYTHONPATH=/home/student/Documents/formation_ros2/ros2_ws/src/build/ex1/prefix_override:/usr/lib/python3/dist-packages/colcon_core/task/python/colcon_distutils_commands:/home/student/Documents/formation_ros2/ros2_ws/src/install/ex1/lib/python3.10/site-packages:${PYTHONPATH} /usr/bin/python3 -W ignore:setup.py install is deprecated -W ignore:easy_install command is deprecated setup.py egg_info --egg-base ../build/ex1 build --build-base /home/student/Documents/formation_ros2/ros2_ws/src/build/ex1/build install --record /home/student/Documents/formation_ros2/ros2_ws/src/build/ex1/install.log --single-version-externally-managed install_data
