[0.287s] Invoking command in '/home/student/Documents/formation_ros2/ros2_ws/src/build/srv': CMAKE_PREFIX_PATH=${CMAKE_PREFIX_PATH}:/home/student/Documents/formation_ros2/ros2_ws/src/install/ex1:/home/student/turtlebot3_ws/install/turtlebot3_teleop:/home/student/turtlebot3_ws/install/turtlebot3_example:/opt/ros/humble /usr/bin/cmake --build /home/student/Documents/formation_ros2/ros2_ws/src/build/srv -- -j8 -l8
[0.314s] -- Found ament_cmake: 1.3.12 (/opt/ros/humble/share/ament_cmake/cmake)
[0.487s] -- Found ament_lint_auto: 0.12.14 (/opt/ros/humble/share/ament_lint_auto/cmake)
[0.566s] -- Added test 'lint_cmake' to check CMake code style
[0.567s] -- Added test 'xmllint' to check XML markup files
[0.568s] -- Configuring done
[0.571s] -- Generating done
[0.574s] -- Build files have been written to: /home/student/Documents/formation_ros2/ros2_ws/src/build/srv
[0.598s] Invoked command in '/home/student/Documents/formation_ros2/ros2_ws/src/build/srv' returned '0': CMAKE_PREFIX_PATH=${CMAKE_PREFIX_PATH}:/home/student/Documents/formation_ros2/ros2_ws/src/install/ex1:/home/student/turtlebot3_ws/install/turtlebot3_teleop:/home/student/turtlebot3_ws/install/turtlebot3_example:/opt/ros/humble /usr/bin/cmake --build /home/student/Documents/formation_ros2/ros2_ws/src/build/srv -- -j8 -l8
[0.609s] Invoking command in '/home/student/Documents/formation_ros2/ros2_ws/src/build/srv': CMAKE_PREFIX_PATH=${CMAKE_PREFIX_PATH}:/home/student/Documents/formation_ros2/ros2_ws/src/install/ex1:/home/student/turtlebot3_ws/install/turtlebot3_teleop:/home/student/turtlebot3_ws/install/turtlebot3_example:/opt/ros/humble /usr/bin/cmake --install /home/student/Documents/formation_ros2/ros2_ws/src/build/srv
[0.617s] -- Install configuration: ""
[0.617s] -- Installing: /home/student/Documents/formation_ros2/ros2_ws/src/install/srv/share/ament_index/resource_index/package_run_dependencies/srv
[0.617s] -- Installing: /home/student/Documents/formation_ros2/ros2_ws/src/install/srv/share/ament_index/resource_index/parent_prefix_path/srv
[0.618s] -- Installing: /home/student/Documents/formation_ros2/ros2_ws/src/install/srv/share/srv/environment/ament_prefix_path.sh
[0.618s] -- Installing: /home/student/Documents/formation_ros2/ros2_ws/src/install/srv/share/srv/environment/ament_prefix_path.dsv
[0.618s] -- Installing: /home/student/Documents/formation_ros2/ros2_ws/src/install/srv/share/srv/environment/path.sh
[0.618s] -- Installing: /home/student/Documents/formation_ros2/ros2_ws/src/install/srv/share/srv/environment/path.dsv
[0.619s] -- Installing: /home/student/Documents/formation_ros2/ros2_ws/src/install/srv/share/srv/local_setup.bash
[0.619s] -- Installing: /home/student/Documents/formation_ros2/ros2_ws/src/install/srv/share/srv/local_setup.sh
[0.619s] -- Installing: /home/student/Documents/formation_ros2/ros2_ws/src/install/srv/share/srv/local_setup.zsh
[0.619s] -- Installing: /home/student/Documents/formation_ros2/ros2_ws/src/install/srv/share/srv/local_setup.dsv
[0.619s] -- Installing: /home/student/Documents/formation_ros2/ros2_ws/src/install/srv/share/srv/package.dsv
[0.620s] -- Installing: /home/student/Documents/formation_ros2/ros2_ws/src/install/srv/share/ament_index/resource_index/packages/srv
[0.620s] -- Installing: /home/student/Documents/formation_ros2/ros2_ws/src/install/srv/share/srv/cmake/srvConfig.cmake
[0.620s] -- Installing: /home/student/Documents/formation_ros2/ros2_ws/src/install/srv/share/srv/cmake/srvConfig-version.cmake
[0.621s] -- Installing: /home/student/Documents/formation_ros2/ros2_ws/src/install/srv/share/srv/package.xml
[0.623s] Invoked command in '/home/student/Documents/formation_ros2/ros2_ws/src/build/srv' returned '0': CMAKE_PREFIX_PATH=${CMAKE_PREFIX_PATH}:/home/student/Documents/formation_ros2/ros2_ws/src/install/ex1:/home/student/turtlebot3_ws/install/turtlebot3_teleop:/home/student/turtlebot3_ws/install/turtlebot3_example:/opt/ros/humble /usr/bin/cmake --install /home/student/Documents/formation_ros2/ros2_ws/src/build/srv
