[  2%] Built target ex4__cpp
[ 12%] Built target ex4__rosidl_generator_c
[ 12%] Built target ament_cmake_python_copy_ex4
[ 23%] Built target ex4__rosidl_typesupport_introspection_c
[ 34%] Built target ex4__rosidl_typesupport_fastrtps_cpp
[ 53%] Built target ex4__rosidl_typesupport_introspection_cpp
[ 55%] Built target ex4__rosidl_typesupport_cpp
[ 65%] Built target ex4__rosidl_typesupport_fastrtps_c
[ 76%] Built target ex4__rosidl_typesupport_c
[ 76%] Built target ex4
[ 78%] Built target ex4__py
[ 87%] Built target ex4__rosidl_generator_py
[ 91%] Built target ex4__rosidl_typesupport_c__pyext
[100%] Built target ex4__rosidl_typesupport_fastrtps_c__pyext
[100%] Built target ex4__rosidl_typesupport_introspection_c__pyext
running egg_info
writing ex4.egg-info/PKG-INFO
writing dependency_links to ex4.egg-info/dependency_links.txt
writing top-level names to ex4.egg-info/top_level.txt
reading manifest file 'ex4.egg-info/SOURCES.txt'
writing manifest file 'ex4.egg-info/SOURCES.txt'
[100%] Built target ament_cmake_python_build_ex4_egg
-- Install configuration: ""
-- Up-to-date: /home/student/Documents/formation_ros2/ros2_ws/src/install/ex4/share/ament_index/resource_index/rosidl_interfaces/ex4
-- Up-to-date: /home/student/Documents/formation_ros2/ros2_ws/src/install/ex4/include/ex4/ex4
-- Up-to-date: /home/student/Documents/formation_ros2/ros2_ws/src/install/ex4/include/ex4/ex4/msg
-- Up-to-date: /home/student/Documents/formation_ros2/ros2_ws/src/install/ex4/include/ex4/ex4/msg/rosidl_generator_c__visibility_control.h
-- Up-to-date: /home/student/Documents/formation_ros2/ros2_ws/src/install/ex4/include/ex4/ex4/msg/sphere.h
-- Up-to-date: /home/student/Documents/formation_ros2/ros2_ws/src/install/ex4/include/ex4/ex4/msg/detail
-- Up-to-date: /home/student/Documents/formation_ros2/ros2_ws/src/install/ex4/include/ex4/ex4/msg/detail/num__type_support.h
-- Up-to-date: /home/student/Documents/formation_ros2/ros2_ws/src/install/ex4/include/ex4/ex4/msg/detail/num__struct.h
-- Up-to-date: /home/student/Documents/formation_ros2/ros2_ws/src/install/ex4/include/ex4/ex4/msg/detail/num__functions.c
-- Up-to-date: /home/student/Documents/formation_ros2/ros2_ws/src/install/ex4/include/ex4/ex4/msg/detail/sphere__functions.c
-- Up-to-date: /home/student/Documents/formation_ros2/ros2_ws/src/install/ex4/include/ex4/ex4/msg/detail/sphere__functions.h
-- Up-to-date: /home/student/Documents/formation_ros2/ros2_ws/src/install/ex4/include/ex4/ex4/msg/detail/num__functions.h
-- Up-to-date: /home/student/Documents/formation_ros2/ros2_ws/src/install/ex4/include/ex4/ex4/msg/detail/sphere__struct.h
-- Up-to-date: /home/student/Documents/formation_ros2/ros2_ws/src/install/ex4/include/ex4/ex4/msg/detail/sphere__type_support.h
-- Up-to-date: /home/student/Documents/formation_ros2/ros2_ws/src/install/ex4/include/ex4/ex4/msg/num.h
-- Up-to-date: /home/student/Documents/formation_ros2/ros2_ws/src/install/ex4/include/ex4/ex4/srv
-- Up-to-date: /home/student/Documents/formation_ros2/ros2_ws/src/install/ex4/include/ex4/ex4/srv/add_three_ints.h
-- Up-to-date: /home/student/Documents/formation_ros2/ros2_ws/src/install/ex4/include/ex4/ex4/srv/detail
-- Up-to-date: /home/student/Documents/formation_ros2/ros2_ws/src/install/ex4/include/ex4/ex4/srv/detail/add_three_ints__type_support.h
-- Up-to-date: /home/student/Documents/formation_ros2/ros2_ws/src/install/ex4/include/ex4/ex4/srv/detail/add_three_ints__functions.c
-- Up-to-date: /home/student/Documents/formation_ros2/ros2_ws/src/install/ex4/include/ex4/ex4/srv/detail/add_three_ints__functions.h
-- Up-to-date: /home/student/Documents/formation_ros2/ros2_ws/src/install/ex4/include/ex4/ex4/srv/detail/add_three_ints__struct.h
-- Up-to-date: /home/student/Documents/formation_ros2/ros2_ws/src/install/ex4/share/ex4/environment/library_path.sh
-- Up-to-date: /home/student/Documents/formation_ros2/ros2_ws/src/install/ex4/share/ex4/environment/library_path.dsv
-- Up-to-date: /home/student/Documents/formation_ros2/ros2_ws/src/install/ex4/lib/libex4__rosidl_generator_c.so
-- Up-to-date: /home/student/Documents/formation_ros2/ros2_ws/src/install/ex4/include/ex4/ex4
-- Up-to-date: /home/student/Documents/formation_ros2/ros2_ws/src/install/ex4/include/ex4/ex4/msg
-- Up-to-date: /home/student/Documents/formation_ros2/ros2_ws/src/install/ex4/include/ex4/ex4/msg/detail
-- Up-to-date: /home/student/Documents/formation_ros2/ros2_ws/src/install/ex4/include/ex4/ex4/msg/detail/num__rosidl_typesupport_fastrtps_c.h
-- Up-to-date: /home/student/Documents/formation_ros2/ros2_ws/src/install/ex4/include/ex4/ex4/msg/detail/sphere__rosidl_typesupport_fastrtps_c.h
-- Up-to-date: /home/student/Documents/formation_ros2/ros2_ws/src/install/ex4/include/ex4/ex4/msg/rosidl_typesupport_fastrtps_c__visibility_control.h
-- Up-to-date: /home/student/Documents/formation_ros2/ros2_ws/src/install/ex4/include/ex4/ex4/srv
-- Up-to-date: /home/student/Documents/formation_ros2/ros2_ws/src/install/ex4/include/ex4/ex4/srv/detail
-- Up-to-date: /home/student/Documents/formation_ros2/ros2_ws/src/install/ex4/include/ex4/ex4/srv/detail/add_three_ints__rosidl_typesupport_fastrtps_c.h
-- Up-to-date: /home/student/Documents/formation_ros2/ros2_ws/src/install/ex4/lib/libex4__rosidl_typesupport_fastrtps_c.so
-- Up-to-date: /home/student/Documents/formation_ros2/ros2_ws/src/install/ex4/include/ex4/ex4
-- Up-to-date: /home/student/Documents/formation_ros2/ros2_ws/src/install/ex4/include/ex4/ex4/msg
-- Up-to-date: /home/student/Documents/formation_ros2/ros2_ws/src/install/ex4/include/ex4/ex4/msg/sphere.hpp
-- Up-to-date: /home/student/Documents/formation_ros2/ros2_ws/src/install/ex4/include/ex4/ex4/msg/rosidl_generator_cpp__visibility_control.hpp
-- Up-to-date: /home/student/Documents/formation_ros2/ros2_ws/src/install/ex4/include/ex4/ex4/msg/detail
-- Up-to-date: /home/student/Documents/formation_ros2/ros2_ws/src/install/ex4/include/ex4/ex4/msg/detail/sphere__traits.hpp
-- Up-to-date: /home/student/Documents/formation_ros2/ros2_ws/src/install/ex4/include/ex4/ex4/msg/detail/num__struct.hpp
-- Up-to-date: /home/student/Documents/formation_ros2/ros2_ws/src/install/ex4/include/ex4/ex4/msg/detail/sphere__type_support.hpp
-- Up-to-date: /home/student/Documents/formation_ros2/ros2_ws/src/install/ex4/include/ex4/ex4/msg/detail/num__type_support.hpp
-- Up-to-date: /home/student/Documents/formation_ros2/ros2_ws/src/install/ex4/include/ex4/ex4/msg/detail/num__builder.hpp
-- Up-to-date: /home/student/Documents/formation_ros2/ros2_ws/src/install/ex4/include/ex4/ex4/msg/detail/num__traits.hpp
-- Up-to-date: /home/student/Documents/formation_ros2/ros2_ws/src/install/ex4/include/ex4/ex4/msg/detail/sphere__builder.hpp
-- Up-to-date: /home/student/Documents/formation_ros2/ros2_ws/src/install/ex4/include/ex4/ex4/msg/detail/sphere__struct.hpp
-- Up-to-date: /home/student/Documents/formation_ros2/ros2_ws/src/install/ex4/include/ex4/ex4/msg/num.hpp
-- Up-to-date: /home/student/Documents/formation_ros2/ros2_ws/src/install/ex4/include/ex4/ex4/srv
-- Up-to-date: /home/student/Documents/formation_ros2/ros2_ws/src/install/ex4/include/ex4/ex4/srv/add_three_ints.hpp
-- Up-to-date: /home/student/Documents/formation_ros2/ros2_ws/src/install/ex4/include/ex4/ex4/srv/detail
-- Up-to-date: /home/student/Documents/formation_ros2/ros2_ws/src/install/ex4/include/ex4/ex4/srv/detail/add_three_ints__struct.hpp
-- Up-to-date: /home/student/Documents/formation_ros2/ros2_ws/src/install/ex4/include/ex4/ex4/srv/detail/add_three_ints__builder.hpp
-- Up-to-date: /home/student/Documents/formation_ros2/ros2_ws/src/install/ex4/include/ex4/ex4/srv/detail/add_three_ints__traits.hpp
-- Up-to-date: /home/student/Documents/formation_ros2/ros2_ws/src/install/ex4/include/ex4/ex4/srv/detail/add_three_ints__type_support.hpp
-- Up-to-date: /home/student/Documents/formation_ros2/ros2_ws/src/install/ex4/include/ex4/ex4
-- Up-to-date: /home/student/Documents/formation_ros2/ros2_ws/src/install/ex4/include/ex4/ex4/msg
-- Up-to-date: /home/student/Documents/formation_ros2/ros2_ws/src/install/ex4/include/ex4/ex4/msg/detail
-- Up-to-date: /home/student/Documents/formation_ros2/ros2_ws/src/install/ex4/include/ex4/ex4/msg/detail/num__rosidl_typesupport_fastrtps_cpp.hpp
-- Up-to-date: /home/student/Documents/formation_ros2/ros2_ws/src/install/ex4/include/ex4/ex4/msg/detail/sphere__rosidl_typesupport_fastrtps_cpp.hpp
-- Up-to-date: /home/student/Documents/formation_ros2/ros2_ws/src/install/ex4/include/ex4/ex4/msg/detail/dds_fastrtps
-- Up-to-date: /home/student/Documents/formation_ros2/ros2_ws/src/install/ex4/include/ex4/ex4/msg/rosidl_typesupport_fastrtps_cpp__visibility_control.h
-- Up-to-date: /home/student/Documents/formation_ros2/ros2_ws/src/install/ex4/include/ex4/ex4/srv
-- Up-to-date: /home/student/Documents/formation_ros2/ros2_ws/src/install/ex4/include/ex4/ex4/srv/detail
-- Up-to-date: /home/student/Documents/formation_ros2/ros2_ws/src/install/ex4/include/ex4/ex4/srv/detail/add_three_ints__rosidl_typesupport_fastrtps_cpp.hpp
-- Up-to-date: /home/student/Documents/formation_ros2/ros2_ws/src/install/ex4/include/ex4/ex4/srv/detail/dds_fastrtps
-- Up-to-date: /home/student/Documents/formation_ros2/ros2_ws/src/install/ex4/lib/libex4__rosidl_typesupport_fastrtps_cpp.so
-- Up-to-date: /home/student/Documents/formation_ros2/ros2_ws/src/install/ex4/include/ex4/ex4
-- Up-to-date: /home/student/Documents/formation_ros2/ros2_ws/src/install/ex4/include/ex4/ex4/msg
-- Up-to-date: /home/student/Documents/formation_ros2/ros2_ws/src/install/ex4/include/ex4/ex4/msg/detail
-- Up-to-date: /home/student/Documents/formation_ros2/ros2_ws/src/install/ex4/include/ex4/ex4/msg/detail/sphere__type_support.c
-- Up-to-date: /home/student/Documents/formation_ros2/ros2_ws/src/install/ex4/include/ex4/ex4/msg/detail/num__rosidl_typesupport_introspection_c.h
-- Up-to-date: /home/student/Documents/formation_ros2/ros2_ws/src/install/ex4/include/ex4/ex4/msg/detail/sphere__rosidl_typesupport_introspection_c.h
-- Up-to-date: /home/student/Documents/formation_ros2/ros2_ws/src/install/ex4/include/ex4/ex4/msg/detail/num__type_support.c
-- Up-to-date: /home/student/Documents/formation_ros2/ros2_ws/src/install/ex4/include/ex4/ex4/msg/rosidl_typesupport_introspection_c__visibility_control.h
-- Up-to-date: /home/student/Documents/formation_ros2/ros2_ws/src/install/ex4/include/ex4/ex4/srv
-- Up-to-date: /home/student/Documents/formation_ros2/ros2_ws/src/install/ex4/include/ex4/ex4/srv/detail
-- Up-to-date: /home/student/Documents/formation_ros2/ros2_ws/src/install/ex4/include/ex4/ex4/srv/detail/add_three_ints__rosidl_typesupport_introspection_c.h
-- Up-to-date: /home/student/Documents/formation_ros2/ros2_ws/src/install/ex4/include/ex4/ex4/srv/detail/add_three_ints__type_support.c
-- Up-to-date: /home/student/Documents/formation_ros2/ros2_ws/src/install/ex4/lib/libex4__rosidl_typesupport_introspection_c.so
-- Up-to-date: /home/student/Documents/formation_ros2/ros2_ws/src/install/ex4/lib/libex4__rosidl_typesupport_c.so
-- Up-to-date: /home/student/Documents/formation_ros2/ros2_ws/src/install/ex4/include/ex4/ex4
-- Up-to-date: /home/student/Documents/formation_ros2/ros2_ws/src/install/ex4/include/ex4/ex4/msg
-- Up-to-date: /home/student/Documents/formation_ros2/ros2_ws/src/install/ex4/include/ex4/ex4/msg/detail
-- Up-to-date: /home/student/Documents/formation_ros2/ros2_ws/src/install/ex4/include/ex4/ex4/msg/detail/sphere__type_support.cpp
-- Up-to-date: /home/student/Documents/formation_ros2/ros2_ws/src/install/ex4/include/ex4/ex4/msg/detail/sphere__rosidl_typesupport_introspection_cpp.hpp
-- Up-to-date: /home/student/Documents/formation_ros2/ros2_ws/src/install/ex4/include/ex4/ex4/msg/detail/num__rosidl_typesupport_introspection_cpp.hpp
-- Up-to-date: /home/student/Documents/formation_ros2/ros2_ws/src/install/ex4/include/ex4/ex4/msg/detail/num__type_support.cpp
-- Up-to-date: /home/student/Documents/formation_ros2/ros2_ws/src/install/ex4/include/ex4/ex4/srv
-- Up-to-date: /home/student/Documents/formation_ros2/ros2_ws/src/install/ex4/include/ex4/ex4/srv/detail
-- Up-to-date: /home/student/Documents/formation_ros2/ros2_ws/src/install/ex4/include/ex4/ex4/srv/detail/add_three_ints__rosidl_typesupport_introspection_cpp.hpp
-- Up-to-date: /home/student/Documents/formation_ros2/ros2_ws/src/install/ex4/include/ex4/ex4/srv/detail/add_three_ints__type_support.cpp
-- Up-to-date: /home/student/Documents/formation_ros2/ros2_ws/src/install/ex4/lib/libex4__rosidl_typesupport_introspection_cpp.so
-- Up-to-date: /home/student/Documents/formation_ros2/ros2_ws/src/install/ex4/lib/libex4__rosidl_typesupport_cpp.so
-- Up-to-date: /home/student/Documents/formation_ros2/ros2_ws/src/install/ex4/share/ex4/environment/pythonpath.sh
-- Up-to-date: /home/student/Documents/formation_ros2/ros2_ws/src/install/ex4/share/ex4/environment/pythonpath.dsv
-- Up-to-date: /home/student/Documents/formation_ros2/ros2_ws/src/install/ex4/local/lib/python3.10/dist-packages/ex4-0.0.0-py3.10.egg-info
-- Installing: /home/student/Documents/formation_ros2/ros2_ws/src/install/ex4/local/lib/python3.10/dist-packages/ex4-0.0.0-py3.10.egg-info/top_level.txt
-- Installing: /home/student/Documents/formation_ros2/ros2_ws/src/install/ex4/local/lib/python3.10/dist-packages/ex4-0.0.0-py3.10.egg-info/PKG-INFO
-- Installing: /home/student/Documents/formation_ros2/ros2_ws/src/install/ex4/local/lib/python3.10/dist-packages/ex4-0.0.0-py3.10.egg-info/dependency_links.txt
-- Installing: /home/student/Documents/formation_ros2/ros2_ws/src/install/ex4/local/lib/python3.10/dist-packages/ex4-0.0.0-py3.10.egg-info/SOURCES.txt
-- Up-to-date: /home/student/Documents/formation_ros2/ros2_ws/src/install/ex4/local/lib/python3.10/dist-packages/ex4
-- Up-to-date: /home/student/Documents/formation_ros2/ros2_ws/src/install/ex4/local/lib/python3.10/dist-packages/ex4/_ex4_s.ep.rosidl_typesupport_fastrtps_c.c
-- Up-to-date: /home/student/Documents/formation_ros2/ros2_ws/src/install/ex4/local/lib/python3.10/dist-packages/ex4/__init__.py
-- Up-to-date: /home/student/Documents/formation_ros2/ros2_ws/src/install/ex4/local/lib/python3.10/dist-packages/ex4/msg
-- Up-to-date: /home/student/Documents/formation_ros2/ros2_ws/src/install/ex4/local/lib/python3.10/dist-packages/ex4/msg/_sphere_s.c
-- Up-to-date: /home/student/Documents/formation_ros2/ros2_ws/src/install/ex4/local/lib/python3.10/dist-packages/ex4/msg/__init__.py
-- Up-to-date: /home/student/Documents/formation_ros2/ros2_ws/src/install/ex4/local/lib/python3.10/dist-packages/ex4/msg/_num_s.c
-- Up-to-date: /home/student/Documents/formation_ros2/ros2_ws/src/install/ex4/local/lib/python3.10/dist-packages/ex4/msg/_num.py
-- Up-to-date: /home/student/Documents/formation_ros2/ros2_ws/src/install/ex4/local/lib/python3.10/dist-packages/ex4/msg/_sphere.py
-- Up-to-date: /home/student/Documents/formation_ros2/ros2_ws/src/install/ex4/local/lib/python3.10/dist-packages/ex4/ex4_s__rosidl_typesupport_fastrtps_c.cpython-310-x86_64-linux-gnu.so
-- Up-to-date: /home/student/Documents/formation_ros2/ros2_ws/src/install/ex4/local/lib/python3.10/dist-packages/ex4/_ex4_s.ep.rosidl_typesupport_introspection_c.c
-- Up-to-date: /home/student/Documents/formation_ros2/ros2_ws/src/install/ex4/local/lib/python3.10/dist-packages/ex4/ex4_s__rosidl_typesupport_introspection_c.cpython-310-x86_64-linux-gnu.so
-- Up-to-date: /home/student/Documents/formation_ros2/ros2_ws/src/install/ex4/local/lib/python3.10/dist-packages/ex4/libex4__rosidl_generator_py.so
-- Up-to-date: /home/student/Documents/formation_ros2/ros2_ws/src/install/ex4/local/lib/python3.10/dist-packages/ex4/srv
-- Up-to-date: /home/student/Documents/formation_ros2/ros2_ws/src/install/ex4/local/lib/python3.10/dist-packages/ex4/srv/__init__.py
-- Up-to-date: /home/student/Documents/formation_ros2/ros2_ws/src/install/ex4/local/lib/python3.10/dist-packages/ex4/srv/_add_three_ints.py
-- Up-to-date: /home/student/Documents/formation_ros2/ros2_ws/src/install/ex4/local/lib/python3.10/dist-packages/ex4/srv/_add_three_ints_s.c
-- Up-to-date: /home/student/Documents/formation_ros2/ros2_ws/src/install/ex4/local/lib/python3.10/dist-packages/ex4/_ex4_s.ep.rosidl_typesupport_c.c
-- Up-to-date: /home/student/Documents/formation_ros2/ros2_ws/src/install/ex4/local/lib/python3.10/dist-packages/ex4/ex4_s__rosidl_typesupport_c.cpython-310-x86_64-linux-gnu.so
Listing '/home/student/Documents/formation_ros2/ros2_ws/src/install/ex4/local/lib/python3.10/dist-packages/ex4'...
Listing '/home/student/Documents/formation_ros2/ros2_ws/src/install/ex4/local/lib/python3.10/dist-packages/ex4/msg'...
Listing '/home/student/Documents/formation_ros2/ros2_ws/src/install/ex4/local/lib/python3.10/dist-packages/ex4/srv'...
-- Up-to-date: /home/student/Documents/formation_ros2/ros2_ws/src/install/ex4/local/lib/python3.10/dist-packages/ex4/ex4_s__rosidl_typesupport_fastrtps_c.cpython-310-x86_64-linux-gnu.so
-- Up-to-date: /home/student/Documents/formation_ros2/ros2_ws/src/install/ex4/local/lib/python3.10/dist-packages/ex4/ex4_s__rosidl_typesupport_introspection_c.cpython-310-x86_64-linux-gnu.so
-- Up-to-date: /home/student/Documents/formation_ros2/ros2_ws/src/install/ex4/local/lib/python3.10/dist-packages/ex4/ex4_s__rosidl_typesupport_c.cpython-310-x86_64-linux-gnu.so
-- Up-to-date: /home/student/Documents/formation_ros2/ros2_ws/src/install/ex4/lib/libex4__rosidl_generator_py.so
-- Up-to-date: /home/student/Documents/formation_ros2/ros2_ws/src/install/ex4/share/ex4/msg/Num.idl
-- Up-to-date: /home/student/Documents/formation_ros2/ros2_ws/src/install/ex4/share/ex4/msg/Sphere.idl
-- Up-to-date: /home/student/Documents/formation_ros2/ros2_ws/src/install/ex4/share/ex4/srv/AddThreeInts.idl
-- Up-to-date: /home/student/Documents/formation_ros2/ros2_ws/src/install/ex4/share/ex4/msg/Num.msg
-- Up-to-date: /home/student/Documents/formation_ros2/ros2_ws/src/install/ex4/share/ex4/msg/Sphere.msg
-- Up-to-date: /home/student/Documents/formation_ros2/ros2_ws/src/install/ex4/share/ex4/srv/AddThreeInts.srv
-- Up-to-date: /home/student/Documents/formation_ros2/ros2_ws/src/install/ex4/share/ex4/srv/AddThreeInts_Request.msg
-- Up-to-date: /home/student/Documents/formation_ros2/ros2_ws/src/install/ex4/share/ex4/srv/AddThreeInts_Response.msg
-- Up-to-date: /home/student/Documents/formation_ros2/ros2_ws/src/install/ex4/share/ament_index/resource_index/package_run_dependencies/ex4
-- Up-to-date: /home/student/Documents/formation_ros2/ros2_ws/src/install/ex4/share/ament_index/resource_index/parent_prefix_path/ex4
-- Up-to-date: /home/student/Documents/formation_ros2/ros2_ws/src/install/ex4/share/ex4/environment/ament_prefix_path.sh
-- Up-to-date: /home/student/Documents/formation_ros2/ros2_ws/src/install/ex4/share/ex4/environment/ament_prefix_path.dsv
-- Up-to-date: /home/student/Documents/formation_ros2/ros2_ws/src/install/ex4/share/ex4/environment/path.sh
-- Up-to-date: /home/student/Documents/formation_ros2/ros2_ws/src/install/ex4/share/ex4/environment/path.dsv
-- Up-to-date: /home/student/Documents/formation_ros2/ros2_ws/src/install/ex4/share/ex4/local_setup.bash
-- Up-to-date: /home/student/Documents/formation_ros2/ros2_ws/src/install/ex4/share/ex4/local_setup.sh
-- Up-to-date: /home/student/Documents/formation_ros2/ros2_ws/src/install/ex4/share/ex4/local_setup.zsh
-- Up-to-date: /home/student/Documents/formation_ros2/ros2_ws/src/install/ex4/share/ex4/local_setup.dsv
-- Installing: /home/student/Documents/formation_ros2/ros2_ws/src/install/ex4/share/ex4/package.dsv
-- Up-to-date: /home/student/Documents/formation_ros2/ros2_ws/src/install/ex4/share/ament_index/resource_index/packages/ex4
-- Up-to-date: /home/student/Documents/formation_ros2/ros2_ws/src/install/ex4/share/ex4/cmake/export_ex4__rosidl_generator_cExport.cmake
-- Up-to-date: /home/student/Documents/formation_ros2/ros2_ws/src/install/ex4/share/ex4/cmake/export_ex4__rosidl_generator_cExport-noconfig.cmake
-- Up-to-date: /home/student/Documents/formation_ros2/ros2_ws/src/install/ex4/share/ex4/cmake/export_ex4__rosidl_typesupport_fastrtps_cExport.cmake
-- Up-to-date: /home/student/Documents/formation_ros2/ros2_ws/src/install/ex4/share/ex4/cmake/export_ex4__rosidl_typesupport_fastrtps_cExport-noconfig.cmake
-- Up-to-date: /home/student/Documents/formation_ros2/ros2_ws/src/install/ex4/share/ex4/cmake/export_ex4__rosidl_generator_cppExport.cmake
-- Up-to-date: /home/student/Documents/formation_ros2/ros2_ws/src/install/ex4/share/ex4/cmake/export_ex4__rosidl_typesupport_fastrtps_cppExport.cmake
-- Up-to-date: /home/student/Documents/formation_ros2/ros2_ws/src/install/ex4/share/ex4/cmake/export_ex4__rosidl_typesupport_fastrtps_cppExport-noconfig.cmake
-- Up-to-date: /home/student/Documents/formation_ros2/ros2_ws/src/install/ex4/share/ex4/cmake/ex4__rosidl_typesupport_introspection_cExport.cmake
-- Up-to-date: /home/student/Documents/formation_ros2/ros2_ws/src/install/ex4/share/ex4/cmake/ex4__rosidl_typesupport_introspection_cExport-noconfig.cmake
-- Up-to-date: /home/student/Documents/formation_ros2/ros2_ws/src/install/ex4/share/ex4/cmake/ex4__rosidl_typesupport_cExport.cmake
-- Up-to-date: /home/student/Documents/formation_ros2/ros2_ws/src/install/ex4/share/ex4/cmake/ex4__rosidl_typesupport_cExport-noconfig.cmake
-- Up-to-date: /home/student/Documents/formation_ros2/ros2_ws/src/install/ex4/share/ex4/cmake/ex4__rosidl_typesupport_introspection_cppExport.cmake
-- Up-to-date: /home/student/Documents/formation_ros2/ros2_ws/src/install/ex4/share/ex4/cmake/ex4__rosidl_typesupport_introspection_cppExport-noconfig.cmake
-- Up-to-date: /home/student/Documents/formation_ros2/ros2_ws/src/install/ex4/share/ex4/cmake/ex4__rosidl_typesupport_cppExport.cmake
-- Up-to-date: /home/student/Documents/formation_ros2/ros2_ws/src/install/ex4/share/ex4/cmake/ex4__rosidl_typesupport_cppExport-noconfig.cmake
-- Up-to-date: /home/student/Documents/formation_ros2/ros2_ws/src/install/ex4/share/ex4/cmake/export_ex4__rosidl_generator_pyExport.cmake
-- Up-to-date: /home/student/Documents/formation_ros2/ros2_ws/src/install/ex4/share/ex4/cmake/export_ex4__rosidl_generator_pyExport-noconfig.cmake
-- Up-to-date: /home/student/Documents/formation_ros2/ros2_ws/src/install/ex4/share/ex4/cmake/rosidl_cmake-extras.cmake
-- Up-to-date: /home/student/Documents/formation_ros2/ros2_ws/src/install/ex4/share/ex4/cmake/ament_cmake_export_dependencies-extras.cmake
-- Up-to-date: /home/student/Documents/formation_ros2/ros2_ws/src/install/ex4/share/ex4/cmake/ament_cmake_export_include_directories-extras.cmake
-- Up-to-date: /home/student/Documents/formation_ros2/ros2_ws/src/install/ex4/share/ex4/cmake/ament_cmake_export_libraries-extras.cmake
-- Up-to-date: /home/student/Documents/formation_ros2/ros2_ws/src/install/ex4/share/ex4/cmake/ament_cmake_export_targets-extras.cmake
-- Up-to-date: /home/student/Documents/formation_ros2/ros2_ws/src/install/ex4/share/ex4/cmake/rosidl_cmake_export_typesupport_targets-extras.cmake
-- Up-to-date: /home/student/Documents/formation_ros2/ros2_ws/src/install/ex4/share/ex4/cmake/rosidl_cmake_export_typesupport_libraries-extras.cmake
-- Up-to-date: /home/student/Documents/formation_ros2/ros2_ws/src/install/ex4/share/ex4/cmake/ex4Config.cmake
-- Up-to-date: /home/student/Documents/formation_ros2/ros2_ws/src/install/ex4/share/ex4/cmake/ex4Config-version.cmake
-- Up-to-date: /home/student/Documents/formation_ros2/ros2_ws/src/install/ex4/share/ex4/package.xml
